{"numTotalTestSuites":18,"numPassedTestSuites":18,"numFailedTestSuites":0,"numPendingTestSuites":0,"numTotalTests":44,"numPassedTests":44,"numFailedTests":0,"numPendingTests":0,"numTodoTests":0,"snapshot":{"added":0,"failure":false,"filesAdded":0,"filesRemoved":0,"filesRemovedList":[],"filesUnmatched":0,"filesUpdated":0,"matched":0,"total":0,"unchecked":0,"uncheckedKeysByFile":[],"unmatched":0,"updated":0,"didUpdate":false},"startTime":1729721327142,"success":true,"testResults":[{"assertionResults":[{"ancestorTitles":["BusFactorMetric Tests"],"fullName":"BusFactorMetric Tests should calculate total commits correctly","status":"passed","title":"should calculate total commits correctly","duration":6.564799999999991,"failureMessages":[],"meta":{}},{"ancestorTitles":["BusFactorMetric Tests"],"fullName":"BusFactorMetric Tests should calculate HHI correctly","status":"passed","title":"should calculate HHI correctly","duration":2.8531000000000404,"failureMessages":[],"meta":{}},{"ancestorTitles":["BusFactorMetric Tests"],"fullName":"BusFactorMetric Tests should calculate bus factor correctly","status":"passed","title":"should calculate bus factor correctly","duration":50.0684,"failureMessages":[],"meta":{}},{"ancestorTitles":["BusFactorMetric Tests"],"fullName":"BusFactorMetric Tests should handle edge case of no commits","status":"passed","title":"should handle edge case of no commits","duration":46.3293000000001,"failureMessages":[],"meta":{}},{"ancestorTitles":["BusFactorMetric Tests"],"fullName":"BusFactorMetric Tests should calculate latency","status":"passed","title":"should calculate latency","duration":45.10699999999997,"failureMessages":[],"meta":{}}],"startTime":1729721327888,"endTime":1729721328040.107,"status":"passed","message":"","name":"C:/Users/parth/Desktop/senior purdue/ECE 461/ECE-46100-Phase-2/tests/phase-1/BusFactorMetric.test.ts"},{"assertionResults":[{"ancestorTitles":["CLI"],"fullName":"CLI should log and read from file successfully","status":"passed","title":"should log and read from file successfully","duration":63.77169999999978,"failureMessages":[],"meta":{}},{"ancestorTitles":["CLI"],"fullName":"CLI should handle file read error gracefully","status":"passed","title":"should handle file read error gracefully","duration":12.983400000000074,"failureMessages":[],"meta":{}},{"ancestorTitles":["CLI"],"fullName":"CLI should log messages when ranking modules","status":"passed","title":"should log messages when ranking modules","duration":24.305799999999635,"failureMessages":[],"meta":{}}],"startTime":1729721329352,"endTime":1729721329455.306,"status":"passed","message":"","name":"C:/Users/parth/Desktop/senior purdue/ECE 461/ECE-46100-Phase-2/tests/phase-1/CLI.test.ts"},{"assertionResults":[{"ancestorTitles":["CorrectnessMetric"],"fullName":"CorrectnessMetric should clone the repository","status":"passed","title":"should clone the repository","duration":62.24640000000022,"failureMessages":[],"meta":{}},{"ancestorTitles":["CorrectnessMetric"],"fullName":"CorrectnessMetric should get the latest commit","status":"passed","title":"should get the latest commit","duration":12.324699999999893,"failureMessages":[],"meta":{}},{"ancestorTitles":["CorrectnessMetric"],"fullName":"CorrectnessMetric should get the commit 20 commits ago","status":"passed","title":"should get the commit 20 commits ago","duration":9.170299999999997,"failureMessages":[],"meta":{}},{"ancestorTitles":["CorrectnessMetric"],"fullName":"CorrectnessMetric should checkout a specific commit","status":"passed","title":"should checkout a specific commit","duration":12.46609999999987,"failureMessages":[],"meta":{}},{"ancestorTitles":["CorrectnessMetric"],"fullName":"CorrectnessMetric should calculate the correctness score","status":"passed","title":"should calculate the correctness score","duration":41.702999999999975,"failureMessages":[],"meta":{}},{"ancestorTitles":["CorrectnessMetric"],"fullName":"CorrectnessMetric should calculate latency and score","status":"passed","title":"should calculate latency and score","duration":26.066600000000108,"failureMessages":[],"meta":{}},{"ancestorTitles":["CorrectnessMetric"],"fullName":"CorrectnessMetric should analyze and return 0","status":"passed","title":"should analyze and return 0","duration":5.3677000000000135,"failureMessages":[],"meta":{}}],"startTime":1729721328433,"endTime":1729721328604.3677,"status":"passed","message":"","name":"C:/Users/parth/Desktop/senior purdue/ECE 461/ECE-46100-Phase-2/tests/phase-1/CorrectnessMetric.test.ts"},{"assertionResults":[{"ancestorTitles":["GitHubAPI Tests"],"fullName":"GitHubAPI Tests fetching data successfully","status":"passed","title":"fetching data successfully","duration":16.530700000000024,"failureMessages":[],"meta":{}},{"ancestorTitles":["GitHubAPI Tests"],"fullName":"GitHubAPI Tests handles errors when fetching data","status":"passed","title":"handles errors when fetching data","duration":3.50529999999992,"failureMessages":[],"meta":{}},{"ancestorTitles":["GitHubAPI Tests"],"fullName":"GitHubAPI Tests prints the correct data","status":"passed","title":"prints the correct data","duration":5.504099999999994,"failureMessages":[],"meta":{}},{"ancestorTitles":["GitHubAPI Tests"],"fullName":"GitHubAPI Tests prints the incorrect data","status":"passed","title":"prints the incorrect data","duration":28.59280000000001,"failureMessages":[],"meta":{}}],"startTime":1729721327796,"endTime":1729721327850.5928,"status":"passed","message":"","name":"C:/Users/parth/Desktop/senior purdue/ECE 461/ECE-46100-Phase-2/tests/phase-1/GitHubAPI.test.ts"},{"assertionResults":[{"ancestorTitles":["BusFactorMetric Tests"],"fullName":"BusFactorMetric Tests should calculate latency and the license","status":"passed","title":"should calculate latency and the license","duration":74.49879999999996,"failureMessages":[],"meta":{}},{"ancestorTitles":["BusFactorMetric Tests"],"fullName":"BusFactorMetric Tests should calculate latency and the license (partial)","status":"passed","title":"should calculate latency and the license (partial)","duration":21.771000000000072,"failureMessages":[],"meta":{}},{"ancestorTitles":["BusFactorMetric Tests"],"fullName":"BusFactorMetric Tests should calculate latency and the license from github (not)","status":"passed","title":"should calculate latency and the license from github (not)","duration":30.27570000000003,"failureMessages":[],"meta":{}},{"ancestorTitles":["BusFactorMetric Tests"],"fullName":"BusFactorMetric Tests should calculate latency and the license from npm ","status":"passed","title":"should calculate latency and the license from npm ","duration":18.78800000000001,"failureMessages":[],"meta":{}}],"startTime":1729721327921,"endTime":1729721328067.788,"status":"passed","message":"","name":"C:/Users/parth/Desktop/senior purdue/ECE 461/ECE-46100-Phase-2/tests/phase-1/LicenseMetric.test.ts"},{"assertionResults":[{"ancestorTitles":["NetScore Tests"],"fullName":"NetScore Tests should calcualate the net score","status":"passed","title":"should calcualate the net score","duration":304.18090000000007,"failureMessages":[],"meta":{}},{"ancestorTitles":["NetScore Tests"],"fullName":"NetScore Tests return value of net score","status":"passed","title":"return value of net score","duration":127.4849999999999,"failureMessages":[],"meta":{}},{"ancestorTitles":["NetScore Tests"],"fullName":"NetScore Tests should calcualate the net score and latency","status":"passed","title":"should calcualate the net score and latency","duration":226.1605999999997,"failureMessages":[],"meta":{}}],"startTime":1729721328839,"endTime":1729721329499.1606,"status":"passed","message":"","name":"C:/Users/parth/Desktop/senior purdue/ECE 461/ECE-46100-Phase-2/tests/phase-1/NetScore.test.ts"},{"assertionResults":[{"ancestorTitles":["NpmAPI Tests"],"fullName":"NpmAPI Tests fetches data successfully from NPM","status":"passed","title":"fetches data successfully from NPM","duration":16.837100000000078,"failureMessages":[],"meta":{}},{"ancestorTitles":["NpmAPI Tests"],"fullName":"NpmAPI Tests fetches data successfully from NPM adding https:","status":"passed","title":"fetches data successfully from NPM adding https:","duration":5.900800000000004,"failureMessages":[],"meta":{}},{"ancestorTitles":["NpmAPI Tests"],"fullName":"NpmAPI Tests fetches data unsuccessfully from NPM","status":"passed","title":"fetches data unsuccessfully from NPM","duration":28.07140000000004,"failureMessages":[],"meta":{}},{"ancestorTitles":["NpmAPI Tests"],"fullName":"NpmAPI Tests prints the correct data","status":"passed","title":"prints the correct data","duration":5.069899999999961,"failureMessages":[],"meta":{}},{"ancestorTitles":["NpmAPI Tests"],"fullName":"NpmAPI Tests prints the incorrect data","status":"passed","title":"prints the incorrect data","duration":3.255800000000022,"failureMessages":[],"meta":{}}],"startTime":1729721327798,"endTime":1729721327857.2559,"status":"passed","message":"","name":"C:/Users/parth/Desktop/senior purdue/ECE 461/ECE-46100-Phase-2/tests/phase-1/NPMAPI.test.ts"},{"assertionResults":[{"ancestorTitles":["RampUpMetric"],"fullName":"RampUpMetric should calculate the README description score","status":"passed","title":"should calculate the README description score","duration":4.405799999999999,"failureMessages":[],"meta":{}},{"ancestorTitles":["RampUpMetric"],"fullName":"RampUpMetric should calculate the forks and stars percentage score","status":"passed","title":"should calculate the forks and stars percentage score","duration":1.6017000000000507,"failureMessages":[],"meta":{}},{"ancestorTitles":["RampUpMetric"],"fullName":"RampUpMetric should calculate the repository size proportion score","status":"passed","title":"should calculate the repository size proportion score","duration":3.7391999999999825,"failureMessages":[],"meta":{}},{"ancestorTitles":["RampUpMetric"],"fullName":"RampUpMetric should calculate the repository size proportion score","status":"passed","title":"should calculate the repository size proportion score","duration":41.85120000000006,"failureMessages":[],"meta":{}},{"ancestorTitles":["RampUpMetric"],"fullName":"RampUpMetric should calculate the contributors score","status":"passed","title":"should calculate the contributors score","duration":2.7977999999999383,"failureMessages":[],"meta":{}},{"ancestorTitles":["RampUpMetric"],"fullName":"RampUpMetric should calculate the total RampUp score","status":"passed","title":"should calculate the total RampUp score","duration":6.705799999999954,"failureMessages":[],"meta":{}},{"ancestorTitles":["RampUpMetric"],"fullName":"RampUpMetric should calculate latency and score","status":"passed","title":"should calculate latency and score","duration":17.527400000000057,"failureMessages":[],"meta":{}},{"ancestorTitles":["RampUpMetric"],"fullName":"RampUpMetric should calculate latency and score","status":"passed","title":"should calculate latency and score","duration":7.02559999999994,"failureMessages":[],"meta":{}},{"ancestorTitles":["RampUpMetric"],"fullName":"RampUpMetric should calculate latency and score","status":"passed","title":"should calculate latency and score","duration":53.358600000000024,"failureMessages":[],"meta":{}}],"startTime":1729721327797,"endTime":1729721327936.3586,"status":"passed","message":"","name":"C:/Users/parth/Desktop/senior purdue/ECE 461/ECE-46100-Phase-2/tests/phase-1/RampUpMetric.test.ts"},{"assertionResults":[{"ancestorTitles":["Resposiveness Tests"],"fullName":"Resposiveness Tests should calcualate the score of 0.25","status":"passed","title":"should calcualate the score of 0.25","duration":7.004200000000083,"failureMessages":[],"meta":{}},{"ancestorTitles":["Resposiveness Tests"],"fullName":"Resposiveness Tests should calculate the score of 1 ","status":"passed","title":"should calculate the score of 1 ","duration":8.287699999999973,"failureMessages":[],"meta":{}},{"ancestorTitles":["Resposiveness Tests"],"fullName":"Resposiveness Tests should calculate the score by an equation","status":"passed","title":"should calculate the score by an equation","duration":26.66790000000003,"failureMessages":[],"meta":{}},{"ancestorTitles":["Resposiveness Tests"],"fullName":"Resposiveness Tests should calculate latency and the score ","status":"passed","title":"should calculate latency and the score ","duration":48.52749999999992,"failureMessages":[],"meta":{}}],"startTime":1729721327888,"endTime":1729721327979.5276,"status":"passed","message":"","name":"C:/Users/parth/Desktop/senior purdue/ECE 461/ECE-46100-Phase-2/tests/phase-1/ResponsivenessMetric.test.ts"}]}
[34m % [39m[2mCoverage report from [22m[33mv8[39m
-------------------|---------|----------|---------|---------|-------------------
File               | % Stmts | % Branch | % Funcs | % Lines | Uncovered Line #s 
-------------------|---------|----------|---------|---------|-------------------
All files          |   80.34 |    87.57 |   83.11 |   80.34 |                   
 api               |       0 |        0 |       0 |       0 |                   
  rest_api.ts      |       0 |        0 |       0 |       0 | 1                 
 phase-1           |   80.41 |    88.06 |   84.21 |   80.41 |                   
  API.ts           |     100 |      100 |     100 |     100 |                   
  ...ctorMetric.ts |     100 |      100 |     100 |     100 |                   
  CLI.ts           |    28.4 |    63.63 |   28.57 |    28.4 | ...07-220,223-235 
  ...rInterface.ts |       0 |        0 |       0 |       0 | 1-6               
  ...nessMetric.ts |   77.21 |    95.23 |      80 |   77.21 | ...24,251-252,302 
  GitHubAPI.ts     |   98.42 |     90.9 |     100 |   98.42 | 223-225           
  GitHubData.ts    |     100 |      100 |     100 |     100 |                   
  ...eInterface.ts |       0 |        0 |       0 |       0 | 1-7               
  LicenseMetric.ts |     100 |    81.81 |     100 |     100 | 106,115           
  Metrics.ts       |    62.5 |      100 |      50 |    62.5 | 19-22,26-27       
  NPMData.ts       |     100 |      100 |     100 |     100 |                   
  NetScore.ts      |     100 |      100 |     100 |     100 |                   
  NpmAPI.ts        |     100 |      100 |     100 |     100 |                   
  RampUpMetric.ts  |   98.92 |    82.75 |     100 |   98.92 | 65                
  ...nessMetric.ts |     100 |    86.66 |     100 |     100 | 18,27             
  index.ts         |       0 |        0 |       0 |       0 | 1-36              
  logger.ts        |   93.61 |    83.33 |     100 |   93.61 | 26-27,53          
-------------------|---------|----------|---------|---------|-------------------
