{"numTotalTestSuites":4,"numPassedTestSuites":4,"numFailedTestSuites":0,"numPendingTestSuites":0,"numTotalTests":8,"numPassedTests":8,"numFailedTests":0,"numPendingTests":0,"numTodoTests":0,"snapshot":{"added":0,"failure":false,"filesAdded":0,"filesRemoved":0,"filesRemovedList":[],"filesUnmatched":0,"filesUpdated":0,"matched":0,"total":0,"unchecked":0,"uncheckedKeysByFile":[],"unmatched":0,"updated":0,"didUpdate":false},"startTime":1726987624778,"success":true,"testResults":[{"assertionResults":[{"ancestorTitles":["GitHubAPI Tests"],"fullName":"GitHubAPI Tests fetching data successfully","status":"passed","title":"fetching data successfully","duration":6.685899999999947,"failureMessages":[],"meta":{}},{"ancestorTitles":["GitHubAPI Tests"],"fullName":"GitHubAPI Tests handles errors when fetching data","status":"passed","title":"handles errors when fetching data","duration":2.465000000000032,"failureMessages":[],"meta":{}},{"ancestorTitles":["GitHubAPI Tests"],"fullName":"GitHubAPI Tests prints the correct data","status":"passed","title":"prints the correct data","duration":7.083899999999971,"failureMessages":[],"meta":{}},{"ancestorTitles":["GitHubAPI Tests"],"fullName":"GitHubAPI Tests prints the incorrect data","status":"passed","title":"prints the incorrect data","duration":5.423400000000015,"failureMessages":[],"meta":{}}],"startTime":1726987625605,"endTime":1726987625627.4233,"status":"passed","message":"","name":"C:/Users/zeyad/NPM-packages-Evaluator/tests/GitHubAPI.test.ts"},{"assertionResults":[{"ancestorTitles":["NpmAPI Tests"],"fullName":"NpmAPI Tests fetches data successfully from NPM","status":"passed","title":"fetches data successfully from NPM","duration":5.245400000000018,"failureMessages":[],"meta":{}},{"ancestorTitles":["NpmAPI Tests"],"fullName":"NpmAPI Tests fetches data unsuccessfully from NPM","status":"passed","title":"fetches data unsuccessfully from NPM","duration":1.198699999999917,"failureMessages":[],"meta":{}},{"ancestorTitles":["NpmAPI Tests"],"fullName":"NpmAPI Tests prints the correct data","status":"passed","title":"prints the correct data","duration":5.158199999999965,"failureMessages":[],"meta":{}},{"ancestorTitles":["NpmAPI Tests"],"fullName":"NpmAPI Tests prints the incorrect data","status":"passed","title":"prints the incorrect data","duration":3.1970000000000027,"failureMessages":[],"meta":{}}],"startTime":1726987625610,"endTime":1726987625625.197,"status":"passed","message":"","name":"C:/Users/zeyad/NPM-packages-Evaluator/tests/NPMAPI.test.ts"}]}
[34m % [39m[2mCoverage report from [22m[33mv8[39m
-------------------|---------|----------|---------|---------|-------------------
File               | % Stmts | % Branch | % Funcs | % Lines | Uncovered Line #s 
-------------------|---------|----------|---------|---------|-------------------
All files          |   35.04 |    79.77 |   72.97 |   35.04 |                   
 API.ts            |     100 |      100 |     100 |     100 |                   
 ...actorMetric.ts |       0 |        0 |       0 |       0 | 1-51              
 CLI.ts            |       0 |        0 |       0 |       0 | 1-229             
 ...TestResults.ts |       0 |        0 |       0 |       0 | 1-13              
 ...orInterface.ts |       0 |        0 |       0 |       0 |                   
 ...tnessMetric.ts |       0 |        0 |       0 |       0 | 1-207             
 GitHubAPI.ts      |   98.88 |     90.9 |     100 |   98.88 | 224-225           
 GitHubData.ts     |     100 |      100 |     100 |     100 |                   
 IssueInterface.ts |       0 |        0 |       0 |       0 |                   
 LicenseMetric.ts  |       0 |        0 |       0 |       0 | 1-133             
 Metrics.ts        |       0 |      100 |     100 |       0 | 4-31              
 NPMData.ts        |     100 |      100 |     100 |     100 |                   
 NetScore.ts       |       0 |        0 |       0 |       0 | 1-81              
 NpmAPI.ts         |    92.3 |       80 |     100 |    92.3 | 34-36             
 ...TestResults.ts |       0 |        0 |       0 |       0 | 1-22              
 RampUpMetric.ts   |       0 |        0 |       0 |       0 | 1-130             
 ...enessMetric.ts |       0 |        0 |       0 |       0 | 1-52              
 index.ts          |       0 |        0 |       0 |       0 | 1-31              
 logger.ts         |   87.23 |    66.66 |     100 |   87.23 | 26-27,29-30,49,53 
-------------------|---------|----------|---------|---------|-------------------
