{"numTotalTestSuites":18,"numPassedTestSuites":18,"numFailedTestSuites":0,"numPendingTestSuites":0,"numTotalTests":44,"numPassedTests":44,"numFailedTests":0,"numPendingTests":0,"numTodoTests":0,"snapshot":{"added":0,"failure":false,"filesAdded":0,"filesRemoved":0,"filesRemovedList":[],"filesUnmatched":0,"filesUpdated":0,"matched":0,"total":0,"unchecked":0,"uncheckedKeysByFile":[],"unmatched":0,"updated":0,"didUpdate":false},"startTime":1727060040623,"success":true,"testResults":[{"assertionResults":[{"ancestorTitles":["BusFactorMetric Tests"],"fullName":"BusFactorMetric Tests should calculate total commits correctly","status":"passed","title":"should calculate total commits correctly","duration":5.053699999999935,"failureMessages":[],"meta":{}},{"ancestorTitles":["BusFactorMetric Tests"],"fullName":"BusFactorMetric Tests should calculate HHI correctly","status":"passed","title":"should calculate HHI correctly","duration":1.9603000000000748,"failureMessages":[],"meta":{}},{"ancestorTitles":["BusFactorMetric Tests"],"fullName":"BusFactorMetric Tests should calculate bus factor correctly","status":"passed","title":"should calculate bus factor correctly","duration":6.550599999999918,"failureMessages":[],"meta":{}},{"ancestorTitles":["BusFactorMetric Tests"],"fullName":"BusFactorMetric Tests should handle edge case of no commits","status":"passed","title":"should handle edge case of no commits","duration":3.656500000000051,"failureMessages":[],"meta":{}},{"ancestorTitles":["BusFactorMetric Tests"],"fullName":"BusFactorMetric Tests should calculate latency","status":"passed","title":"should calculate latency","duration":6.73479999999995,"failureMessages":[],"meta":{}}],"startTime":1727060041302,"endTime":1727060041325.7349,"status":"passed","message":"","name":"C:/Users/zeyad/NPM-packages-Evaluator/tests/BusFactorMetric.test.ts"},{"assertionResults":[{"ancestorTitles":["CLI"],"fullName":"CLI should log and read from file successfully","status":"passed","title":"should log and read from file successfully","duration":7.792500000000018,"failureMessages":[],"meta":{}},{"ancestorTitles":["CLI"],"fullName":"CLI should handle file read error gracefully","status":"passed","title":"should handle file read error gracefully","duration":1.9285999999999603,"failureMessages":[],"meta":{}},{"ancestorTitles":["CLI"],"fullName":"CLI should log messages when ranking modules","status":"passed","title":"should log messages when ranking modules","duration":2.793900000000008,"failureMessages":[],"meta":{}}],"startTime":1727060041552,"endTime":1727060041564.794,"status":"passed","message":"","name":"C:/Users/zeyad/NPM-packages-Evaluator/tests/CLI.test.ts"},{"assertionResults":[{"ancestorTitles":["CorrectnessMetric"],"fullName":"CorrectnessMetric should clone the repository","status":"passed","title":"should clone the repository","duration":7.688199999999938,"failureMessages":[],"meta":{}},{"ancestorTitles":["CorrectnessMetric"],"fullName":"CorrectnessMetric should get the latest commit","status":"passed","title":"should get the latest commit","duration":1.786899999999946,"failureMessages":[],"meta":{}},{"ancestorTitles":["CorrectnessMetric"],"fullName":"CorrectnessMetric should get the commit 20 commits ago","status":"passed","title":"should get the commit 20 commits ago","duration":2.133199999999988,"failureMessages":[],"meta":{}},{"ancestorTitles":["CorrectnessMetric"],"fullName":"CorrectnessMetric should checkout a specific commit","status":"passed","title":"should checkout a specific commit","duration":2.120300000000043,"failureMessages":[],"meta":{}},{"ancestorTitles":["CorrectnessMetric"],"fullName":"CorrectnessMetric should calculate the correctness score","status":"passed","title":"should calculate the correctness score","duration":8.30989999999997,"failureMessages":[],"meta":{}},{"ancestorTitles":["CorrectnessMetric"],"fullName":"CorrectnessMetric should calculate latency and score","status":"passed","title":"should calculate latency and score","duration":4.114900000000034,"failureMessages":[],"meta":{}},{"ancestorTitles":["CorrectnessMetric"],"fullName":"CorrectnessMetric should analyze and return 0","status":"passed","title":"should analyze and return 0","duration":0.8491000000000213,"failureMessages":[],"meta":{}}],"startTime":1727060041437,"endTime":1727060041463.849,"status":"passed","message":"","name":"C:/Users/zeyad/NPM-packages-Evaluator/tests/CorrectnessMetric.test.ts"},{"assertionResults":[{"ancestorTitles":["GitHubAPI Tests"],"fullName":"GitHubAPI Tests fetching data successfully","status":"passed","title":"fetching data successfully","duration":28.799000000000092,"failureMessages":[],"meta":{}},{"ancestorTitles":["GitHubAPI Tests"],"fullName":"GitHubAPI Tests handles errors when fetching data","status":"passed","title":"handles errors when fetching data","duration":7.025700000000029,"failureMessages":[],"meta":{}},{"ancestorTitles":["GitHubAPI Tests"],"fullName":"GitHubAPI Tests prints the correct data","status":"passed","title":"prints the correct data","duration":13.672000000000025,"failureMessages":[],"meta":{}},{"ancestorTitles":["GitHubAPI Tests"],"fullName":"GitHubAPI Tests prints the incorrect data","status":"passed","title":"prints the incorrect data","duration":12.481400000000008,"failureMessages":[],"meta":{}}],"startTime":1727060041260,"endTime":1727060041322.4814,"status":"passed","message":"","name":"C:/Users/zeyad/NPM-packages-Evaluator/tests/GitHubAPI.test.ts"},{"assertionResults":[{"ancestorTitles":["BusFactorMetric Tests"],"fullName":"BusFactorMetric Tests should calculate latency and the license","status":"passed","title":"should calculate latency and the license","duration":7.249400000000037,"failureMessages":[],"meta":{}},{"ancestorTitles":["BusFactorMetric Tests"],"fullName":"BusFactorMetric Tests should calculate latency and the license (partial)","status":"passed","title":"should calculate latency and the license (partial)","duration":4.783199999999965,"failureMessages":[],"meta":{}},{"ancestorTitles":["BusFactorMetric Tests"],"fullName":"BusFactorMetric Tests should calculate latency and the license from github (not)","status":"passed","title":"should calculate latency and the license from github (not)","duration":6.002700000000004,"failureMessages":[],"meta":{}},{"ancestorTitles":["BusFactorMetric Tests"],"fullName":"BusFactorMetric Tests should calculate latency and the license from npm ","status":"passed","title":"should calculate latency and the license from npm ","duration":4.749400000000037,"failureMessages":[],"meta":{}}],"startTime":1727060041302,"endTime":1727060041324.7495,"status":"passed","message":"","name":"C:/Users/zeyad/NPM-packages-Evaluator/tests/LicenseMetric.test.ts"},{"assertionResults":[{"ancestorTitles":["NetScore Tests"],"fullName":"NetScore Tests should calcualate the net score","status":"passed","title":"should calcualate the net score","duration":56.07740000000001,"failureMessages":[],"meta":{}},{"ancestorTitles":["NetScore Tests"],"fullName":"NetScore Tests return value of net score","status":"passed","title":"return value of net score","duration":19.23269999999991,"failureMessages":[],"meta":{}},{"ancestorTitles":["NetScore Tests"],"fullName":"NetScore Tests should calcualate the net score and latency","status":"passed","title":"should calcualate the net score and latency","duration":33.56449999999995,"failureMessages":[],"meta":{}}],"startTime":1727060041442,"endTime":1727060041550.5645,"status":"passed","message":"","name":"C:/Users/zeyad/NPM-packages-Evaluator/tests/NetScore.test.ts"},{"assertionResults":[{"ancestorTitles":["NpmAPI Tests"],"fullName":"NpmAPI Tests fetches data successfully from NPM","status":"passed","title":"fetches data successfully from NPM","duration":10.37220000000002,"failureMessages":[],"meta":{}},{"ancestorTitles":["NpmAPI Tests"],"fullName":"NpmAPI Tests fetches data successfully from NPM adding https:","status":"passed","title":"fetches data successfully from NPM adding https:","duration":4.9961000000000695,"failureMessages":[],"meta":{}},{"ancestorTitles":["NpmAPI Tests"],"fullName":"NpmAPI Tests fetches data unsuccessfully from NPM","status":"passed","title":"fetches data unsuccessfully from NPM","duration":5.0861999999999625,"failureMessages":[],"meta":{}},{"ancestorTitles":["NpmAPI Tests"],"fullName":"NpmAPI Tests prints the correct data","status":"passed","title":"prints the correct data","duration":4.681400000000053,"failureMessages":[],"meta":{}},{"ancestorTitles":["NpmAPI Tests"],"fullName":"NpmAPI Tests prints the incorrect data","status":"passed","title":"prints the incorrect data","duration":6.012100000000032,"failureMessages":[],"meta":{}}],"startTime":1727060041267,"endTime":1727060041298.0122,"status":"passed","message":"","name":"C:/Users/zeyad/NPM-packages-Evaluator/tests/NPMAPI.test.ts"},{"assertionResults":[{"ancestorTitles":["RampUpMetric"],"fullName":"RampUpMetric should calculate the README description score","status":"passed","title":"should calculate the README description score","duration":3.7595999999999776,"failureMessages":[],"meta":{}},{"ancestorTitles":["RampUpMetric"],"fullName":"RampUpMetric should calculate the forks and stars percentage score","status":"passed","title":"should calculate the forks and stars percentage score","duration":1.6977000000000544,"failureMessages":[],"meta":{}},{"ancestorTitles":["RampUpMetric"],"fullName":"RampUpMetric should calculate the repository size proportion score","status":"passed","title":"should calculate the repository size proportion score","duration":1.0250999999999522,"failureMessages":[],"meta":{}},{"ancestorTitles":["RampUpMetric"],"fullName":"RampUpMetric should calculate the repository size proportion score","status":"passed","title":"should calculate the repository size proportion score","duration":1.034400000000005,"failureMessages":[],"meta":{}},{"ancestorTitles":["RampUpMetric"],"fullName":"RampUpMetric should calculate the contributors score","status":"passed","title":"should calculate the contributors score","duration":1.268100000000004,"failureMessages":[],"meta":{}},{"ancestorTitles":["RampUpMetric"],"fullName":"RampUpMetric should calculate the total RampUp score","status":"passed","title":"should calculate the total RampUp score","duration":9.745999999999981,"failureMessages":[],"meta":{}},{"ancestorTitles":["RampUpMetric"],"fullName":"RampUpMetric should calculate latency and score","status":"passed","title":"should calculate latency and score","duration":8.27780000000007,"failureMessages":[],"meta":{}},{"ancestorTitles":["RampUpMetric"],"fullName":"RampUpMetric should calculate latency and score","status":"passed","title":"should calculate latency and score","duration":9.84540000000004,"failureMessages":[],"meta":{}},{"ancestorTitles":["RampUpMetric"],"fullName":"RampUpMetric should calculate latency and score","status":"passed","title":"should calculate latency and score","duration":12.858000000000061,"failureMessages":[],"meta":{}}],"startTime":1727060041260,"endTime":1727060041309.858,"status":"passed","message":"","name":"C:/Users/zeyad/NPM-packages-Evaluator/tests/RampUpMetric.test.ts"},{"assertionResults":[{"ancestorTitles":["Resposiveness Tests"],"fullName":"Resposiveness Tests should calcualate the score of 0.25","status":"passed","title":"should calcualate the score of 0.25","duration":6.959100000000035,"failureMessages":[],"meta":{}},{"ancestorTitles":["Resposiveness Tests"],"fullName":"Resposiveness Tests should calculate the score of 1 ","status":"passed","title":"should calculate the score of 1 ","duration":3.2659000000001015,"failureMessages":[],"meta":{}},{"ancestorTitles":["Resposiveness Tests"],"fullName":"Resposiveness Tests should calculate the score by an equation","status":"passed","title":"should calculate the score by an equation","duration":4.6988999999999805,"failureMessages":[],"meta":{}},{"ancestorTitles":["Resposiveness Tests"],"fullName":"Resposiveness Tests should calculate latency and the score ","status":"passed","title":"should calculate latency and the score ","duration":6.145200000000045,"failureMessages":[],"meta":{}}],"startTime":1727060041302,"endTime":1727060041323.1453,"status":"passed","message":"","name":"C:/Users/zeyad/NPM-packages-Evaluator/tests/ResponsivenessMetric.test.ts"}]}
[34m % [39m[2mCoverage report from [22m[33mv8[39m
-------------------|---------|----------|---------|---------|-------------------
File               | % Stmts | % Branch | % Funcs | % Lines | Uncovered Line #s 
-------------------|---------|----------|---------|---------|-------------------
All files          |   81.59 |     88.5 |   86.48 |   81.59 |                   
 API.ts            |     100 |      100 |     100 |     100 |                   
 ...actorMetric.ts |     100 |      100 |     100 |     100 |                   
 CLI.ts            |    28.4 |    63.63 |   28.57 |    28.4 | ...06-219,222-234 
 ...tnessMetric.ts |   77.21 |    95.23 |      80 |   77.21 | ...24,251-252,302 
 GitHubAPI.ts      |   98.42 |     90.9 |     100 |   98.42 | 223-225           
 GitHubData.ts     |     100 |      100 |     100 |     100 |                   
 LicenseMetric.ts  |     100 |    81.81 |     100 |     100 | 106,115           
 Metrics.ts        |    62.5 |      100 |      50 |    62.5 | 19-22,26-27       
 NPMData.ts        |     100 |      100 |     100 |     100 |                   
 NetScore.ts       |     100 |      100 |     100 |     100 |                   
 NpmAPI.ts         |     100 |      100 |     100 |     100 |                   
 RampUpMetric.ts   |   98.92 |    82.75 |     100 |   98.92 | 65                
 ...enessMetric.ts |     100 |    86.66 |     100 |     100 | 18,27             
 index.ts          |       0 |        0 |       0 |       0 | 1-36              
 logger.ts         |   89.36 |       75 |     100 |   89.36 | 26-27,29-30,53    
-------------------|---------|----------|---------|---------|-------------------
