<?xml version="1.0" encoding="UTF-8"?>
<coverage generated="1726449106056" clover="3.2.0">
  <project timestamp="1726449106057" name="All files">
    <metrics statements="79" coveredstatements="77" conditionals="29" coveredconditionals="24" methods="13" coveredmethods="13" elements="121" coveredelements="114" complexity="0" loc="79" ncloc="79" packages="1" files="6" classes="6"/>
    <file name="API.ts" path="C:\Users\ahmed\Documents\git\ECE 461 project\ECE-46100-Project-\ECE-46100-Project-\src\API.ts">
      <metrics statements="3" coveredstatements="3" conditionals="0" coveredconditionals="0" methods="1" coveredmethods="1"/>
      <line num="1" count="2" type="stmt"/>
      <line num="3" count="2" type="stmt"/>
      <line num="7" count="7" type="stmt"/>
    </file>
    <file name="GitHubAPI.ts" path="C:\Users\ahmed\Documents\git\ECE 461 project\ECE-46100-Project-\ECE-46100-Project-\src\GitHubAPI.ts">
      <metrics statements="19" coveredstatements="19" conditionals="1" coveredconditionals="1" methods="2" coveredmethods="2"/>
      <line num="1" count="1" type="stmt"/>
      <line num="3" count="1" type="stmt"/>
      <line num="4" count="1" type="stmt"/>
      <line num="6" count="1" type="stmt"/>
      <line num="11" count="3" type="stmt"/>
      <line num="12" count="3" type="stmt"/>
      <line num="13" count="3" type="stmt"/>
      <line num="17" count="3" type="stmt"/>
      <line num="21" count="3" type="stmt"/>
      <line num="22" count="3" type="stmt"/>
      <line num="23" count="3" type="stmt"/>
      <line num="27" count="3" type="stmt"/>
      <line num="36" count="2" type="stmt"/>
      <line num="45" count="2" type="stmt"/>
      <line num="54" count="2" type="stmt"/>
      <line num="55" count="2" type="stmt"/>
      <line num="58" count="1" type="cond" truecount="1" falsecount="0"/>
      <line num="59" count="1" type="stmt"/>
      <line num="61" count="1" type="stmt"/>
    </file>
    <file name="GitHubData.ts" path="C:\Users\ahmed\Documents\git\ECE 461 project\ECE-46100-Project-\ECE-46100-Project-\src\GitHubData.ts">
      <metrics statements="4" coveredstatements="4" conditionals="3" coveredconditionals="3" methods="1" coveredmethods="1"/>
      <line num="1" count="1" type="stmt"/>
      <line num="10" count="3" type="stmt"/>
      <line num="11" count="3" type="stmt"/>
      <line num="12" count="3" type="stmt"/>
    </file>
    <file name="NPMData.ts" path="C:\Users\ahmed\Documents\git\ECE 461 project\ECE-46100-Project-\ECE-46100-Project-\src\NPMData.ts">
      <metrics statements="3" coveredstatements="3" conditionals="2" coveredconditionals="2" methods="1" coveredmethods="1"/>
      <line num="1" count="1" type="stmt"/>
      <line num="9" count="4" type="stmt"/>
      <line num="10" count="4" type="stmt"/>
    </file>
    <file name="NpmAPI.ts" path="C:\Users\ahmed\Documents\git\ECE 461 project\ECE-46100-Project-\ECE-46100-Project-\src\NpmAPI.ts">
      <metrics statements="25" coveredstatements="25" conditionals="17" coveredconditionals="14" methods="2" coveredmethods="2"/>
      <line num="2" count="1" type="stmt"/>
      <line num="4" count="1" type="stmt"/>
      <line num="6" count="1" type="stmt"/>
      <line num="10" count="4" type="stmt"/>
      <line num="11" count="4" type="stmt"/>
      <line num="15" count="4" type="stmt"/>
      <line num="17" count="4" type="stmt"/>
      <line num="18" count="4" type="stmt"/>
      <line num="19" count="4" type="stmt"/>
      <line num="21" count="4" type="stmt"/>
      <line num="22" count="4" type="stmt"/>
      <line num="25" count="4" type="stmt"/>
      <line num="26" count="3" type="stmt"/>
      <line num="27" count="3" type="stmt"/>
      <line num="28" count="3" type="cond" truecount="3" falsecount="1"/>
      <line num="29" count="3" type="cond" truecount="3" falsecount="1"/>
      <line num="30" count="3" type="cond" truecount="3" falsecount="1"/>
      <line num="31" count="3" type="stmt"/>
      <line num="32" count="3" type="cond" truecount="4" falsecount="0"/>
      <line num="33" count="1" type="stmt"/>
      <line num="34" count="1" type="stmt"/>
      <line num="37" count="2" type="stmt"/>
      <line num="43" count="1" type="cond" truecount="1" falsecount="0"/>
      <line num="44" count="1" type="stmt"/>
      <line num="46" count="1" type="stmt"/>
    </file>
    <file name="logger.ts" path="C:\Users\ahmed\Documents\git\ECE 461 project\ECE-46100-Project-\ECE-46100-Project-\src\logger.ts">
      <metrics statements="25" coveredstatements="23" conditionals="6" coveredconditionals="4" methods="6" coveredmethods="6"/>
      <line num="1" count="2" type="stmt"/>
      <line num="2" count="2" type="stmt"/>
      <line num="3" count="2" type="stmt"/>
      <line num="5" count="2" type="stmt"/>
      <line num="7" count="2" type="stmt"/>
      <line num="12" count="7" type="stmt"/>
      <line num="13" count="7" type="stmt"/>
      <line num="14" count="7" type="stmt"/>
      <line num="18" count="7" type="stmt"/>
      <line num="20" count="7" type="stmt"/>
      <line num="24" count="7" type="stmt"/>
      <line num="25" count="7" type="cond" truecount="0" falsecount="1"/>
      <line num="26" count="0" type="stmt"/>
      <line num="28" count="7" type="cond" truecount="0" falsecount="1"/>
      <line num="29" count="0" type="stmt"/>
      <line num="34" count="18" type="stmt"/>
      <line num="35" count="18" type="stmt"/>
      <line num="39" count="21" type="cond" truecount="1" falsecount="0"/>
      <line num="40" count="18" type="stmt"/>
      <line num="41" count="18" type="stmt"/>
      <line num="42" count="18" type="stmt"/>
      <line num="47" count="18" type="cond" truecount="3" falsecount="0"/>
      <line num="49" count="7" type="stmt"/>
      <line num="51" count="9" type="stmt"/>
      <line num="53" count="2" type="stmt"/>
    </file>
  </project>
</coverage>
