{"total": {"lines":{"total":1208,"covered":971,"skipped":0,"pct":80.38},"statements":{"total":1208,"covered":971,"skipped":0,"pct":80.38},"functions":{"total":76,"covered":64,"skipped":0,"pct":84.21},"branches":{"total":176,"covered":154,"skipped":0,"pct":87.5},"branchesTrue":{"total":0,"covered":0,"skipped":0,"pct":"Unknown"}}
,"C:\\Users\\Ahmed\\NPM-packages-Evaluator\\src\\API.ts": {"lines":{"total":7,"covered":7,"skipped":0,"pct":100},"functions":{"total":2,"covered":2,"skipped":0,"pct":100},"statements":{"total":7,"covered":7,"skipped":0,"pct":100},"branches":{"total":2,"covered":2,"skipped":0,"pct":100}}
,"C:\\Users\\Ahmed\\NPM-packages-Evaluator\\src\\BusFactorMetric.ts": {"lines":{"total":54,"covered":54,"skipped":0,"pct":100},"functions":{"total":5,"covered":5,"skipped":0,"pct":100},"statements":{"total":54,"covered":54,"skipped":0,"pct":100},"branches":{"total":10,"covered":10,"skipped":0,"pct":100}}
,"C:\\Users\\Ahmed\\NPM-packages-Evaluator\\src\\CLI.ts": {"lines":{"total":169,"covered":48,"skipped":0,"pct":28.4},"functions":{"total":7,"covered":2,"skipped":0,"pct":28.57},"statements":{"total":169,"covered":48,"skipped":0,"pct":28.4},"branches":{"total":11,"covered":7,"skipped":0,"pct":63.63}}
,"C:\\Users\\Ahmed\\NPM-packages-Evaluator\\src\\CleanTestResult.ts": {"lines":{"total":6,"covered":0,"skipped":0,"pct":0},"functions":{"total":1,"covered":0,"skipped":0,"pct":0},"statements":{"total":6,"covered":0,"skipped":0,"pct":0},"branches":{"total":1,"covered":0,"skipped":0,"pct":0}}
,"C:\\Users\\Ahmed\\NPM-packages-Evaluator\\src\\CorrectnessMetric.ts": {"lines":{"total":237,"covered":183,"skipped":0,"pct":77.21},"functions":{"total":10,"covered":8,"skipped":0,"pct":80},"statements":{"total":237,"covered":183,"skipped":0,"pct":77.21},"branches":{"total":21,"covered":20,"skipped":0,"pct":95.23}}
,"C:\\Users\\Ahmed\\NPM-packages-Evaluator\\src\\GitHubAPI.ts": {"lines":{"total":191,"covered":188,"skipped":0,"pct":98.42},"functions":{"total":6,"covered":6,"skipped":0,"pct":100},"statements":{"total":191,"covered":188,"skipped":0,"pct":98.42},"branches":{"total":22,"covered":20,"skipped":0,"pct":90.9}}
,"C:\\Users\\Ahmed\\NPM-packages-Evaluator\\src\\GitHubData.ts": {"lines":{"total":71,"covered":71,"skipped":0,"pct":100},"functions":{"total":3,"covered":3,"skipped":0,"pct":100},"statements":{"total":71,"covered":71,"skipped":0,"pct":100},"branches":{"total":21,"covered":21,"skipped":0,"pct":100}}
,"C:\\Users\\Ahmed\\NPM-packages-Evaluator\\src\\LicenseMetric.ts": {"lines":{"total":103,"covered":103,"skipped":0,"pct":100},"functions":{"total":4,"covered":4,"skipped":0,"pct":100},"statements":{"total":103,"covered":103,"skipped":0,"pct":100},"branches":{"total":11,"covered":9,"skipped":0,"pct":81.81}}
,"C:\\Users\\Ahmed\\NPM-packages-Evaluator\\src\\Metrics.ts": {"lines":{"total":16,"covered":10,"skipped":0,"pct":62.5},"functions":{"total":4,"covered":2,"skipped":0,"pct":50},"statements":{"total":16,"covered":10,"skipped":0,"pct":62.5},"branches":{"total":2,"covered":2,"skipped":0,"pct":100}}
,"C:\\Users\\Ahmed\\NPM-packages-Evaluator\\src\\NPMData.ts": {"lines":{"total":18,"covered":18,"skipped":0,"pct":100},"functions":{"total":3,"covered":3,"skipped":0,"pct":100},"statements":{"total":18,"covered":18,"skipped":0,"pct":100},"branches":{"total":3,"covered":3,"skipped":0,"pct":100}}
,"C:\\Users\\Ahmed\\NPM-packages-Evaluator\\src\\NetScore.ts": {"lines":{"total":66,"covered":66,"skipped":0,"pct":100},"functions":{"total":5,"covered":5,"skipped":0,"pct":100},"statements":{"total":66,"covered":66,"skipped":0,"pct":100},"branches":{"total":5,"covered":5,"skipped":0,"pct":100}}
,"C:\\Users\\Ahmed\\NPM-packages-Evaluator\\src\\NpmAPI.ts": {"lines":{"total":42,"covered":42,"skipped":0,"pct":100},"functions":{"total":3,"covered":3,"skipped":0,"pct":100},"statements":{"total":42,"covered":42,"skipped":0,"pct":100},"branches":{"total":9,"covered":9,"skipped":0,"pct":100}}
,"C:\\Users\\Ahmed\\NPM-packages-Evaluator\\src\\ProcessTestResult.ts": {"lines":{"total":12,"covered":0,"skipped":0,"pct":0},"functions":{"total":1,"covered":0,"skipped":0,"pct":0},"statements":{"total":12,"covered":0,"skipped":0,"pct":0},"branches":{"total":1,"covered":0,"skipped":0,"pct":0}}
,"C:\\Users\\Ahmed\\NPM-packages-Evaluator\\src\\RampUpMetric.ts": {"lines":{"total":93,"covered":92,"skipped":0,"pct":98.92},"functions":{"total":10,"covered":10,"skipped":0,"pct":100},"statements":{"total":93,"covered":92,"skipped":0,"pct":98.92},"branches":{"total":29,"covered":24,"skipped":0,"pct":82.75}}
,"C:\\Users\\Ahmed\\NPM-packages-Evaluator\\src\\ResponsivenessMetric.ts": {"lines":{"total":47,"covered":47,"skipped":0,"pct":100},"functions":{"total":4,"covered":4,"skipped":0,"pct":100},"statements":{"total":47,"covered":47,"skipped":0,"pct":100},"branches":{"total":15,"covered":13,"skipped":0,"pct":86.66}}
,"C:\\Users\\Ahmed\\NPM-packages-Evaluator\\src\\index.ts": {"lines":{"total":29,"covered":0,"skipped":0,"pct":0},"functions":{"total":1,"covered":0,"skipped":0,"pct":0},"statements":{"total":29,"covered":0,"skipped":0,"pct":0},"branches":{"total":1,"covered":0,"skipped":0,"pct":0}}
,"C:\\Users\\Ahmed\\NPM-packages-Evaluator\\src\\logger.ts": {"lines":{"total":47,"covered":42,"skipped":0,"pct":89.36},"functions":{"total":7,"covered":7,"skipped":0,"pct":100},"statements":{"total":47,"covered":42,"skipped":0,"pct":89.36},"branches":{"total":12,"covered":9,"skipped":0,"pct":75}}
}
