{"C:\\Users\\ahmed\\Documents\\git\\ECE 461 project\\ECE-46100-Project-\\ECE-46100-Project-\\src\\API.ts": {"path":"C:\\Users\\ahmed\\Documents\\git\\ECE 461 project\\ECE-46100-Project-\\ECE-46100-Project-\\src\\API.ts","statementMap":{"0":{"start":{"line":1,"column":0},"end":{"line":1,"column":34}},"1":{"start":{"line":7,"column":8},"end":{"line":7,"column":35}},"2":{"start":{"line":3,"column":0},"end":{"line":3,"column":22}}},"fnMap":{"0":{"name":"(anonymous_0)","decl":{"start":{"line":6,"column":4},"end":{"line":6,"column":null}},"loc":{"start":{"line":6,"column":4},"end":{"line":8,"column":5}}}},"branchMap":{},"s":{"0":2,"1":7,"2":2},"f":{"0":7},"b":{}}
,"C:\\Users\\ahmed\\Documents\\git\\ECE 461 project\\ECE-46100-Project-\\ECE-46100-Project-\\src\\GitHubAPI.ts": {"path":"C:\\Users\\ahmed\\Documents\\git\\ECE 461 project\\ECE-46100-Project-\\ECE-46100-Project-\\src\\GitHubAPI.ts","statementMap":{"0":{"start":{"line":1,"column":0},"end":{"line":1,"column":34}},"1":{"start":{"line":3,"column":0},"end":{"line":3,"column":42}},"2":{"start":{"line":4,"column":0},"end":{"line":4,"column":28}},"3":{"start":{"line":11,"column":8},"end":{"line":11,"column":16}},"4":{"start":{"line":12,"column":8},"end":{"line":12,"column":27}},"5":{"start":{"line":13,"column":8},"end":{"line":13,"column":33}},"6":{"start":{"line":17,"column":24},"end":{"line":19,"column":10}},"7":{"start":{"line":21,"column":8},"end":{"line":60,"column":9}},"8":{"start":{"line":22,"column":12},"end":{"line":22,"column":64}},"9":{"start":{"line":23,"column":12},"end":{"line":25,"column":35}},"10":{"start":{"line":27,"column":34},"end":{"line":34,"column":14}},"11":{"start":{"line":36,"column":35},"end":{"line":43,"column":14}},"12":{"start":{"line":45,"column":36},"end":{"line":52,"column":14}},"13":{"start":{"line":54,"column":12},"end":{"line":54,"column":76}},"14":{"start":{"line":55,"column":12},"end":{"line":56,"column":74}},"15":{"start":{"line":58,"column":12},"end":{"line":59,"column":68}},"16":{"start":{"line":59,"column":16},"end":{"line":59,"column":68}},"17":{"start":{"line":61,"column":8},"end":{"line":61,"column":32}},"18":{"start":{"line":6,"column":0},"end":{"line":6,"column":13}}},"fnMap":{"0":{"name":"(anonymous_7)","decl":{"start":{"line":10,"column":4},"end":{"line":10,"column":16}},"loc":{"start":{"line":10,"column":47},"end":{"line":14,"column":5}}},"1":{"name":"(anonymous_8)","decl":{"start":{"line":16,"column":17},"end":{"line":16,"column":26}},"loc":{"start":{"line":16,"column":26},"end":{"line":62,"column":null}}}},"branchMap":{"0":{"loc":{"start":{"line":58,"column":12},"end":{"line":59,"column":68}},"type":"if","locations":[{"start":{"line":58,"column":12},"end":{"line":59,"column":68}}]}},"s":{"0":1,"1":1,"2":1,"3":3,"4":3,"5":3,"6":3,"7":3,"8":3,"9":3,"10":3,"11":2,"12":2,"13":2,"14":2,"15":1,"16":1,"17":1,"18":1},"f":{"0":3,"1":3},"b":{"0":[1]}}
,"C:\\Users\\ahmed\\Documents\\git\\ECE 461 project\\ECE-46100-Project-\\ECE-46100-Project-\\src\\GitHubData.ts": {"path":"C:\\Users\\ahmed\\Documents\\git\\ECE 461 project\\ECE-46100-Project-\\ECE-46100-Project-\\src\\GitHubData.ts","statementMap":{"0":{"start":{"line":10,"column":8},"end":{"line":10,"column":23}},"1":{"start":{"line":11,"column":8},"end":{"line":11,"column":43}},"2":{"start":{"line":12,"column":8},"end":{"line":12,"column":45}},"3":{"start":{"line":1,"column":0},"end":{"line":1,"column":15}}},"fnMap":{"0":{"name":"(anonymous_0)","decl":{"start":{"line":8,"column":4},"end":{"line":8,"column":16}},"loc":{"start":{"line":9,"column":58},"end":{"line":14,"column":5}}}},"branchMap":{"0":{"loc":{"start":{"line":8,"column":16},"end":{"line":8,"column":35}},"type":"default-arg","locations":[{"start":{"line":8,"column":28},"end":{"line":8,"column":35}}]},"1":{"loc":{"start":{"line":9,"column":8},"end":{"line":9,"column":32}},"type":"default-arg","locations":[{"start":{"line":9,"column":30},"end":{"line":9,"column":32}}]},"2":{"loc":{"start":{"line":9,"column":33},"end":{"line":9,"column":58}},"type":"default-arg","locations":[{"start":{"line":9,"column":56},"end":{"line":9,"column":58}}]}},"s":{"0":3,"1":3,"2":3,"3":1},"f":{"0":3},"b":{"0":[1],"1":[1],"2":[1]}}
,"C:\\Users\\ahmed\\Documents\\git\\ECE 461 project\\ECE-46100-Project-\\ECE-46100-Project-\\src\\NPMData.ts": {"path":"C:\\Users\\ahmed\\Documents\\git\\ECE 461 project\\ECE-46100-Project-\\ECE-46100-Project-\\src\\NPMData.ts","statementMap":{"0":{"start":{"line":9,"column":8},"end":{"line":9,"column":29}},"1":{"start":{"line":10,"column":8},"end":{"line":10,"column":33}},"2":{"start":{"line":1,"column":0},"end":{"line":1,"column":13}}},"fnMap":{"0":{"name":"(anonymous_0)","decl":{"start":{"line":7,"column":4},"end":{"line":7,"column":16}},"loc":{"start":{"line":7,"column":63},"end":{"line":12,"column":5}}}},"branchMap":{"0":{"loc":{"start":{"line":7,"column":16},"end":{"line":7,"column":38}},"type":"default-arg","locations":[{"start":{"line":7,"column":31},"end":{"line":7,"column":38}}]},"1":{"loc":{"start":{"line":7,"column":39},"end":{"line":7,"column":63}},"type":"default-arg","locations":[{"start":{"line":7,"column":56},"end":{"line":7,"column":63}}]}},"s":{"0":4,"1":4,"2":1},"f":{"0":4},"b":{"0":[1],"1":[1]}}
,"C:\\Users\\ahmed\\Documents\\git\\ECE 461 project\\ECE-46100-Project-\\ECE-46100-Project-\\src\\NpmAPI.ts": {"path":"C:\\Users\\ahmed\\Documents\\git\\ECE 461 project\\ECE-46100-Project-\\ECE-46100-Project-\\src\\NpmAPI.ts","statementMap":{"0":{"start":{"line":2,"column":0},"end":{"line":2,"column":28}},"1":{"start":{"line":4,"column":0},"end":{"line":4,"column":36}},"2":{"start":{"line":10,"column":8},"end":{"line":10,"column":16}},"3":{"start":{"line":11,"column":8},"end":{"line":11,"column":39}},"4":{"start":{"line":15,"column":20},"end":{"line":15,"column":68}},"5":{"start":{"line":17,"column":8},"end":{"line":45,"column":9}},"6":{"start":{"line":18,"column":12},"end":{"line":18,"column":57}},"7":{"start":{"line":19,"column":12},"end":{"line":19,"column":80}},"8":{"start":{"line":21,"column":29},"end":{"line":21,"column":45}},"9":{"start":{"line":22,"column":25},"end":{"line":22,"column":46}},"10":{"start":{"line":25,"column":34},"end":{"line":25,"column":58}},"11":{"start":{"line":26,"column":32},"end":{"line":26,"column":60}},"12":{"start":{"line":27,"column":12},"end":{"line":27,"column":45}},"13":{"start":{"line":28,"column":28},"end":{"line":28,"column":48}},"14":{"start":{"line":29,"column":31},"end":{"line":29,"column":54}},"15":{"start":{"line":30,"column":26},"end":{"line":30,"column":41}},"16":{"start":{"line":31,"column":31},"end":{"line":31,"column":51}},"17":{"start":{"line":32,"column":12},"end":{"line":38,"column":13}},"18":{"start":{"line":33,"column":16},"end":{"line":33,"column":55}},"19":{"start":{"line":34,"column":16},"end":{"line":34,"column":58}},"20":{"start":{"line":37,"column":16},"end":{"line":37,"column":58}},"21":{"start":{"line":43,"column":12},"end":{"line":44,"column":68}},"22":{"start":{"line":44,"column":16},"end":{"line":44,"column":68}},"23":{"start":{"line":46,"column":8},"end":{"line":46,"column":29}},"24":{"start":{"line":6,"column":0},"end":{"line":6,"column":13}}},"fnMap":{"0":{"name":"(anonymous_7)","decl":{"start":{"line":9,"column":4},"end":{"line":9,"column":16}},"loc":{"start":{"line":9,"column":35},"end":{"line":12,"column":5}}},"1":{"name":"(anonymous_8)","decl":{"start":{"line":14,"column":17},"end":{"line":14,"column":26}},"loc":{"start":{"line":14,"column":26},"end":{"line":47,"column":null}}}},"branchMap":{"0":{"loc":{"start":{"line":28,"column":28},"end":{"line":28,"column":48}},"type":"cond-expr","locations":[{"start":{"line":28,"column":39},"end":{"line":28,"column":41}},{"start":{"line":28,"column":28},"end":{"line":28,"column":48}}]},"1":{"loc":{"start":{"line":28,"column":28},"end":{"line":28,"column":41}},"type":"binary-expr","locations":[{"start":{"line":28,"column":28},"end":{"line":28,"column":41}},{"start":{"line":28,"column":28},"end":{"line":28,"column":41}}]},"2":{"loc":{"start":{"line":29,"column":31},"end":{"line":29,"column":54}},"type":"cond-expr","locations":[{"start":{"line":29,"column":42},"end":{"line":29,"column":44}},{"start":{"line":29,"column":31},"end":{"line":29,"column":54}}]},"3":{"loc":{"start":{"line":29,"column":31},"end":{"line":29,"column":44}},"type":"binary-expr","locations":[{"start":{"line":29,"column":31},"end":{"line":29,"column":44}},{"start":{"line":29,"column":31},"end":{"line":29,"column":44}}]},"4":{"loc":{"start":{"line":30,"column":26},"end":{"line":30,"column":41}},"type":"cond-expr","locations":[{"start":{"line":30,"column":36},"end":{"line":30,"column":38}},{"start":{"line":30,"column":26},"end":{"line":30,"column":41}}]},"5":{"loc":{"start":{"line":30,"column":26},"end":{"line":30,"column":38}},"type":"binary-expr","locations":[{"start":{"line":30,"column":26},"end":{"line":30,"column":38}},{"start":{"line":30,"column":26},"end":{"line":30,"column":38}}]},"6":{"loc":{"start":{"line":32,"column":12},"end":{"line":38,"column":13}},"type":"if","locations":[{"start":{"line":32,"column":12},"end":{"line":38,"column":13}},{"start":{"line":36,"column":16},"end":{"line":38,"column":13}}]},"7":{"loc":{"start":{"line":32,"column":16},"end":{"line":32,"column":73}},"type":"binary-expr","locations":[{"start":{"line":32,"column":16},"end":{"line":32,"column":49}},{"start":{"line":32,"column":51},"end":{"line":32,"column":73}}]},"8":{"loc":{"start":{"line":43,"column":12},"end":{"line":44,"column":68}},"type":"if","locations":[{"start":{"line":43,"column":12},"end":{"line":44,"column":68}}]}},"s":{"0":1,"1":1,"2":4,"3":4,"4":4,"5":4,"6":4,"7":4,"8":4,"9":4,"10":4,"11":3,"12":3,"13":3,"14":3,"15":3,"16":3,"17":3,"18":1,"19":1,"20":2,"21":1,"22":1,"23":1,"24":1},"f":{"0":4,"1":4},"b":{"0":[0,3],"1":[3,3],"2":[0,3],"3":[3,3],"4":[0,3],"5":[3,3],"6":[1,2],"7":[3,1],"8":[1]}}
,"C:\\Users\\ahmed\\Documents\\git\\ECE 461 project\\ECE-46100-Project-\\ECE-46100-Project-\\src\\logger.ts": {"path":"C:\\Users\\ahmed\\Documents\\git\\ECE 461 project\\ECE-46100-Project-\\ECE-46100-Project-\\src\\logger.ts","statementMap":{"0":{"start":{"line":1,"column":0},"end":{"line":1,"column":20}},"1":{"start":{"line":2,"column":0},"end":{"line":2,"column":24}},"2":{"start":{"line":3,"column":0},"end":{"line":3,"column":28}},"3":{"start":{"line":5,"column":0},"end":{"line":5,"column":16}},"4":{"start":{"line":12,"column":4},"end":{"line":12,"column":53}},"5":{"start":{"line":13,"column":4},"end":{"line":13,"column":39}},"6":{"start":{"line":14,"column":4},"end":{"line":14,"column":31}},"7":{"start":{"line":18,"column":18},"end":{"line":18,"column":59}},"8":{"start":{"line":20,"column":4},"end":{"line":20,"column":17}},"9":{"start":{"line":24,"column":16},"end":{"line":24,"column":46}},"10":{"start":{"line":25,"column":4},"end":{"line":27,"column":5}},"11":{"start":{"line":26,"column":6},"end":{"line":26,"column":45}},"12":{"start":{"line":28,"column":4},"end":{"line":30,"column":5}},"13":{"start":{"line":29,"column":6},"end":{"line":29,"column":54}},"14":{"start":{"line":34,"column":22},"end":{"line":34,"column":46}},"15":{"start":{"line":35,"column":4},"end":{"line":35,"column":51}},"16":{"start":{"line":39,"column":4},"end":{"line":43,"column":5}},"17":{"start":{"line":40,"column":26},"end":{"line":40,"column":52}},"18":{"start":{"line":41,"column":31},"end":{"line":41,"column":71}},"19":{"start":{"line":42,"column":6},"end":{"line":42,"column":69}},"20":{"start":{"line":47,"column":4},"end":{"line":54,"column":5}},"21":{"start":{"line":49,"column":8},"end":{"line":49,"column":22}},"22":{"start":{"line":51,"column":8},"end":{"line":51,"column":23}},"23":{"start":{"line":53,"column":8},"end":{"line":53,"column":24}},"24":{"start":{"line":7,"column":0},"end":{"line":7,"column":13}}},"fnMap":{"0":{"name":"(anonymous_1)","decl":{"start":{"line":11,"column":2},"end":{"line":11,"column":null}},"loc":{"start":{"line":11,"column":2},"end":{"line":15,"column":3}}},"1":{"name":"(anonymous_2)","decl":{"start":{"line":17,"column":10},"end":{"line":17,"column":21}},"loc":{"start":{"line":17,"column":21},"end":{"line":21,"column":3}}},"2":{"name":"(anonymous_3)","decl":{"start":{"line":23,"column":10},"end":{"line":23,"column":29}},"loc":{"start":{"line":23,"column":29},"end":{"line":31,"column":3}}},"3":{"name":"(anonymous_4)","decl":{"start":{"line":33,"column":10},"end":{"line":33,"column":23}},"loc":{"start":{"line":33,"column":54},"end":{"line":36,"column":3}}},"4":{"name":"(anonymous_5)","decl":{"start":{"line":38,"column":9},"end":{"line":38,"column":12}},"loc":{"start":{"line":38,"column":43},"end":{"line":44,"column":3}}},"5":{"name":"(anonymous_6)","decl":{"start":{"line":46,"column":10},"end":{"line":46,"column":24}},"loc":{"start":{"line":46,"column":38},"end":{"line":55,"column":3}}}},"branchMap":{"0":{"loc":{"start":{"line":25,"column":4},"end":{"line":27,"column":5}},"type":"if","locations":[{"start":{"line":25,"column":4},"end":{"line":27,"column":5}}]},"1":{"loc":{"start":{"line":28,"column":4},"end":{"line":30,"column":5}},"type":"if","locations":[{"start":{"line":28,"column":4},"end":{"line":30,"column":5}}]},"2":{"loc":{"start":{"line":39,"column":4},"end":{"line":43,"column":5}},"type":"if","locations":[{"start":{"line":39,"column":4},"end":{"line":43,"column":5}}]},"3":{"loc":{"start":{"line":47,"column":4},"end":{"line":54,"column":5}},"type":"switch","locations":[{"start":{"line":48,"column":6},"end":{"line":49,"column":22}},{"start":{"line":50,"column":6},"end":{"line":51,"column":23}},{"start":{"line":52,"column":6},"end":{"line":53,"column":24}}]}},"s":{"0":2,"1":2,"2":2,"3":2,"4":7,"5":7,"6":7,"7":7,"8":7,"9":7,"10":7,"11":0,"12":7,"13":0,"14":18,"15":18,"16":21,"17":18,"18":18,"19":18,"20":18,"21":7,"22":9,"23":2,"24":2},"f":{"0":7,"1":7,"2":7,"3":18,"4":21,"5":18},"b":{"0":[0],"1":[0],"2":[18],"3":[7,9,2]}}
}
