{"C:\\Users\\ahmed\\Documents\\git\\NPM-packages-Evaluator\\src\\API.ts": {"path":"C:\\Users\\ahmed\\Documents\\git\\NPM-packages-Evaluator\\src\\API.ts","all":false,"statementMap":{"0":{"start":{"line":1,"column":0},"end":{"line":1,"column":37}},"2":{"start":{"line":3,"column":0},"end":{"line":3,"column":27}},"3":{"start":{"line":4,"column":0},"end":{"line":4,"column":29}},"5":{"start":{"line":6,"column":0},"end":{"line":6,"column":19}},"6":{"start":{"line":7,"column":0},"end":{"line":7,"column":35}},"7":{"start":{"line":8,"column":0},"end":{"line":8,"column":5}},"12":{"start":{"line":13,"column":0},"end":{"line":13,"column":1}}},"s":{"0":1,"2":1,"3":8,"5":8,"6":8,"7":8,"12":8},"branchMap":{"0":{"type":"branch","line":3,"loc":{"start":{"line":3,"column":7},"end":{"line":13,"column":1}},"locations":[{"start":{"line":3,"column":7},"end":{"line":13,"column":1}}]},"1":{"type":"branch","line":6,"loc":{"start":{"line":6,"column":4},"end":{"line":8,"column":5}},"locations":[{"start":{"line":6,"column":4},"end":{"line":8,"column":5}}]}},"b":{"0":[8],"1":[8]},"fnMap":{"0":{"name":"<instance_members_initializer>","decl":{"start":{"line":3,"column":7},"end":{"line":13,"column":1}},"loc":{"start":{"line":3,"column":7},"end":{"line":13,"column":1}},"line":3},"1":{"name":"API","decl":{"start":{"line":6,"column":4},"end":{"line":8,"column":5}},"loc":{"start":{"line":6,"column":4},"end":{"line":8,"column":5}},"line":6}},"f":{"0":8,"1":8}}
,"C:\\Users\\ahmed\\Documents\\git\\NPM-packages-Evaluator\\src\\BusFactorMetric.ts": {"path":"C:\\Users\\ahmed\\Documents\\git\\NPM-packages-Evaluator\\src\\BusFactorMetric.ts","all":true,"statementMap":{"0":{"start":{"line":1,"column":0},"end":{"line":1,"column":18}},"1":{"start":{"line":2,"column":0},"end":{"line":2,"column":39}},"5":{"start":{"line":6,"column":0},"end":{"line":6,"column":46}},"6":{"start":{"line":7,"column":0},"end":{"line":7,"column":57}},"7":{"start":{"line":8,"column":0},"end":{"line":8,"column":31}},"8":{"start":{"line":9,"column":0},"end":{"line":9,"column":3}},"10":{"start":{"line":11,"column":0},"end":{"line":11,"column":48}},"11":{"start":{"line":12,"column":0},"end":{"line":12,"column":45}},"13":{"start":{"line":14,"column":0},"end":{"line":14,"column":83}},"15":{"start":{"line":16,"column":0},"end":{"line":16,"column":39}},"18":{"start":{"line":19,"column":0},"end":{"line":19,"column":43}},"20":{"start":{"line":21,"column":0},"end":{"line":21,"column":21}},"21":{"start":{"line":22,"column":0},"end":{"line":22,"column":3}},"23":{"start":{"line":24,"column":0},"end":{"line":24,"column":33}},"24":{"start":{"line":25,"column":0},"end":{"line":25,"column":25}},"25":{"start":{"line":26,"column":0},"end":{"line":26,"column":48}},"26":{"start":{"line":27,"column":0},"end":{"line":27,"column":70}},"27":{"start":{"line":28,"column":0},"end":{"line":28,"column":65}},"28":{"start":{"line":29,"column":0},"end":{"line":29,"column":7}},"29":{"start":{"line":30,"column":0},"end":{"line":30,"column":5}},"30":{"start":{"line":31,"column":0},"end":{"line":31,"column":24}},"31":{"start":{"line":32,"column":0},"end":{"line":32,"column":3}},"33":{"start":{"line":34,"column":0},"end":{"line":34,"column":44}},"34":{"start":{"line":35,"column":0},"end":{"line":35,"column":16}},"35":{"start":{"line":36,"column":0},"end":{"line":36,"column":48}},"36":{"start":{"line":37,"column":0},"end":{"line":37,"column":70}},"37":{"start":{"line":38,"column":0},"end":{"line":38,"column":78}},"38":{"start":{"line":39,"column":0},"end":{"line":39,"column":54}},"39":{"start":{"line":40,"column":0},"end":{"line":40,"column":7}},"40":{"start":{"line":41,"column":0},"end":{"line":41,"column":5}},"41":{"start":{"line":42,"column":0},"end":{"line":42,"column":43}},"42":{"start":{"line":43,"column":0},"end":{"line":43,"column":3}},"44":{"start":{"line":45,"column":0},"end":{"line":45,"column":80}},"45":{"start":{"line":46,"column":0},"end":{"line":46,"column":36}},"46":{"start":{"line":47,"column":0},"end":{"line":47,"column":44}},"47":{"start":{"line":48,"column":0},"end":{"line":48,"column":34}},"48":{"start":{"line":49,"column":0},"end":{"line":49,"column":39}},"49":{"start":{"line":50,"column":0},"end":{"line":50,"column":3}},"50":{"start":{"line":51,"column":0},"end":{"line":51,"column":1}}},"s":{"0":0,"1":0,"5":0,"6":0,"7":0,"8":0,"10":0,"11":0,"13":0,"15":0,"18":0,"20":0,"21":0,"23":0,"24":0,"25":0,"26":0,"27":0,"28":0,"29":0,"30":0,"31":0,"33":0,"34":0,"35":0,"36":0,"37":0,"38":0,"39":0,"40":0,"41":0,"42":0,"44":0,"45":0,"46":0,"47":0,"48":0,"49":0,"50":0},"branchMap":{"0":{"type":"branch","line":1,"loc":{"start":{"line":1,"column":1549},"end":{"line":51,"column":1}},"locations":[{"start":{"line":1,"column":1549},"end":{"line":51,"column":1}}]}},"b":{"0":[0]},"fnMap":{"0":{"name":"(empty-report)","decl":{"start":{"line":1,"column":1549},"end":{"line":51,"column":1}},"loc":{"start":{"line":1,"column":1549},"end":{"line":51,"column":1}},"line":1}},"f":{"0":0}}
,"C:\\Users\\ahmed\\Documents\\git\\NPM-packages-Evaluator\\src\\CLI.ts": {"path":"C:\\Users\\ahmed\\Documents\\git\\NPM-packages-Evaluator\\src\\CLI.ts","all":true,"statementMap":{"0":{"start":{"line":1,"column":0},"end":{"line":1,"column":38}},"1":{"start":{"line":2,"column":0},"end":{"line":2,"column":43}},"2":{"start":{"line":3,"column":0},"end":{"line":3,"column":37}},"3":{"start":{"line":4,"column":0},"end":{"line":4,"column":44}},"4":{"start":{"line":5,"column":0},"end":{"line":5,"column":38}},"5":{"start":{"line":6,"column":0},"end":{"line":6,"column":35}},"6":{"start":{"line":7,"column":0},"end":{"line":7,"column":29}},"7":{"start":{"line":8,"column":0},"end":{"line":8,"column":65}},"8":{"start":{"line":9,"column":0},"end":{"line":9,"column":49}},"9":{"start":{"line":10,"column":0},"end":{"line":10,"column":55}},"10":{"start":{"line":11,"column":0},"end":{"line":11,"column":51}},"11":{"start":{"line":12,"column":0},"end":{"line":12,"column":59}},"20":{"start":{"line":21,"column":0},"end":{"line":21,"column":26}},"22":{"start":{"line":23,"column":0},"end":{"line":23,"column":18}},"23":{"start":{"line":24,"column":0},"end":{"line":24,"column":31}},"25":{"start":{"line":26,"column":0},"end":{"line":26,"column":47}},"26":{"start":{"line":27,"column":0},"end":{"line":27,"column":5}},"29":{"start":{"line":30,"column":0},"end":{"line":30,"column":67}},"31":{"start":{"line":32,"column":0},"end":{"line":32,"column":12}},"33":{"start":{"line":34,"column":0},"end":{"line":34,"column":50}},"35":{"start":{"line":36,"column":0},"end":{"line":36,"column":47}},"37":{"start":{"line":38,"column":0},"end":{"line":38,"column":30}},"39":{"start":{"line":40,"column":0},"end":{"line":40,"column":28}},"40":{"start":{"line":41,"column":0},"end":{"line":41,"column":12}},"41":{"start":{"line":42,"column":0},"end":{"line":42,"column":17}},"43":{"start":{"line":44,"column":0},"end":{"line":44,"column":20}},"44":{"start":{"line":45,"column":0},"end":{"line":45,"column":70}},"45":{"start":{"line":46,"column":0},"end":{"line":46,"column":24}},"46":{"start":{"line":47,"column":0},"end":{"line":47,"column":9}},"48":{"start":{"line":49,"column":0},"end":{"line":49,"column":5}},"50":{"start":{"line":51,"column":0},"end":{"line":51,"column":44}},"51":{"start":{"line":52,"column":0},"end":{"line":52,"column":38}},"52":{"start":{"line":53,"column":0},"end":{"line":53,"column":36}},"53":{"start":{"line":54,"column":0},"end":{"line":54,"column":72}},"54":{"start":{"line":55,"column":0},"end":{"line":55,"column":72}},"57":{"start":{"line":58,"column":0},"end":{"line":58,"column":84}},"58":{"start":{"line":59,"column":0},"end":{"line":59,"column":58}},"59":{"start":{"line":60,"column":0},"end":{"line":60,"column":58}},"61":{"start":{"line":62,"column":0},"end":{"line":62,"column":78}},"62":{"start":{"line":63,"column":0},"end":{"line":63,"column":84}},"64":{"start":{"line":65,"column":0},"end":{"line":65,"column":55}},"65":{"start":{"line":66,"column":0},"end":{"line":66,"column":68}},"66":{"start":{"line":67,"column":0},"end":{"line":67,"column":68}},"68":{"start":{"line":69,"column":0},"end":{"line":69,"column":61}},"69":{"start":{"line":70,"column":0},"end":{"line":70,"column":76}},"70":{"start":{"line":71,"column":0},"end":{"line":71,"column":76}},"72":{"start":{"line":73,"column":0},"end":{"line":73,"column":48}},"73":{"start":{"line":74,"column":0},"end":{"line":74,"column":93}},"74":{"start":{"line":75,"column":0},"end":{"line":75,"column":99}},"75":{"start":{"line":76,"column":0},"end":{"line":76,"column":83}},"76":{"start":{"line":77,"column":0},"end":{"line":77,"column":89}},"77":{"start":{"line":78,"column":0},"end":{"line":78,"column":85}},"80":{"start":{"line":81,"column":0},"end":{"line":81,"column":65}},"81":{"start":{"line":82,"column":0},"end":{"line":82,"column":65}},"82":{"start":{"line":83,"column":0},"end":{"line":83,"column":68}},"83":{"start":{"line":84,"column":0},"end":{"line":84,"column":60}},"84":{"start":{"line":85,"column":0},"end":{"line":85,"column":63}},"85":{"start":{"line":86,"column":0},"end":{"line":86,"column":60}},"86":{"start":{"line":87,"column":0},"end":{"line":87,"column":27}},"88":{"start":{"line":89,"column":0},"end":{"line":89,"column":68}},"89":{"start":{"line":90,"column":0},"end":{"line":90,"column":64}},"93":{"start":{"line":94,"column":0},"end":{"line":94,"column":58}},"94":{"start":{"line":95,"column":0},"end":{"line":95,"column":91}},"95":{"start":{"line":96,"column":0},"end":{"line":96,"column":60}},"96":{"start":{"line":97,"column":0},"end":{"line":97,"column":98}},"97":{"start":{"line":98,"column":0},"end":{"line":98,"column":54}},"98":{"start":{"line":99,"column":0},"end":{"line":99,"column":81}},"99":{"start":{"line":100,"column":0},"end":{"line":100,"column":56}},"100":{"start":{"line":101,"column":0},"end":{"line":101,"column":88}},"101":{"start":{"line":102,"column":0},"end":{"line":102,"column":54}},"102":{"start":{"line":103,"column":0},"end":{"line":103,"column":83}},"103":{"start":{"line":104,"column":0},"end":{"line":104,"column":80}},"104":{"start":{"line":105,"column":0},"end":{"line":105,"column":80}},"105":{"start":{"line":106,"column":0},"end":{"line":106,"column":21}},"106":{"start":{"line":107,"column":0},"end":{"line":107,"column":17}},"107":{"start":{"line":108,"column":0},"end":{"line":108,"column":14}},"108":{"start":{"line":109,"column":0},"end":{"line":109,"column":29}},"109":{"start":{"line":110,"column":0},"end":{"line":110,"column":64}},"110":{"start":{"line":111,"column":0},"end":{"line":111,"column":15}},"111":{"start":{"line":112,"column":0},"end":{"line":112,"column":5}},"114":{"start":{"line":115,"column":0},"end":{"line":115,"column":52}},"115":{"start":{"line":116,"column":0},"end":{"line":116,"column":67}},"118":{"start":{"line":119,"column":0},"end":{"line":119,"column":78}},"120":{"start":{"line":121,"column":0},"end":{"line":121,"column":12}},"122":{"start":{"line":123,"column":0},"end":{"line":123,"column":49}},"123":{"start":{"line":124,"column":0},"end":{"line":124,"column":31}},"124":{"start":{"line":125,"column":0},"end":{"line":125,"column":39}},"127":{"start":{"line":128,"column":0},"end":{"line":128,"column":31}},"128":{"start":{"line":129,"column":0},"end":{"line":129,"column":31}},"129":{"start":{"line":130,"column":0},"end":{"line":130,"column":33}},"130":{"start":{"line":131,"column":0},"end":{"line":131,"column":31}},"131":{"start":{"line":132,"column":0},"end":{"line":132,"column":18}},"132":{"start":{"line":133,"column":0},"end":{"line":133,"column":31}},"133":{"start":{"line":134,"column":0},"end":{"line":134,"column":13}},"135":{"start":{"line":136,"column":0},"end":{"line":136,"column":25}},"136":{"start":{"line":137,"column":0},"end":{"line":137,"column":52}},"137":{"start":{"line":138,"column":0},"end":{"line":138,"column":51}},"138":{"start":{"line":139,"column":0},"end":{"line":139,"column":58}},"139":{"start":{"line":140,"column":0},"end":{"line":140,"column":37}},"140":{"start":{"line":141,"column":0},"end":{"line":141,"column":9}},"142":{"start":{"line":143,"column":0},"end":{"line":143,"column":50}},"143":{"start":{"line":144,"column":0},"end":{"line":144,"column":17}},"146":{"start":{"line":147,"column":0},"end":{"line":147,"column":20}},"147":{"start":{"line":148,"column":0},"end":{"line":148,"column":70}},"148":{"start":{"line":149,"column":0},"end":{"line":149,"column":22}},"149":{"start":{"line":150,"column":0},"end":{"line":150,"column":9}},"151":{"start":{"line":152,"column":0},"end":{"line":152,"column":5}},"155":{"start":{"line":156,"column":0},"end":{"line":156,"column":63}},"156":{"start":{"line":157,"column":0},"end":{"line":157,"column":64}},"159":{"start":{"line":160,"column":0},"end":{"line":160,"column":34}},"160":{"start":{"line":161,"column":0},"end":{"line":161,"column":40}},"161":{"start":{"line":162,"column":0},"end":{"line":162,"column":32}},"164":{"start":{"line":165,"column":0},"end":{"line":165,"column":62}},"165":{"start":{"line":166,"column":0},"end":{"line":166,"column":60}},"166":{"start":{"line":167,"column":0},"end":{"line":167,"column":72}},"167":{"start":{"line":168,"column":0},"end":{"line":168,"column":63}},"168":{"start":{"line":169,"column":0},"end":{"line":169,"column":40}},"170":{"start":{"line":171,"column":0},"end":{"line":171,"column":74}},"171":{"start":{"line":172,"column":0},"end":{"line":172,"column":47}},"172":{"start":{"line":173,"column":0},"end":{"line":173,"column":58}},"173":{"start":{"line":174,"column":0},"end":{"line":174,"column":33}},"175":{"start":{"line":176,"column":0},"end":{"line":176,"column":52}},"177":{"start":{"line":178,"column":0},"end":{"line":178,"column":40}},"178":{"start":{"line":179,"column":0},"end":{"line":179,"column":14}},"180":{"start":{"line":181,"column":0},"end":{"line":181,"column":60}},"181":{"start":{"line":182,"column":0},"end":{"line":182,"column":59}},"183":{"start":{"line":184,"column":0},"end":{"line":184,"column":47}},"184":{"start":{"line":185,"column":0},"end":{"line":185,"column":45}},"185":{"start":{"line":186,"column":0},"end":{"line":186,"column":62}},"186":{"start":{"line":187,"column":0},"end":{"line":187,"column":59}},"187":{"start":{"line":188,"column":0},"end":{"line":188,"column":63}},"188":{"start":{"line":189,"column":0},"end":{"line":189,"column":74}},"189":{"start":{"line":190,"column":0},"end":{"line":190,"column":57}},"190":{"start":{"line":191,"column":0},"end":{"line":191,"column":67}},"192":{"start":{"line":193,"column":0},"end":{"line":193,"column":67}},"193":{"start":{"line":194,"column":0},"end":{"line":194,"column":44}},"194":{"start":{"line":195,"column":0},"end":{"line":195,"column":56}},"196":{"start":{"line":197,"column":0},"end":{"line":197,"column":13}},"197":{"start":{"line":198,"column":0},"end":{"line":198,"column":40}},"199":{"start":{"line":200,"column":0},"end":{"line":200,"column":9}},"205":{"start":{"line":206,"column":0},"end":{"line":206,"column":5}},"207":{"start":{"line":208,"column":0},"end":{"line":208,"column":40}},"208":{"start":{"line":209,"column":0},"end":{"line":209,"column":46}},"210":{"start":{"line":211,"column":0},"end":{"line":211,"column":66}},"213":{"start":{"line":214,"column":0},"end":{"line":214,"column":39}},"215":{"start":{"line":216,"column":0},"end":{"line":216,"column":20}},"217":{"start":{"line":218,"column":0},"end":{"line":218,"column":49}},"218":{"start":{"line":219,"column":0},"end":{"line":219,"column":42}},"219":{"start":{"line":220,"column":0},"end":{"line":220,"column":16}},"221":{"start":{"line":222,"column":0},"end":{"line":222,"column":55}},"222":{"start":{"line":223,"column":0},"end":{"line":223,"column":9}},"224":{"start":{"line":225,"column":0},"end":{"line":225,"column":5}},"226":{"start":{"line":227,"column":0},"end":{"line":227,"column":54}},"227":{"start":{"line":228,"column":0},"end":{"line":228,"column":69}},"230":{"start":{"line":231,"column":0},"end":{"line":231,"column":39}},"233":{"start":{"line":234,"column":0},"end":{"line":234,"column":42}},"236":{"start":{"line":237,"column":0},"end":{"line":237,"column":5}},"240":{"start":{"line":241,"column":0},"end":{"line":241,"column":1}}},"s":{"0":0,"1":0,"2":0,"3":0,"4":0,"5":0,"6":0,"7":0,"8":0,"9":0,"10":0,"11":0,"20":0,"22":0,"23":0,"25":0,"26":0,"29":0,"31":0,"33":0,"35":0,"37":0,"39":0,"40":0,"41":0,"43":0,"44":0,"45":0,"46":0,"48":0,"50":0,"51":0,"52":0,"53":0,"54":0,"57":0,"58":0,"59":0,"61":0,"62":0,"64":0,"65":0,"66":0,"68":0,"69":0,"70":0,"72":0,"73":0,"74":0,"75":0,"76":0,"77":0,"80":0,"81":0,"82":0,"83":0,"84":0,"85":0,"86":0,"88":0,"89":0,"93":0,"94":0,"95":0,"96":0,"97":0,"98":0,"99":0,"100":0,"101":0,"102":0,"103":0,"104":0,"105":0,"106":0,"107":0,"108":0,"109":0,"110":0,"111":0,"114":0,"115":0,"118":0,"120":0,"122":0,"123":0,"124":0,"127":0,"128":0,"129":0,"130":0,"131":0,"132":0,"133":0,"135":0,"136":0,"137":0,"138":0,"139":0,"140":0,"142":0,"143":0,"146":0,"147":0,"148":0,"149":0,"151":0,"155":0,"156":0,"159":0,"160":0,"161":0,"164":0,"165":0,"166":0,"167":0,"168":0,"170":0,"171":0,"172":0,"173":0,"175":0,"177":0,"178":0,"180":0,"181":0,"183":0,"184":0,"185":0,"186":0,"187":0,"188":0,"189":0,"190":0,"192":0,"193":0,"194":0,"196":0,"197":0,"199":0,"205":0,"207":0,"208":0,"210":0,"213":0,"215":0,"217":0,"218":0,"219":0,"221":0,"222":0,"224":0,"226":0,"227":0,"230":0,"233":0,"236":0,"240":0},"branchMap":{"0":{"type":"branch","line":1,"loc":{"start":{"line":1,"column":8729},"end":{"line":241,"column":1}},"locations":[{"start":{"line":1,"column":8729},"end":{"line":241,"column":1}}]}},"b":{"0":[0]},"fnMap":{"0":{"name":"(empty-report)","decl":{"start":{"line":1,"column":8729},"end":{"line":241,"column":1}},"loc":{"start":{"line":1,"column":8729},"end":{"line":241,"column":1}},"line":1}},"f":{"0":0}}
,"C:\\Users\\ahmed\\Documents\\git\\NPM-packages-Evaluator\\src\\ContributorInterface.ts": {"path":"C:\\Users\\ahmed\\Documents\\git\\NPM-packages-Evaluator\\src\\ContributorInterface.ts","all":true,"statementMap":{},"s":{},"branchMap":{"0":{"type":"branch","line":1,"loc":{"start":{"line":1,"column":141},"end":{"line":6,"column":1}},"locations":[{"start":{"line":1,"column":141},"end":{"line":6,"column":1}}]}},"b":{"0":[1]},"fnMap":{"0":{"name":"(empty-report)","decl":{"start":{"line":1,"column":141},"end":{"line":6,"column":1}},"loc":{"start":{"line":1,"column":141},"end":{"line":6,"column":1}},"line":1}},"f":{"0":1}}
,"C:\\Users\\ahmed\\Documents\\git\\NPM-packages-Evaluator\\src\\CorrectnessMetric.ts": {"path":"C:\\Users\\ahmed\\Documents\\git\\NPM-packages-Evaluator\\src\\CorrectnessMetric.ts","all":true,"statementMap":{"0":{"start":{"line":1,"column":0},"end":{"line":1,"column":31}},"1":{"start":{"line":2,"column":0},"end":{"line":2,"column":39}},"4":{"start":{"line":5,"column":0},"end":{"line":5,"column":52}},"5":{"start":{"line":6,"column":0},"end":{"line":6,"column":26}},"6":{"start":{"line":7,"column":0},"end":{"line":7,"column":24}},"7":{"start":{"line":8,"column":0},"end":{"line":8,"column":53}},"10":{"start":{"line":11,"column":0},"end":{"line":11,"column":48}},"12":{"start":{"line":13,"column":0},"end":{"line":13,"column":57}},"13":{"start":{"line":14,"column":0},"end":{"line":14,"column":31}},"14":{"start":{"line":15,"column":0},"end":{"line":15,"column":3}},"16":{"start":{"line":17,"column":0},"end":{"line":17,"column":55}},"17":{"start":{"line":18,"column":0},"end":{"line":18,"column":65}},"18":{"start":{"line":19,"column":0},"end":{"line":19,"column":37}},"19":{"start":{"line":20,"column":0},"end":{"line":20,"column":26}},"20":{"start":{"line":21,"column":0},"end":{"line":21,"column":7}},"21":{"start":{"line":22,"column":0},"end":{"line":22,"column":3}},"23":{"start":{"line":24,"column":0},"end":{"line":24,"column":62}},"29":{"start":{"line":30,"column":0},"end":{"line":30,"column":7}},"30":{"start":{"line":31,"column":0},"end":{"line":31,"column":29}},"31":{"start":{"line":32,"column":0},"end":{"line":32,"column":28}},"32":{"start":{"line":33,"column":0},"end":{"line":33,"column":26}},"33":{"start":{"line":34,"column":0},"end":{"line":34,"column":26}},"35":{"start":{"line":36,"column":0},"end":{"line":36,"column":76}},"36":{"start":{"line":37,"column":0},"end":{"line":37,"column":42}},"37":{"start":{"line":38,"column":0},"end":{"line":38,"column":51}},"39":{"start":{"line":40,"column":0},"end":{"line":40,"column":33}},"40":{"start":{"line":41,"column":0},"end":{"line":41,"column":77}},"41":{"start":{"line":42,"column":0},"end":{"line":42,"column":49}},"42":{"start":{"line":43,"column":0},"end":{"line":43,"column":48}},"43":{"start":{"line":44,"column":0},"end":{"line":44,"column":50}},"44":{"start":{"line":45,"column":0},"end":{"line":45,"column":50}},"45":{"start":{"line":46,"column":0},"end":{"line":46,"column":13}},"46":{"start":{"line":47,"column":0},"end":{"line":47,"column":16}},"47":{"start":{"line":48,"column":0},"end":{"line":48,"column":59}},"49":{"start":{"line":50,"column":0},"end":{"line":50,"column":71}},"50":{"start":{"line":51,"column":0},"end":{"line":51,"column":50}},"51":{"start":{"line":52,"column":0},"end":{"line":52,"column":38}},"54":{"start":{"line":55,"column":0},"end":{"line":55,"column":51}},"55":{"start":{"line":56,"column":0},"end":{"line":56,"column":64}},"57":{"start":{"line":58,"column":0},"end":{"line":58,"column":62}},"58":{"start":{"line":59,"column":0},"end":{"line":59,"column":61}},"59":{"start":{"line":60,"column":0},"end":{"line":60,"column":13}},"60":{"start":{"line":61,"column":0},"end":{"line":61,"column":13}},"61":{"start":{"line":62,"column":0},"end":{"line":62,"column":9}},"62":{"start":{"line":63,"column":0},"end":{"line":63,"column":9}},"64":{"start":{"line":65,"column":0},"end":{"line":65,"column":48}},"65":{"start":{"line":66,"column":0},"end":{"line":66,"column":36}},"66":{"start":{"line":67,"column":0},"end":{"line":67,"column":35}},"67":{"start":{"line":68,"column":0},"end":{"line":68,"column":37}},"68":{"start":{"line":69,"column":0},"end":{"line":69,"column":36}},"69":{"start":{"line":70,"column":0},"end":{"line":70,"column":10}},"70":{"start":{"line":71,"column":0},"end":{"line":71,"column":7}},"71":{"start":{"line":72,"column":0},"end":{"line":72,"column":4}},"73":{"start":{"line":74,"column":0},"end":{"line":74,"column":30}},"74":{"start":{"line":75,"column":0},"end":{"line":75,"column":42}},"76":{"start":{"line":77,"column":0},"end":{"line":77,"column":22}},"77":{"start":{"line":78,"column":0},"end":{"line":78,"column":9}},"78":{"start":{"line":79,"column":0},"end":{"line":79,"column":11}},"79":{"start":{"line":80,"column":0},"end":{"line":80,"column":30}},"80":{"start":{"line":81,"column":0},"end":{"line":81,"column":42}},"81":{"start":{"line":82,"column":0},"end":{"line":82,"column":25}},"82":{"start":{"line":83,"column":0},"end":{"line":83,"column":15}},"83":{"start":{"line":84,"column":0},"end":{"line":84,"column":19}},"84":{"start":{"line":85,"column":0},"end":{"line":85,"column":67}},"85":{"start":{"line":86,"column":0},"end":{"line":86,"column":23}},"86":{"start":{"line":87,"column":0},"end":{"line":87,"column":56}},"87":{"start":{"line":88,"column":0},"end":{"line":88,"column":7}},"88":{"start":{"line":89,"column":0},"end":{"line":89,"column":3}},"90":{"start":{"line":91,"column":0},"end":{"line":91,"column":50}},"91":{"start":{"line":92,"column":0},"end":{"line":92,"column":82}},"92":{"start":{"line":93,"column":0},"end":{"line":93,"column":31}},"93":{"start":{"line":94,"column":0},"end":{"line":94,"column":16}},"94":{"start":{"line":95,"column":0},"end":{"line":95,"column":5}},"96":{"start":{"line":97,"column":0},"end":{"line":97,"column":30}},"102":{"start":{"line":103,"column":0},"end":{"line":103,"column":29}},"109":{"start":{"line":110,"column":0},"end":{"line":110,"column":9}},"111":{"start":{"line":112,"column":0},"end":{"line":112,"column":29}},"114":{"start":{"line":115,"column":0},"end":{"line":115,"column":78}},"117":{"start":{"line":118,"column":0},"end":{"line":118,"column":62}},"120":{"start":{"line":121,"column":0},"end":{"line":121,"column":59}},"121":{"start":{"line":122,"column":0},"end":{"line":122,"column":77}},"124":{"start":{"line":125,"column":0},"end":{"line":125,"column":60}},"125":{"start":{"line":126,"column":0},"end":{"line":126,"column":60}},"126":{"start":{"line":127,"column":0},"end":{"line":127,"column":58}},"127":{"start":{"line":128,"column":0},"end":{"line":128,"column":58}},"128":{"start":{"line":129,"column":0},"end":{"line":129,"column":68}},"129":{"start":{"line":130,"column":0},"end":{"line":130,"column":68}},"130":{"start":{"line":131,"column":0},"end":{"line":131,"column":66}},"131":{"start":{"line":132,"column":0},"end":{"line":132,"column":66}},"133":{"start":{"line":134,"column":0},"end":{"line":134,"column":89}},"134":{"start":{"line":135,"column":0},"end":{"line":135,"column":89}},"135":{"start":{"line":136,"column":0},"end":{"line":136,"column":77}},"136":{"start":{"line":137,"column":0},"end":{"line":137,"column":77}},"138":{"start":{"line":139,"column":0},"end":{"line":139,"column":44}},"139":{"start":{"line":140,"column":0},"end":{"line":140,"column":69}},"140":{"start":{"line":141,"column":0},"end":{"line":141,"column":44}},"141":{"start":{"line":142,"column":0},"end":{"line":142,"column":69}},"143":{"start":{"line":144,"column":0},"end":{"line":144,"column":93}},"144":{"start":{"line":145,"column":0},"end":{"line":145,"column":93}},"147":{"start":{"line":148,"column":0},"end":{"line":148,"column":40}},"148":{"start":{"line":149,"column":0},"end":{"line":149,"column":10}},"149":{"start":{"line":150,"column":0},"end":{"line":150,"column":50}},"150":{"start":{"line":151,"column":0},"end":{"line":151,"column":36}},"151":{"start":{"line":152,"column":0},"end":{"line":152,"column":83}},"152":{"start":{"line":153,"column":0},"end":{"line":153,"column":8}},"154":{"start":{"line":155,"column":0},"end":{"line":155,"column":64}},"157":{"start":{"line":158,"column":0},"end":{"line":158,"column":32}},"158":{"start":{"line":159,"column":0},"end":{"line":159,"column":49}},"160":{"start":{"line":161,"column":0},"end":{"line":161,"column":30}},"161":{"start":{"line":162,"column":0},"end":{"line":162,"column":21}},"162":{"start":{"line":163,"column":0},"end":{"line":163,"column":55}},"165":{"start":{"line":166,"column":0},"end":{"line":166,"column":32}},"166":{"start":{"line":167,"column":0},"end":{"line":167,"column":16}},"167":{"start":{"line":168,"column":0},"end":{"line":168,"column":5}},"168":{"start":{"line":169,"column":0},"end":{"line":169,"column":3}},"171":{"start":{"line":172,"column":0},"end":{"line":172,"column":65}},"172":{"start":{"line":173,"column":0},"end":{"line":173,"column":57}},"173":{"start":{"line":174,"column":0},"end":{"line":174,"column":22}},"174":{"start":{"line":175,"column":0},"end":{"line":175,"column":3}},"177":{"start":{"line":178,"column":0},"end":{"line":178,"column":64}},"178":{"start":{"line":179,"column":0},"end":{"line":179,"column":58}},"179":{"start":{"line":180,"column":0},"end":{"line":180,"column":37}},"180":{"start":{"line":181,"column":0},"end":{"line":181,"column":3}},"182":{"start":{"line":183,"column":0},"end":{"line":183,"column":30}},"183":{"start":{"line":184,"column":0},"end":{"line":184,"column":30}},"184":{"start":{"line":185,"column":0},"end":{"line":185,"column":3}},"186":{"start":{"line":187,"column":0},"end":{"line":187,"column":80}},"187":{"start":{"line":188,"column":0},"end":{"line":188,"column":62}},"189":{"start":{"line":190,"column":0},"end":{"line":190,"column":36}},"190":{"start":{"line":191,"column":0},"end":{"line":191,"column":45}},"191":{"start":{"line":192,"column":0},"end":{"line":192,"column":34}},"193":{"start":{"line":194,"column":0},"end":{"line":194,"column":32}},"194":{"start":{"line":195,"column":0},"end":{"line":195,"column":60}},"196":{"start":{"line":197,"column":0},"end":{"line":197,"column":34}},"197":{"start":{"line":198,"column":0},"end":{"line":198,"column":3}},"198":{"start":{"line":199,"column":0},"end":{"line":199,"column":59}},"199":{"start":{"line":200,"column":0},"end":{"line":200,"column":25}},"200":{"start":{"line":201,"column":0},"end":{"line":201,"column":9}},"201":{"start":{"line":202,"column":0},"end":{"line":202,"column":10}},"202":{"start":{"line":203,"column":0},"end":{"line":203,"column":17}},"203":{"start":{"line":204,"column":0},"end":{"line":204,"column":7}},"204":{"start":{"line":205,"column":0},"end":{"line":205,"column":3}},"206":{"start":{"line":207,"column":0},"end":{"line":207,"column":1}}},"s":{"0":0,"1":0,"4":0,"5":0,"6":0,"7":0,"10":0,"12":0,"13":0,"14":0,"16":0,"17":0,"18":0,"19":0,"20":0,"21":0,"23":0,"29":0,"30":0,"31":0,"32":0,"33":0,"35":0,"36":0,"37":0,"39":0,"40":0,"41":0,"42":0,"43":0,"44":0,"45":0,"46":0,"47":0,"49":0,"50":0,"51":0,"54":0,"55":0,"57":0,"58":0,"59":0,"60":0,"61":0,"62":0,"64":0,"65":0,"66":0,"67":0,"68":0,"69":0,"70":0,"71":0,"73":0,"74":0,"76":0,"77":0,"78":0,"79":0,"80":0,"81":0,"82":0,"83":0,"84":0,"85":0,"86":0,"87":0,"88":0,"90":0,"91":0,"92":0,"93":0,"94":0,"96":0,"102":0,"109":0,"111":0,"114":0,"117":0,"120":0,"121":0,"124":0,"125":0,"126":0,"127":0,"128":0,"129":0,"130":0,"131":0,"133":0,"134":0,"135":0,"136":0,"138":0,"139":0,"140":0,"141":0,"143":0,"144":0,"147":0,"148":0,"149":0,"150":0,"151":0,"152":0,"154":0,"157":0,"158":0,"160":0,"161":0,"162":0,"165":0,"166":0,"167":0,"168":0,"171":0,"172":0,"173":0,"174":0,"177":0,"178":0,"179":0,"180":0,"182":0,"183":0,"184":0,"186":0,"187":0,"189":0,"190":0,"191":0,"193":0,"194":0,"196":0,"197":0,"198":0,"199":0,"200":0,"201":0,"202":0,"203":0,"204":0,"206":0},"branchMap":{"0":{"type":"branch","line":1,"loc":{"start":{"line":1,"column":6953},"end":{"line":207,"column":1}},"locations":[{"start":{"line":1,"column":6953},"end":{"line":207,"column":1}}]}},"b":{"0":[0]},"fnMap":{"0":{"name":"(empty-report)","decl":{"start":{"line":1,"column":6953},"end":{"line":207,"column":1}},"loc":{"start":{"line":1,"column":6953},"end":{"line":207,"column":1}},"line":1}},"f":{"0":0}}
,"C:\\Users\\ahmed\\Documents\\git\\NPM-packages-Evaluator\\src\\GitHubAPI.ts": {"path":"C:\\Users\\ahmed\\Documents\\git\\NPM-packages-Evaluator\\src\\GitHubAPI.ts","all":false,"statementMap":{"0":{"start":{"line":1,"column":0},"end":{"line":1,"column":34}},"1":{"start":{"line":2,"column":0},"end":{"line":2,"column":45}},"2":{"start":{"line":3,"column":0},"end":{"line":3,"column":31}},"6":{"start":{"line":7,"column":0},"end":{"line":7,"column":36}},"7":{"start":{"line":8,"column":0},"end":{"line":8,"column":26}},"8":{"start":{"line":9,"column":0},"end":{"line":9,"column":29}},"10":{"start":{"line":11,"column":0},"end":{"line":11,"column":50}},"11":{"start":{"line":12,"column":0},"end":{"line":12,"column":16}},"12":{"start":{"line":13,"column":0},"end":{"line":13,"column":27}},"13":{"start":{"line":14,"column":0},"end":{"line":14,"column":33}},"14":{"start":{"line":15,"column":0},"end":{"line":15,"column":5}},"16":{"start":{"line":17,"column":0},"end":{"line":17,"column":51}},"17":{"start":{"line":18,"column":0},"end":{"line":18,"column":37}},"18":{"start":{"line":19,"column":0},"end":{"line":19,"column":42}},"19":{"start":{"line":20,"column":0},"end":{"line":20,"column":11}},"22":{"start":{"line":23,"column":0},"end":{"line":23,"column":38}},"23":{"start":{"line":24,"column":0},"end":{"line":24,"column":13}},"25":{"start":{"line":26,"column":0},"end":{"line":26,"column":30}},"26":{"start":{"line":27,"column":0},"end":{"line":27,"column":42}},"27":{"start":{"line":28,"column":0},"end":{"line":28,"column":58}},"30":{"start":{"line":31,"column":0},"end":{"line":31,"column":79}},"31":{"start":{"line":32,"column":0},"end":{"line":32,"column":34}},"32":{"start":{"line":33,"column":0},"end":{"line":33,"column":36}},"33":{"start":{"line":34,"column":0},"end":{"line":34,"column":26}},"34":{"start":{"line":35,"column":0},"end":{"line":35,"column":56}},"35":{"start":{"line":36,"column":0},"end":{"line":36,"column":17}},"36":{"start":{"line":37,"column":0},"end":{"line":37,"column":15}},"38":{"start":{"line":39,"column":0},"end":{"line":39,"column":34}},"39":{"start":{"line":40,"column":0},"end":{"line":40,"column":67}},"40":{"start":{"line":41,"column":0},"end":{"line":41,"column":34}},"41":{"start":{"line":42,"column":0},"end":{"line":42,"column":36}},"42":{"start":{"line":43,"column":0},"end":{"line":43,"column":26}},"43":{"start":{"line":44,"column":0},"end":{"line":44,"column":56}},"44":{"start":{"line":45,"column":0},"end":{"line":45,"column":17}},"45":{"start":{"line":46,"column":0},"end":{"line":46,"column":15}},"48":{"start":{"line":49,"column":0},"end":{"line":49,"column":60}},"49":{"start":{"line":50,"column":0},"end":{"line":50,"column":72}},"51":{"start":{"line":52,"column":0},"end":{"line":52,"column":34}},"52":{"start":{"line":53,"column":0},"end":{"line":53,"column":65}},"53":{"start":{"line":54,"column":0},"end":{"line":54,"column":34}},"54":{"start":{"line":55,"column":0},"end":{"line":55,"column":36}},"55":{"start":{"line":56,"column":0},"end":{"line":56,"column":26}},"56":{"start":{"line":57,"column":0},"end":{"line":57,"column":56}},"57":{"start":{"line":58,"column":0},"end":{"line":58,"column":17}},"58":{"start":{"line":59,"column":0},"end":{"line":59,"column":15}},"61":{"start":{"line":62,"column":0},"end":{"line":62,"column":50}},"62":{"start":{"line":63,"column":0},"end":{"line":63,"column":47}},"63":{"start":{"line":64,"column":0},"end":{"line":64,"column":53}},"64":{"start":{"line":65,"column":0},"end":{"line":65,"column":29}},"65":{"start":{"line":66,"column":0},"end":{"line":66,"column":30}},"66":{"start":{"line":67,"column":0},"end":{"line":67,"column":31}},"67":{"start":{"line":68,"column":0},"end":{"line":68,"column":36}},"68":{"start":{"line":69,"column":0},"end":{"line":69,"column":47}},"69":{"start":{"line":70,"column":0},"end":{"line":70,"column":15}},"71":{"start":{"line":72,"column":0},"end":{"line":72,"column":62}},"72":{"start":{"line":73,"column":0},"end":{"line":73,"column":57}},"77":{"start":{"line":78,"column":0},"end":{"line":78,"column":56}},"78":{"start":{"line":79,"column":0},"end":{"line":79,"column":67}},"79":{"start":{"line":80,"column":0},"end":{"line":80,"column":46}},"81":{"start":{"line":82,"column":0},"end":{"line":82,"column":50}},"82":{"start":{"line":83,"column":0},"end":{"line":83,"column":16}},"87":{"start":{"line":88,"column":0},"end":{"line":88,"column":49}},"88":{"start":{"line":89,"column":0},"end":{"line":89,"column":70}},"89":{"start":{"line":90,"column":0},"end":{"line":90,"column":75}},"90":{"start":{"line":91,"column":0},"end":{"line":91,"column":36}},"93":{"start":{"line":94,"column":0},"end":{"line":94,"column":40}},"94":{"start":{"line":95,"column":0},"end":{"line":95,"column":36}},"95":{"start":{"line":96,"column":0},"end":{"line":96,"column":76}},"96":{"start":{"line":97,"column":0},"end":{"line":97,"column":23}},"97":{"start":{"line":98,"column":0},"end":{"line":98,"column":70}},"98":{"start":{"line":99,"column":0},"end":{"line":99,"column":40}},"99":{"start":{"line":100,"column":0},"end":{"line":100,"column":37}},"100":{"start":{"line":101,"column":0},"end":{"line":101,"column":44}},"101":{"start":{"line":102,"column":0},"end":{"line":102,"column":47}},"102":{"start":{"line":103,"column":0},"end":{"line":103,"column":52}},"103":{"start":{"line":104,"column":0},"end":{"line":104,"column":60}},"104":{"start":{"line":105,"column":0},"end":{"line":105,"column":28}},"105":{"start":{"line":106,"column":0},"end":{"line":106,"column":33}},"106":{"start":{"line":107,"column":0},"end":{"line":107,"column":35}},"107":{"start":{"line":108,"column":0},"end":{"line":108,"column":24}},"108":{"start":{"line":109,"column":0},"end":{"line":109,"column":30}},"109":{"start":{"line":110,"column":0},"end":{"line":110,"column":40}},"110":{"start":{"line":111,"column":0},"end":{"line":111,"column":27}},"111":{"start":{"line":112,"column":0},"end":{"line":112,"column":24}},"112":{"start":{"line":113,"column":0},"end":{"line":113,"column":14}},"113":{"start":{"line":114,"column":0},"end":{"line":114,"column":25}},"114":{"start":{"line":115,"column":0},"end":{"line":115,"column":30}},"115":{"start":{"line":116,"column":0},"end":{"line":116,"column":80}},"116":{"start":{"line":117,"column":0},"end":{"line":117,"column":66}},"117":{"start":{"line":118,"column":0},"end":{"line":118,"column":9}},"118":{"start":{"line":119,"column":0},"end":{"line":119,"column":5}},"121":{"start":{"line":122,"column":0},"end":{"line":122,"column":49}},"122":{"start":{"line":123,"column":0},"end":{"line":123,"column":61}},"123":{"start":{"line":124,"column":0},"end":{"line":124,"column":41}},"124":{"start":{"line":125,"column":0},"end":{"line":125,"column":39}},"125":{"start":{"line":126,"column":0},"end":{"line":126,"column":21}},"126":{"start":{"line":127,"column":0},"end":{"line":127,"column":28}},"127":{"start":{"line":128,"column":0},"end":{"line":128,"column":30}},"129":{"start":{"line":130,"column":0},"end":{"line":130,"column":39}},"130":{"start":{"line":131,"column":0},"end":{"line":131,"column":42}},"131":{"start":{"line":132,"column":0},"end":{"line":132,"column":60}},"134":{"start":{"line":135,"column":0},"end":{"line":135,"column":28}},"135":{"start":{"line":136,"column":0},"end":{"line":136,"column":94}},"136":{"start":{"line":137,"column":0},"end":{"line":137,"column":34}},"137":{"start":{"line":138,"column":0},"end":{"line":138,"column":36}},"138":{"start":{"line":139,"column":0},"end":{"line":139,"column":26}},"139":{"start":{"line":140,"column":0},"end":{"line":140,"column":56}},"140":{"start":{"line":141,"column":0},"end":{"line":141,"column":18}},"141":{"start":{"line":142,"column":0},"end":{"line":142,"column":27}},"142":{"start":{"line":143,"column":0},"end":{"line":143,"column":34}},"143":{"start":{"line":144,"column":0},"end":{"line":144,"column":32}},"144":{"start":{"line":145,"column":0},"end":{"line":145,"column":51}},"145":{"start":{"line":146,"column":0},"end":{"line":146,"column":15}},"147":{"start":{"line":148,"column":0},"end":{"line":148,"column":65}},"148":{"start":{"line":149,"column":0},"end":{"line":149,"column":45}},"149":{"start":{"line":150,"column":0},"end":{"line":150,"column":35}},"150":{"start":{"line":151,"column":0},"end":{"line":151,"column":20}},"151":{"start":{"line":152,"column":0},"end":{"line":152,"column":52}},"152":{"start":{"line":153,"column":0},"end":{"line":153,"column":23}},"153":{"start":{"line":154,"column":0},"end":{"line":154,"column":13}},"154":{"start":{"line":155,"column":0},"end":{"line":155,"column":9}},"157":{"start":{"line":158,"column":0},"end":{"line":158,"column":17}},"158":{"start":{"line":159,"column":0},"end":{"line":159,"column":26}},"159":{"start":{"line":160,"column":0},"end":{"line":160,"column":28}},"160":{"start":{"line":161,"column":0},"end":{"line":161,"column":94}},"161":{"start":{"line":162,"column":0},"end":{"line":162,"column":34}},"162":{"start":{"line":163,"column":0},"end":{"line":163,"column":36}},"163":{"start":{"line":164,"column":0},"end":{"line":164,"column":26}},"164":{"start":{"line":165,"column":0},"end":{"line":165,"column":56}},"165":{"start":{"line":166,"column":0},"end":{"line":166,"column":18}},"166":{"start":{"line":167,"column":0},"end":{"line":167,"column":27}},"167":{"start":{"line":168,"column":0},"end":{"line":168,"column":34}},"168":{"start":{"line":169,"column":0},"end":{"line":169,"column":51}},"169":{"start":{"line":170,"column":0},"end":{"line":170,"column":51}},"170":{"start":{"line":171,"column":0},"end":{"line":171,"column":15}},"172":{"start":{"line":173,"column":0},"end":{"line":173,"column":65}},"173":{"start":{"line":174,"column":0},"end":{"line":174,"column":45}},"174":{"start":{"line":175,"column":0},"end":{"line":175,"column":35}},"175":{"start":{"line":176,"column":0},"end":{"line":176,"column":20}},"176":{"start":{"line":177,"column":0},"end":{"line":177,"column":50}},"177":{"start":{"line":178,"column":0},"end":{"line":178,"column":23}},"178":{"start":{"line":179,"column":0},"end":{"line":179,"column":13}},"179":{"start":{"line":180,"column":0},"end":{"line":180,"column":9}},"182":{"start":{"line":183,"column":0},"end":{"line":183,"column":44}},"183":{"start":{"line":184,"column":0},"end":{"line":184,"column":5}},"187":{"start":{"line":188,"column":0},"end":{"line":188,"column":79}},"188":{"start":{"line":189,"column":0},"end":{"line":189,"column":47}},"189":{"start":{"line":190,"column":0},"end":{"line":190,"column":21}},"190":{"start":{"line":191,"column":0},"end":{"line":191,"column":27}},"191":{"start":{"line":192,"column":0},"end":{"line":192,"column":36}},"194":{"start":{"line":195,"column":0},"end":{"line":195,"column":34}},"195":{"start":{"line":196,"column":0},"end":{"line":196,"column":41}},"196":{"start":{"line":197,"column":0},"end":{"line":197,"column":77}},"198":{"start":{"line":199,"column":0},"end":{"line":199,"column":34}},"199":{"start":{"line":200,"column":0},"end":{"line":200,"column":36}},"200":{"start":{"line":201,"column":0},"end":{"line":201,"column":26}},"201":{"start":{"line":202,"column":0},"end":{"line":202,"column":56}},"202":{"start":{"line":203,"column":0},"end":{"line":203,"column":18}},"203":{"start":{"line":204,"column":0},"end":{"line":204,"column":27}},"204":{"start":{"line":205,"column":0},"end":{"line":205,"column":33}},"205":{"start":{"line":206,"column":0},"end":{"line":206,"column":15}},"207":{"start":{"line":208,"column":0},"end":{"line":208,"column":40}},"208":{"start":{"line":209,"column":0},"end":{"line":209,"column":55}},"209":{"start":{"line":210,"column":0},"end":{"line":210,"column":51}},"210":{"start":{"line":211,"column":0},"end":{"line":211,"column":41}},"211":{"start":{"line":212,"column":0},"end":{"line":212,"column":20}},"212":{"start":{"line":213,"column":0},"end":{"line":213,"column":58}},"213":{"start":{"line":214,"column":0},"end":{"line":214,"column":23}},"214":{"start":{"line":215,"column":0},"end":{"line":215,"column":13}},"215":{"start":{"line":216,"column":0},"end":{"line":216,"column":9}},"217":{"start":{"line":218,"column":0},"end":{"line":218,"column":28}},"218":{"start":{"line":219,"column":0},"end":{"line":219,"column":5}},"220":{"start":{"line":221,"column":0},"end":{"line":221,"column":72}},"222":{"start":{"line":223,"column":0},"end":{"line":223,"column":51}},"223":{"start":{"line":224,"column":0},"end":{"line":224,"column":77}},"224":{"start":{"line":225,"column":0},"end":{"line":225,"column":9}},"226":{"start":{"line":227,"column":0},"end":{"line":227,"column":60}},"227":{"start":{"line":228,"column":0},"end":{"line":228,"column":5}},"228":{"start":{"line":229,"column":0},"end":{"line":229,"column":1}}},"s":{"0":1,"1":1,"2":1,"6":1,"7":4,"8":4,"10":4,"11":4,"12":4,"13":4,"14":4,"16":4,"17":2,"18":2,"19":2,"22":2,"23":2,"25":2,"26":2,"27":2,"30":2,"31":2,"32":2,"33":2,"34":2,"35":2,"36":2,"38":2,"39":2,"40":2,"41":2,"42":2,"43":2,"44":2,"45":2,"48":2,"49":2,"51":2,"52":2,"53":2,"54":2,"55":2,"56":2,"57":2,"58":2,"61":2,"62":2,"63":2,"64":2,"65":2,"66":2,"67":2,"68":2,"69":2,"71":1,"72":1,"77":1,"78":1,"79":2,"81":2,"82":1,"87":1,"88":1,"89":1,"90":2,"93":2,"94":2,"95":2,"96":2,"97":2,"98":2,"99":2,"100":2,"101":2,"102":2,"103":2,"104":2,"105":2,"106":2,"107":2,"108":2,"109":2,"110":2,"111":2,"112":2,"113":2,"114":1,"115":1,"116":1,"117":1,"118":2,"121":4,"122":2,"123":2,"124":2,"125":2,"126":2,"127":2,"129":2,"130":2,"131":2,"134":2,"135":3,"136":3,"137":3,"138":3,"139":3,"140":3,"141":3,"142":3,"143":3,"144":3,"145":3,"147":2,"148":3,"149":1,"150":1,"151":1,"152":1,"153":1,"154":3,"157":1,"158":1,"159":2,"160":2,"161":2,"162":2,"163":2,"164":2,"165":2,"166":2,"167":2,"168":2,"169":2,"170":2,"172":2,"173":2,"174":1,"175":1,"176":1,"177":1,"178":1,"179":2,"182":1,"183":2,"187":4,"188":2,"189":2,"190":2,"191":2,"194":2,"195":3,"196":3,"198":3,"199":3,"200":3,"201":3,"202":3,"203":3,"204":3,"205":3,"207":2,"208":2,"209":3,"210":1,"211":1,"212":1,"213":1,"214":1,"215":3,"217":1,"218":2,"220":4,"222":1,"223":0,"224":0,"226":1,"227":1,"228":4},"branchMap":{"0":{"type":"branch","line":7,"loc":{"start":{"line":7,"column":7},"end":{"line":229,"column":1}},"locations":[{"start":{"line":7,"column":7},"end":{"line":229,"column":1}}]},"1":{"type":"branch","line":11,"loc":{"start":{"line":11,"column":4},"end":{"line":15,"column":5}},"locations":[{"start":{"line":11,"column":4},"end":{"line":15,"column":5}}]},"2":{"type":"branch","line":17,"loc":{"start":{"line":17,"column":4},"end":{"line":119,"column":5}},"locations":[{"start":{"line":17,"column":4},"end":{"line":119,"column":5}}]},"3":{"type":"branch","line":70,"loc":{"start":{"line":70,"column":13},"end":{"line":91,"column":28}},"locations":[{"start":{"line":70,"column":13},"end":{"line":91,"column":28}}]},"4":{"type":"branch","line":91,"loc":{"start":{"line":91,"column":21},"end":{"line":91,"column":36}},"locations":[{"start":{"line":91,"column":21},"end":{"line":91,"column":36}}]},"5":{"type":"branch","line":114,"loc":{"start":{"line":114,"column":8},"end":{"line":118,"column":9}},"locations":[{"start":{"line":114,"column":8},"end":{"line":118,"column":9}}]},"6":{"type":"branch","line":69,"loc":{"start":{"line":69,"column":36},"end":{"line":69,"column":46}},"locations":[{"start":{"line":69,"column":36},"end":{"line":69,"column":46}}]},"7":{"type":"branch","line":79,"loc":{"start":{"line":79,"column":35},"end":{"line":83,"column":14}},"locations":[{"start":{"line":79,"column":35},"end":{"line":83,"column":14}}]},"8":{"type":"branch","line":122,"loc":{"start":{"line":122,"column":4},"end":{"line":184,"column":5}},"locations":[{"start":{"line":122,"column":4},"end":{"line":184,"column":5}}]},"9":{"type":"branch","line":135,"loc":{"start":{"line":135,"column":27},"end":{"line":155,"column":9}},"locations":[{"start":{"line":135,"column":27},"end":{"line":155,"column":9}}]},"10":{"type":"branch","line":146,"loc":{"start":{"line":146,"column":13},"end":{"line":149,"column":44}},"locations":[{"start":{"line":146,"column":13},"end":{"line":149,"column":44}}]},"11":{"type":"branch","line":149,"loc":{"start":{"line":149,"column":44},"end":{"line":154,"column":13}},"locations":[{"start":{"line":149,"column":44},"end":{"line":154,"column":13}}]},"12":{"type":"branch","line":155,"loc":{"start":{"line":155,"column":8},"end":{"line":160,"column":27}},"locations":[{"start":{"line":155,"column":8},"end":{"line":160,"column":27}}]},"13":{"type":"branch","line":174,"loc":{"start":{"line":174,"column":44},"end":{"line":179,"column":13}},"locations":[{"start":{"line":174,"column":44},"end":{"line":179,"column":13}}]},"14":{"type":"branch","line":180,"loc":{"start":{"line":180,"column":8},"end":{"line":183,"column":44}},"locations":[{"start":{"line":180,"column":8},"end":{"line":183,"column":44}}]},"15":{"type":"branch","line":188,"loc":{"start":{"line":188,"column":4},"end":{"line":219,"column":5}},"locations":[{"start":{"line":188,"column":4},"end":{"line":219,"column":5}}]},"16":{"type":"branch","line":195,"loc":{"start":{"line":195,"column":33},"end":{"line":216,"column":9}},"locations":[{"start":{"line":195,"column":33},"end":{"line":216,"column":9}}]},"17":{"type":"branch","line":206,"loc":{"start":{"line":206,"column":13},"end":{"line":210,"column":50}},"locations":[{"start":{"line":206,"column":13},"end":{"line":210,"column":50}}]},"18":{"type":"branch","line":210,"loc":{"start":{"line":210,"column":50},"end":{"line":215,"column":13}},"locations":[{"start":{"line":210,"column":50},"end":{"line":215,"column":13}}]},"19":{"type":"branch","line":216,"loc":{"start":{"line":216,"column":8},"end":{"line":218,"column":28}},"locations":[{"start":{"line":216,"column":8},"end":{"line":218,"column":28}}]},"20":{"type":"branch","line":221,"loc":{"start":{"line":221,"column":11},"end":{"line":228,"column":5}},"locations":[{"start":{"line":221,"column":11},"end":{"line":228,"column":5}}]},"21":{"type":"branch","line":223,"loc":{"start":{"line":223,"column":50},"end":{"line":225,"column":9}},"locations":[{"start":{"line":223,"column":50},"end":{"line":225,"column":9}}]}},"b":{"0":[4],"1":[4],"2":[2],"3":[1],"4":[0],"5":[1],"6":[1],"7":[2],"8":[2],"9":[3],"10":[2],"11":[1],"12":[1],"13":[1],"14":[1],"15":[2],"16":[3],"17":[2],"18":[1],"19":[1],"20":[1],"21":[0]},"fnMap":{"0":{"name":"<instance_members_initializer>","decl":{"start":{"line":7,"column":7},"end":{"line":229,"column":1}},"loc":{"start":{"line":7,"column":7},"end":{"line":229,"column":1}},"line":7},"1":{"name":"GitHubAPI","decl":{"start":{"line":11,"column":4},"end":{"line":15,"column":5}},"loc":{"start":{"line":11,"column":4},"end":{"line":15,"column":5}},"line":11},"2":{"name":"fetchData","decl":{"start":{"line":17,"column":4},"end":{"line":119,"column":5}},"loc":{"start":{"line":17,"column":4},"end":{"line":119,"column":5}},"line":17},"3":{"name":"fetchIssues","decl":{"start":{"line":122,"column":4},"end":{"line":184,"column":5}},"loc":{"start":{"line":122,"column":4},"end":{"line":184,"column":5}},"line":122},"4":{"name":"fetchContributors","decl":{"start":{"line":188,"column":4},"end":{"line":219,"column":5}},"loc":{"start":{"line":188,"column":4},"end":{"line":219,"column":5}},"line":188},"5":{"name":"generateRepoUrl","decl":{"start":{"line":221,"column":11},"end":{"line":228,"column":5}},"loc":{"start":{"line":221,"column":11},"end":{"line":228,"column":5}},"line":221}},"f":{"0":4,"1":4,"2":2,"3":2,"4":2,"5":1}}
,"C:\\Users\\ahmed\\Documents\\git\\NPM-packages-Evaluator\\src\\GitHubData.ts": {"path":"C:\\Users\\ahmed\\Documents\\git\\NPM-packages-Evaluator\\src\\GitHubData.ts","all":false,"statementMap":{"0":{"start":{"line":1,"column":0},"end":{"line":1,"column":44}},"1":{"start":{"line":2,"column":0},"end":{"line":2,"column":37}},"2":{"start":{"line":3,"column":0},"end":{"line":3,"column":26}},"5":{"start":{"line":6,"column":0},"end":{"line":6,"column":23}},"6":{"start":{"line":7,"column":0},"end":{"line":7,"column":24}},"7":{"start":{"line":8,"column":0},"end":{"line":8,"column":40}},"8":{"start":{"line":9,"column":0},"end":{"line":9,"column":35}},"9":{"start":{"line":10,"column":0},"end":{"line":10,"column":33}},"10":{"start":{"line":11,"column":0},"end":{"line":11,"column":33}},"11":{"start":{"line":12,"column":0},"end":{"line":12,"column":41}},"12":{"start":{"line":13,"column":0},"end":{"line":13,"column":27}},"13":{"start":{"line":14,"column":0},"end":{"line":14,"column":32}},"14":{"start":{"line":15,"column":0},"end":{"line":15,"column":69}},"15":{"start":{"line":16,"column":0},"end":{"line":16,"column":27}},"16":{"start":{"line":17,"column":0},"end":{"line":17,"column":34}},"17":{"start":{"line":18,"column":0},"end":{"line":18,"column":24}},"18":{"start":{"line":19,"column":0},"end":{"line":19,"column":31}},"19":{"start":{"line":20,"column":0},"end":{"line":20,"column":27}},"23":{"start":{"line":24,"column":0},"end":{"line":24,"column":35}},"24":{"start":{"line":25,"column":0},"end":{"line":25,"column":28}},"25":{"start":{"line":26,"column":0},"end":{"line":26,"column":38}},"26":{"start":{"line":27,"column":0},"end":{"line":27,"column":33}},"27":{"start":{"line":28,"column":0},"end":{"line":28,"column":31}},"28":{"start":{"line":29,"column":0},"end":{"line":29,"column":31}},"29":{"start":{"line":30,"column":0},"end":{"line":30,"column":39}},"30":{"start":{"line":31,"column":0},"end":{"line":31,"column":29}},"31":{"start":{"line":32,"column":0},"end":{"line":32,"column":34}},"32":{"start":{"line":33,"column":0},"end":{"line":33,"column":68}},"33":{"start":{"line":34,"column":0},"end":{"line":34,"column":31}},"34":{"start":{"line":35,"column":0},"end":{"line":35,"column":33}},"35":{"start":{"line":36,"column":0},"end":{"line":36,"column":22}},"36":{"start":{"line":37,"column":0},"end":{"line":37,"column":30}},"37":{"start":{"line":38,"column":0},"end":{"line":38,"column":24}},"38":{"start":{"line":39,"column":0},"end":{"line":39,"column":6}},"41":{"start":{"line":42,"column":0},"end":{"line":42,"column":23}},"42":{"start":{"line":43,"column":0},"end":{"line":43,"column":55}},"43":{"start":{"line":44,"column":0},"end":{"line":44,"column":45}},"44":{"start":{"line":45,"column":0},"end":{"line":45,"column":41}},"45":{"start":{"line":46,"column":0},"end":{"line":46,"column":41}},"46":{"start":{"line":47,"column":0},"end":{"line":47,"column":57}},"47":{"start":{"line":48,"column":0},"end":{"line":48,"column":27}},"48":{"start":{"line":49,"column":0},"end":{"line":49,"column":37}},"49":{"start":{"line":50,"column":0},"end":{"line":50,"column":41}},"50":{"start":{"line":51,"column":0},"end":{"line":51,"column":31}},"51":{"start":{"line":52,"column":0},"end":{"line":52,"column":43}},"52":{"start":{"line":53,"column":0},"end":{"line":53,"column":21}},"53":{"start":{"line":54,"column":0},"end":{"line":54,"column":23}},"54":{"start":{"line":55,"column":0},"end":{"line":55,"column":35}},"55":{"start":{"line":56,"column":0},"end":{"line":56,"column":29}},"56":{"start":{"line":57,"column":0},"end":{"line":57,"column":5}},"57":{"start":{"line":58,"column":0},"end":{"line":58,"column":30}},"58":{"start":{"line":59,"column":0},"end":{"line":59,"column":34}},"59":{"start":{"line":60,"column":0},"end":{"line":60,"column":38}},"60":{"start":{"line":61,"column":0},"end":{"line":61,"column":45}},"62":{"start":{"line":63,"column":0},"end":{"line":63,"column":65}},"63":{"start":{"line":64,"column":0},"end":{"line":64,"column":47}},"64":{"start":{"line":65,"column":0},"end":{"line":65,"column":66}},"65":{"start":{"line":66,"column":0},"end":{"line":66,"column":42}},"67":{"start":{"line":68,"column":0},"end":{"line":68,"column":30}},"68":{"start":{"line":69,"column":0},"end":{"line":69,"column":72}},"69":{"start":{"line":70,"column":0},"end":{"line":70,"column":59}},"70":{"start":{"line":71,"column":0},"end":{"line":71,"column":71}},"71":{"start":{"line":72,"column":0},"end":{"line":72,"column":81}},"72":{"start":{"line":73,"column":0},"end":{"line":73,"column":64}},"73":{"start":{"line":74,"column":0},"end":{"line":74,"column":40}},"74":{"start":{"line":75,"column":0},"end":{"line":75,"column":64}},"75":{"start":{"line":76,"column":0},"end":{"line":76,"column":40}},"76":{"start":{"line":77,"column":0},"end":{"line":77,"column":38}},"77":{"start":{"line":78,"column":0},"end":{"line":78,"column":44}},"78":{"start":{"line":79,"column":0},"end":{"line":79,"column":68}},"79":{"start":{"line":80,"column":0},"end":{"line":80,"column":27}},"80":{"start":{"line":81,"column":0},"end":{"line":81,"column":30}},"81":{"start":{"line":82,"column":0},"end":{"line":82,"column":81}},"82":{"start":{"line":83,"column":0},"end":{"line":83,"column":50}},"83":{"start":{"line":84,"column":0},"end":{"line":84,"column":71}},"84":{"start":{"line":85,"column":0},"end":{"line":85,"column":81}},"85":{"start":{"line":86,"column":0},"end":{"line":86,"column":66}},"86":{"start":{"line":87,"column":0},"end":{"line":87,"column":46}},"87":{"start":{"line":88,"column":0},"end":{"line":88,"column":5}},"89":{"start":{"line":90,"column":0},"end":{"line":90,"column":1}}},"s":{"0":1,"1":1,"2":1,"5":4,"6":4,"7":4,"8":4,"9":4,"10":4,"11":4,"12":4,"13":4,"14":4,"15":4,"16":4,"17":4,"18":4,"19":4,"23":4,"24":4,"25":4,"26":4,"27":4,"28":4,"29":4,"30":4,"31":4,"32":4,"33":4,"34":4,"35":4,"36":4,"37":4,"38":4,"41":4,"42":4,"43":4,"44":4,"45":4,"46":4,"47":4,"48":4,"49":4,"50":4,"51":4,"52":4,"53":4,"54":4,"55":4,"56":4,"57":4,"58":2,"59":2,"60":2,"62":2,"63":2,"64":2,"65":2,"67":2,"68":2,"69":2,"70":2,"71":2,"72":2,"73":2,"74":2,"75":2,"76":2,"77":2,"78":2,"79":2,"80":2,"81":2,"82":2,"83":2,"84":2,"85":2,"86":2,"87":2,"89":4},"branchMap":{"0":{"type":"branch","line":3,"loc":{"start":{"line":3,"column":7},"end":{"line":90,"column":1}},"locations":[{"start":{"line":3,"column":7},"end":{"line":90,"column":1}}]},"1":{"type":"branch","line":24,"loc":{"start":{"line":24,"column":4},"end":{"line":57,"column":5}},"locations":[{"start":{"line":24,"column":4},"end":{"line":57,"column":5}}]},"2":{"type":"branch","line":58,"loc":{"start":{"line":58,"column":11},"end":{"line":88,"column":5}},"locations":[{"start":{"line":58,"column":11},"end":{"line":88,"column":5}}]},"3":{"type":"branch","line":63,"loc":{"start":{"line":63,"column":57},"end":{"line":64,"column":38}},"locations":[{"start":{"line":63,"column":57},"end":{"line":64,"column":38}}]},"4":{"type":"branch","line":64,"loc":{"start":{"line":64,"column":15},"end":{"line":64,"column":43}},"locations":[{"start":{"line":64,"column":15},"end":{"line":64,"column":43}}]},"5":{"type":"branch","line":65,"loc":{"start":{"line":65,"column":58},"end":{"line":66,"column":33}},"locations":[{"start":{"line":65,"column":58},"end":{"line":66,"column":33}}]},"6":{"type":"branch","line":66,"loc":{"start":{"line":66,"column":15},"end":{"line":66,"column":38}},"locations":[{"start":{"line":66,"column":15},"end":{"line":66,"column":38}}]},"7":{"type":"branch","line":69,"loc":{"start":{"line":69,"column":64},"end":{"line":70,"column":50}},"locations":[{"start":{"line":69,"column":64},"end":{"line":70,"column":50}}]},"8":{"type":"branch","line":70,"loc":{"start":{"line":70,"column":36},"end":{"line":70,"column":55}},"locations":[{"start":{"line":70,"column":36},"end":{"line":70,"column":55}}]},"9":{"type":"branch","line":71,"loc":{"start":{"line":71,"column":46},"end":{"line":71,"column":63}},"locations":[{"start":{"line":71,"column":46},"end":{"line":71,"column":63}}]},"10":{"type":"branch","line":71,"loc":{"start":{"line":71,"column":55},"end":{"line":71,"column":67}},"locations":[{"start":{"line":71,"column":55},"end":{"line":71,"column":67}}]},"11":{"type":"branch","line":72,"loc":{"start":{"line":72,"column":51},"end":{"line":72,"column":73}},"locations":[{"start":{"line":72,"column":51},"end":{"line":72,"column":73}}]},"12":{"type":"branch","line":72,"loc":{"start":{"line":72,"column":65},"end":{"line":72,"column":77}},"locations":[{"start":{"line":72,"column":65},"end":{"line":72,"column":77}}]},"13":{"type":"branch","line":73,"loc":{"start":{"line":73,"column":56},"end":{"line":74,"column":31}},"locations":[{"start":{"line":73,"column":56},"end":{"line":74,"column":31}}]},"14":{"type":"branch","line":74,"loc":{"start":{"line":74,"column":15},"end":{"line":74,"column":36}},"locations":[{"start":{"line":74,"column":15},"end":{"line":74,"column":36}}]},"15":{"type":"branch","line":75,"loc":{"start":{"line":75,"column":56},"end":{"line":76,"column":31}},"locations":[{"start":{"line":75,"column":56},"end":{"line":76,"column":31}}]},"16":{"type":"branch","line":76,"loc":{"start":{"line":76,"column":15},"end":{"line":76,"column":36}},"locations":[{"start":{"line":76,"column":15},"end":{"line":76,"column":36}}]},"17":{"type":"branch","line":79,"loc":{"start":{"line":79,"column":53},"end":{"line":80,"column":17}},"locations":[{"start":{"line":79,"column":53},"end":{"line":80,"column":17}}]},"18":{"type":"branch","line":80,"loc":{"start":{"line":80,"column":8},"end":{"line":80,"column":22}},"locations":[{"start":{"line":80,"column":8},"end":{"line":80,"column":22}}]},"19":{"type":"branch","line":82,"loc":{"start":{"line":82,"column":78},"end":{"line":83,"column":41}},"locations":[{"start":{"line":82,"column":78},"end":{"line":83,"column":41}}]},"20":{"type":"branch","line":83,"loc":{"start":{"line":83,"column":31},"end":{"line":83,"column":46}},"locations":[{"start":{"line":83,"column":31},"end":{"line":83,"column":46}}]},"21":{"type":"branch","line":84,"loc":{"start":{"line":84,"column":46},"end":{"line":84,"column":63}},"locations":[{"start":{"line":84,"column":46},"end":{"line":84,"column":63}}]},"22":{"type":"branch","line":84,"loc":{"start":{"line":84,"column":55},"end":{"line":84,"column":67}},"locations":[{"start":{"line":84,"column":55},"end":{"line":84,"column":67}}]},"23":{"type":"branch","line":85,"loc":{"start":{"line":85,"column":51},"end":{"line":85,"column":73}},"locations":[{"start":{"line":85,"column":51},"end":{"line":85,"column":73}}]},"24":{"type":"branch","line":85,"loc":{"start":{"line":85,"column":65},"end":{"line":85,"column":77}},"locations":[{"start":{"line":85,"column":65},"end":{"line":85,"column":77}}]},"25":{"type":"branch","line":86,"loc":{"start":{"line":86,"column":57},"end":{"line":87,"column":37}},"locations":[{"start":{"line":86,"column":57},"end":{"line":87,"column":37}}]},"26":{"type":"branch","line":87,"loc":{"start":{"line":87,"column":14},"end":{"line":87,"column":42}},"locations":[{"start":{"line":87,"column":14},"end":{"line":87,"column":42}}]}},"b":{"0":[4],"1":[4],"2":[2],"3":[1],"4":[1],"5":[1],"6":[1],"7":[1],"8":[1],"9":[1],"10":[1],"11":[1],"12":[1],"13":[1],"14":[1],"15":[1],"16":[1],"17":[1],"18":[1],"19":[1],"20":[1],"21":[1],"22":[1],"23":[1],"24":[1],"25":[1],"26":[1]},"fnMap":{"0":{"name":"<instance_members_initializer>","decl":{"start":{"line":3,"column":7},"end":{"line":90,"column":1}},"loc":{"start":{"line":3,"column":7},"end":{"line":90,"column":1}},"line":3},"1":{"name":"GitHubData","decl":{"start":{"line":24,"column":4},"end":{"line":57,"column":5}},"loc":{"start":{"line":24,"column":4},"end":{"line":57,"column":5}},"line":24},"2":{"name":"printMyData","decl":{"start":{"line":58,"column":11},"end":{"line":88,"column":5}},"loc":{"start":{"line":58,"column":11},"end":{"line":88,"column":5}},"line":58}},"f":{"0":4,"1":4,"2":2}}
,"C:\\Users\\ahmed\\Documents\\git\\NPM-packages-Evaluator\\src\\IssueInterface.ts": {"path":"C:\\Users\\ahmed\\Documents\\git\\NPM-packages-Evaluator\\src\\IssueInterface.ts","all":true,"statementMap":{},"s":{},"branchMap":{"0":{"type":"branch","line":1,"loc":{"start":{"line":1,"column":134},"end":{"line":7,"column":1}},"locations":[{"start":{"line":1,"column":134},"end":{"line":7,"column":1}}]}},"b":{"0":[1]},"fnMap":{"0":{"name":"(empty-report)","decl":{"start":{"line":1,"column":134},"end":{"line":7,"column":1}},"loc":{"start":{"line":1,"column":134},"end":{"line":7,"column":1}},"line":1}},"f":{"0":1}}
,"C:\\Users\\ahmed\\Documents\\git\\NPM-packages-Evaluator\\src\\LicenseMetric.ts": {"path":"C:\\Users\\ahmed\\Documents\\git\\NPM-packages-Evaluator\\src\\LicenseMetric.ts","all":true,"statementMap":{"0":{"start":{"line":1,"column":0},"end":{"line":1,"column":18}},"1":{"start":{"line":2,"column":0},"end":{"line":2,"column":39}},"5":{"start":{"line":6,"column":0},"end":{"line":6,"column":44}},"6":{"start":{"line":7,"column":0},"end":{"line":7,"column":24}},"8":{"start":{"line":9,"column":0},"end":{"line":9,"column":46}},"9":{"start":{"line":10,"column":0},"end":{"line":10,"column":14}},"10":{"start":{"line":11,"column":0},"end":{"line":11,"column":14}},"11":{"start":{"line":12,"column":0},"end":{"line":12,"column":12}},"12":{"start":{"line":13,"column":0},"end":{"line":13,"column":17}},"13":{"start":{"line":14,"column":0},"end":{"line":14,"column":18}},"16":{"start":{"line":17,"column":0},"end":{"line":17,"column":46}},"17":{"start":{"line":18,"column":0},"end":{"line":18,"column":14}},"18":{"start":{"line":19,"column":0},"end":{"line":19,"column":14}},"19":{"start":{"line":20,"column":0},"end":{"line":20,"column":12}},"20":{"start":{"line":21,"column":0},"end":{"line":21,"column":17}},"21":{"start":{"line":22,"column":0},"end":{"line":22,"column":18}},"24":{"start":{"line":25,"column":0},"end":{"line":25,"column":10}},"25":{"start":{"line":26,"column":0},"end":{"line":26,"column":18}},"26":{"start":{"line":27,"column":0},"end":{"line":27,"column":52}},"29":{"start":{"line":30,"column":0},"end":{"line":30,"column":29}},"30":{"start":{"line":31,"column":0},"end":{"line":31,"column":19}},"31":{"start":{"line":32,"column":0},"end":{"line":32,"column":19}},"32":{"start":{"line":33,"column":0},"end":{"line":33,"column":29}},"33":{"start":{"line":34,"column":0},"end":{"line":34,"column":26}},"36":{"start":{"line":37,"column":0},"end":{"line":37,"column":29}},"37":{"start":{"line":38,"column":0},"end":{"line":38,"column":19}},"38":{"start":{"line":39,"column":0},"end":{"line":39,"column":19}},"39":{"start":{"line":40,"column":0},"end":{"line":40,"column":22}},"40":{"start":{"line":41,"column":0},"end":{"line":41,"column":27}},"43":{"start":{"line":44,"column":0},"end":{"line":44,"column":25}},"44":{"start":{"line":45,"column":0},"end":{"line":45,"column":17}},"45":{"start":{"line":46,"column":0},"end":{"line":46,"column":34}},"48":{"start":{"line":49,"column":0},"end":{"line":49,"column":19}},"49":{"start":{"line":50,"column":0},"end":{"line":50,"column":26}},"50":{"start":{"line":51,"column":0},"end":{"line":51,"column":11}},"53":{"start":{"line":54,"column":0},"end":{"line":54,"column":18}},"54":{"start":{"line":55,"column":0},"end":{"line":55,"column":22}},"55":{"start":{"line":56,"column":0},"end":{"line":56,"column":10}},"56":{"start":{"line":57,"column":0},"end":{"line":57,"column":24}},"59":{"start":{"line":60,"column":0},"end":{"line":60,"column":20}},"60":{"start":{"line":61,"column":0},"end":{"line":61,"column":16}},"61":{"start":{"line":62,"column":0},"end":{"line":62,"column":9}},"62":{"start":{"line":63,"column":0},"end":{"line":63,"column":4}},"64":{"start":{"line":65,"column":0},"end":{"line":65,"column":26}},"66":{"start":{"line":67,"column":0},"end":{"line":67,"column":33}},"67":{"start":{"line":68,"column":0},"end":{"line":68,"column":14}},"68":{"start":{"line":69,"column":0},"end":{"line":69,"column":14}},"71":{"start":{"line":72,"column":0},"end":{"line":72,"column":47}},"72":{"start":{"line":73,"column":0},"end":{"line":73,"column":11}},"73":{"start":{"line":74,"column":0},"end":{"line":74,"column":15}},"74":{"start":{"line":75,"column":0},"end":{"line":75,"column":15}},"75":{"start":{"line":76,"column":0},"end":{"line":76,"column":36}},"76":{"start":{"line":77,"column":0},"end":{"line":77,"column":19}},"77":{"start":{"line":78,"column":0},"end":{"line":78,"column":19}},"80":{"start":{"line":81,"column":0},"end":{"line":81,"column":29}},"81":{"start":{"line":82,"column":0},"end":{"line":82,"column":10}},"82":{"start":{"line":83,"column":0},"end":{"line":83,"column":14}},"83":{"start":{"line":84,"column":0},"end":{"line":84,"column":14}},"86":{"start":{"line":87,"column":0},"end":{"line":87,"column":43}},"87":{"start":{"line":88,"column":0},"end":{"line":88,"column":25}},"88":{"start":{"line":89,"column":0},"end":{"line":89,"column":16}},"89":{"start":{"line":90,"column":0},"end":{"line":90,"column":12}},"90":{"start":{"line":91,"column":0},"end":{"line":91,"column":21}},"91":{"start":{"line":92,"column":0},"end":{"line":92,"column":15}},"92":{"start":{"line":93,"column":0},"end":{"line":93,"column":4}},"96":{"start":{"line":97,"column":0},"end":{"line":97,"column":57}},"97":{"start":{"line":98,"column":0},"end":{"line":98,"column":31}},"98":{"start":{"line":99,"column":0},"end":{"line":99,"column":3}},"100":{"start":{"line":101,"column":0},"end":{"line":101,"column":48}},"101":{"start":{"line":102,"column":0},"end":{"line":102,"column":52}},"105":{"start":{"line":106,"column":0},"end":{"line":106,"column":8}},"106":{"start":{"line":107,"column":0},"end":{"line":107,"column":55}},"107":{"start":{"line":108,"column":0},"end":{"line":108,"column":54}},"108":{"start":{"line":109,"column":0},"end":{"line":109,"column":7}},"109":{"start":{"line":110,"column":0},"end":{"line":110,"column":49}},"110":{"start":{"line":111,"column":0},"end":{"line":111,"column":5}},"114":{"start":{"line":115,"column":0},"end":{"line":115,"column":56}},"115":{"start":{"line":116,"column":0},"end":{"line":116,"column":35}},"116":{"start":{"line":117,"column":0},"end":{"line":117,"column":5}},"119":{"start":{"line":120,"column":0},"end":{"line":120,"column":58}},"120":{"start":{"line":121,"column":0},"end":{"line":121,"column":41}},"121":{"start":{"line":122,"column":0},"end":{"line":122,"column":5}},"123":{"start":{"line":124,"column":0},"end":{"line":124,"column":29}},"124":{"start":{"line":125,"column":0},"end":{"line":125,"column":3}},"126":{"start":{"line":127,"column":0},"end":{"line":127,"column":80}},"127":{"start":{"line":128,"column":0},"end":{"line":128,"column":36}},"128":{"start":{"line":129,"column":0},"end":{"line":129,"column":44}},"129":{"start":{"line":130,"column":0},"end":{"line":130,"column":34}},"130":{"start":{"line":131,"column":0},"end":{"line":131,"column":39}},"131":{"start":{"line":132,"column":0},"end":{"line":132,"column":3}},"132":{"start":{"line":133,"column":0},"end":{"line":133,"column":1}}},"s":{"0":0,"1":0,"5":0,"6":0,"8":0,"9":0,"10":0,"11":0,"12":0,"13":0,"16":0,"17":0,"18":0,"19":0,"20":0,"21":0,"24":0,"25":0,"26":0,"29":0,"30":0,"31":0,"32":0,"33":0,"36":0,"37":0,"38":0,"39":0,"40":0,"43":0,"44":0,"45":0,"48":0,"49":0,"50":0,"53":0,"54":0,"55":0,"56":0,"59":0,"60":0,"61":0,"62":0,"64":0,"66":0,"67":0,"68":0,"71":0,"72":0,"73":0,"74":0,"75":0,"76":0,"77":0,"80":0,"81":0,"82":0,"83":0,"86":0,"87":0,"88":0,"89":0,"90":0,"91":0,"92":0,"96":0,"97":0,"98":0,"100":0,"101":0,"105":0,"106":0,"107":0,"108":0,"109":0,"110":0,"114":0,"115":0,"116":0,"119":0,"120":0,"121":0,"123":0,"124":0,"126":0,"127":0,"128":0,"129":0,"130":0,"131":0,"132":0},"branchMap":{"0":{"type":"branch","line":1,"loc":{"start":{"line":1,"column":3168},"end":{"line":133,"column":1}},"locations":[{"start":{"line":1,"column":3168},"end":{"line":133,"column":1}}]}},"b":{"0":[0]},"fnMap":{"0":{"name":"(empty-report)","decl":{"start":{"line":1,"column":3168},"end":{"line":133,"column":1}},"loc":{"start":{"line":1,"column":3168},"end":{"line":133,"column":1}},"line":1}},"f":{"0":0}}
,"C:\\Users\\ahmed\\Documents\\git\\NPM-packages-Evaluator\\src\\Metrics.ts": {"path":"C:\\Users\\ahmed\\Documents\\git\\NPM-packages-Evaluator\\src\\Metrics.ts","all":true,"statementMap":{"3":{"start":{"line":4,"column":0},"end":{"line":4,"column":21}},"5":{"start":{"line":6,"column":0},"end":{"line":6,"column":36}},"6":{"start":{"line":7,"column":0},"end":{"line":7,"column":30}},"10":{"start":{"line":11,"column":0},"end":{"line":11,"column":55}},"12":{"start":{"line":13,"column":0},"end":{"line":13,"column":35}},"13":{"start":{"line":14,"column":0},"end":{"line":14,"column":29}},"15":{"start":{"line":16,"column":0},"end":{"line":16,"column":5}},"17":{"start":{"line":18,"column":0},"end":{"line":18,"column":82}},"18":{"start":{"line":19,"column":0},"end":{"line":19,"column":23}},"19":{"start":{"line":20,"column":0},"end":{"line":20,"column":28}},"20":{"start":{"line":21,"column":0},"end":{"line":21,"column":35}},"21":{"start":{"line":22,"column":0},"end":{"line":22,"column":5}},"24":{"start":{"line":25,"column":0},"end":{"line":25,"column":50}},"25":{"start":{"line":26,"column":0},"end":{"line":26,"column":40}},"26":{"start":{"line":27,"column":0},"end":{"line":27,"column":17}},"27":{"start":{"line":28,"column":0},"end":{"line":28,"column":5}},"31":{"start":{"line":32,"column":0},"end":{"line":32,"column":1}}},"s":{"3":0,"5":0,"6":0,"10":0,"12":0,"13":0,"15":0,"17":0,"18":0,"19":0,"20":0,"21":0,"24":0,"25":0,"26":0,"27":0,"31":0},"branchMap":{"0":{"type":"branch","line":1,"loc":{"start":{"line":1,"column":655},"end":{"line":32,"column":1}},"locations":[{"start":{"line":1,"column":655},"end":{"line":32,"column":1}}]}},"b":{"0":[1]},"fnMap":{"0":{"name":"(empty-report)","decl":{"start":{"line":1,"column":655},"end":{"line":32,"column":1}},"loc":{"start":{"line":1,"column":655},"end":{"line":32,"column":1}},"line":1}},"f":{"0":1}}
,"C:\\Users\\ahmed\\Documents\\git\\NPM-packages-Evaluator\\src\\NPMData.ts": {"path":"C:\\Users\\ahmed\\Documents\\git\\NPM-packages-Evaluator\\src\\NPMData.ts","all":false,"statementMap":{"0":{"start":{"line":1,"column":0},"end":{"line":1,"column":0}},"1":{"start":{"line":2,"column":0},"end":{"line":2,"column":37}},"3":{"start":{"line":4,"column":0},"end":{"line":4,"column":21}},"5":{"start":{"line":6,"column":0},"end":{"line":6,"column":27}},"6":{"start":{"line":7,"column":0},"end":{"line":7,"column":29}},"7":{"start":{"line":8,"column":0},"end":{"line":8,"column":26}},"10":{"start":{"line":11,"column":0},"end":{"line":11,"column":82}},"12":{"start":{"line":13,"column":0},"end":{"line":13,"column":29}},"13":{"start":{"line":14,"column":0},"end":{"line":14,"column":33}},"14":{"start":{"line":15,"column":0},"end":{"line":15,"column":29}},"16":{"start":{"line":17,"column":0},"end":{"line":17,"column":5}},"17":{"start":{"line":18,"column":0},"end":{"line":18,"column":31}},"19":{"start":{"line":20,"column":0},"end":{"line":20,"column":34}},"20":{"start":{"line":21,"column":0},"end":{"line":21,"column":35}},"21":{"start":{"line":22,"column":0},"end":{"line":22,"column":50}},"22":{"start":{"line":23,"column":0},"end":{"line":23,"column":55}},"23":{"start":{"line":24,"column":0},"end":{"line":24,"column":35}},"24":{"start":{"line":25,"column":0},"end":{"line":25,"column":50}},"25":{"start":{"line":26,"column":0},"end":{"line":26,"column":55}},"28":{"start":{"line":29,"column":0},"end":{"line":29,"column":5}},"31":{"start":{"line":32,"column":0},"end":{"line":32,"column":1}}},"s":{"0":1,"1":1,"3":1,"5":4,"6":4,"7":4,"10":4,"12":4,"13":4,"14":4,"16":4,"17":4,"19":2,"20":2,"21":2,"22":2,"23":2,"24":2,"25":2,"28":2,"31":4},"branchMap":{"0":{"type":"branch","line":4,"loc":{"start":{"line":4,"column":7},"end":{"line":32,"column":1}},"locations":[{"start":{"line":4,"column":7},"end":{"line":32,"column":1}}]},"1":{"type":"branch","line":11,"loc":{"start":{"line":11,"column":4},"end":{"line":17,"column":5}},"locations":[{"start":{"line":11,"column":4},"end":{"line":17,"column":5}}]},"2":{"type":"branch","line":18,"loc":{"start":{"line":18,"column":11},"end":{"line":29,"column":5}},"locations":[{"start":{"line":18,"column":11},"end":{"line":29,"column":5}}]}},"b":{"0":[4],"1":[4],"2":[2]},"fnMap":{"0":{"name":"<instance_members_initializer>","decl":{"start":{"line":4,"column":7},"end":{"line":32,"column":1}},"loc":{"start":{"line":4,"column":7},"end":{"line":32,"column":1}},"line":4},"1":{"name":"NPMData","decl":{"start":{"line":11,"column":4},"end":{"line":17,"column":5}},"loc":{"start":{"line":11,"column":4},"end":{"line":17,"column":5}},"line":11},"2":{"name":"printMyData","decl":{"start":{"line":18,"column":11},"end":{"line":29,"column":5}},"loc":{"start":{"line":18,"column":11},"end":{"line":29,"column":5}},"line":18}},"f":{"0":4,"1":4,"2":2}}
,"C:\\Users\\ahmed\\Documents\\git\\NPM-packages-Evaluator\\src\\NpmAPI.ts": {"path":"C:\\Users\\ahmed\\Documents\\git\\NPM-packages-Evaluator\\src\\NpmAPI.ts","all":false,"statementMap":{"0":{"start":{"line":1,"column":0},"end":{"line":1,"column":31}},"2":{"start":{"line":3,"column":0},"end":{"line":3,"column":39}},"4":{"start":{"line":5,"column":0},"end":{"line":5,"column":32}},"5":{"start":{"line":6,"column":0},"end":{"line":6,"column":32}},"7":{"start":{"line":8,"column":0},"end":{"line":8,"column":38}},"8":{"start":{"line":9,"column":0},"end":{"line":9,"column":16}},"9":{"start":{"line":10,"column":0},"end":{"line":10,"column":39}},"10":{"start":{"line":11,"column":0},"end":{"line":11,"column":5}},"12":{"start":{"line":13,"column":0},"end":{"line":13,"column":49}},"13":{"start":{"line":14,"column":0},"end":{"line":14,"column":69}},"14":{"start":{"line":15,"column":0},"end":{"line":15,"column":38}},"16":{"start":{"line":17,"column":0},"end":{"line":17,"column":13}},"17":{"start":{"line":18,"column":0},"end":{"line":18,"column":57}},"18":{"start":{"line":19,"column":0},"end":{"line":19,"column":80}},"20":{"start":{"line":21,"column":0},"end":{"line":21,"column":46}},"21":{"start":{"line":22,"column":0},"end":{"line":22,"column":47}},"23":{"start":{"line":24,"column":0},"end":{"line":24,"column":40}},"24":{"start":{"line":25,"column":0},"end":{"line":25,"column":36}},"25":{"start":{"line":26,"column":0},"end":{"line":26,"column":59}},"26":{"start":{"line":27,"column":0},"end":{"line":27,"column":61}},"27":{"start":{"line":28,"column":0},"end":{"line":28,"column":45}},"28":{"start":{"line":29,"column":0},"end":{"line":29,"column":50}},"29":{"start":{"line":30,"column":0},"end":{"line":30,"column":55}},"30":{"start":{"line":31,"column":0},"end":{"line":31,"column":44}},"31":{"start":{"line":32,"column":0},"end":{"line":32,"column":52}},"32":{"start":{"line":33,"column":0},"end":{"line":33,"column":77}},"33":{"start":{"line":34,"column":0},"end":{"line":34,"column":55}},"34":{"start":{"line":35,"column":0},"end":{"line":35,"column":66}},"35":{"start":{"line":36,"column":0},"end":{"line":36,"column":13}},"36":{"start":{"line":37,"column":0},"end":{"line":37,"column":17}},"37":{"start":{"line":38,"column":0},"end":{"line":38,"column":68}},"38":{"start":{"line":39,"column":0},"end":{"line":39,"column":13}},"42":{"start":{"line":43,"column":0},"end":{"line":43,"column":25}},"43":{"start":{"line":44,"column":0},"end":{"line":44,"column":21}},"44":{"start":{"line":45,"column":0},"end":{"line":45,"column":68}},"45":{"start":{"line":46,"column":0},"end":{"line":46,"column":9}},"46":{"start":{"line":47,"column":0},"end":{"line":47,"column":29}},"47":{"start":{"line":48,"column":0},"end":{"line":48,"column":5}},"48":{"start":{"line":49,"column":0},"end":{"line":49,"column":1}}},"s":{"0":1,"2":1,"4":1,"5":4,"7":4,"8":4,"9":4,"10":4,"12":4,"13":2,"14":2,"16":2,"17":2,"18":2,"20":2,"21":2,"23":2,"24":2,"25":2,"26":2,"27":2,"28":2,"29":2,"30":2,"31":2,"32":2,"33":0,"34":0,"35":0,"36":1,"37":1,"38":1,"42":2,"43":1,"44":1,"45":1,"46":1,"47":2,"48":4},"branchMap":{"0":{"type":"branch","line":5,"loc":{"start":{"line":5,"column":7},"end":{"line":49,"column":1}},"locations":[{"start":{"line":5,"column":7},"end":{"line":49,"column":1}}]},"1":{"type":"branch","line":8,"loc":{"start":{"line":8,"column":4},"end":{"line":11,"column":5}},"locations":[{"start":{"line":8,"column":4},"end":{"line":11,"column":5}}]},"2":{"type":"branch","line":13,"loc":{"start":{"line":13,"column":4},"end":{"line":48,"column":5}},"locations":[{"start":{"line":13,"column":4},"end":{"line":48,"column":5}}]},"3":{"type":"branch","line":29,"loc":{"start":{"line":29,"column":28},"end":{"line":29,"column":50}},"locations":[{"start":{"line":29,"column":28},"end":{"line":29,"column":50}}]},"4":{"type":"branch","line":30,"loc":{"start":{"line":30,"column":31},"end":{"line":30,"column":55}},"locations":[{"start":{"line":30,"column":31},"end":{"line":30,"column":55}}]},"5":{"type":"branch","line":31,"loc":{"start":{"line":31,"column":28},"end":{"line":31,"column":44}},"locations":[{"start":{"line":31,"column":28},"end":{"line":31,"column":44}}]},"6":{"type":"branch","line":33,"loc":{"start":{"line":33,"column":48},"end":{"line":33,"column":76}},"locations":[{"start":{"line":33,"column":48},"end":{"line":33,"column":76}}]},"7":{"type":"branch","line":33,"loc":{"start":{"line":33,"column":76},"end":{"line":36,"column":13}},"locations":[{"start":{"line":33,"column":76},"end":{"line":36,"column":13}}]},"8":{"type":"branch","line":36,"loc":{"start":{"line":36,"column":12},"end":{"line":39,"column":13}},"locations":[{"start":{"line":36,"column":12},"end":{"line":39,"column":13}}]},"9":{"type":"branch","line":43,"loc":{"start":{"line":43,"column":8},"end":{"line":47,"column":29}},"locations":[{"start":{"line":43,"column":8},"end":{"line":47,"column":29}}]}},"b":{"0":[4],"1":[4],"2":[2],"3":[1],"4":[1],"5":[1],"6":[0],"7":[0],"8":[1],"9":[1]},"fnMap":{"0":{"name":"<instance_members_initializer>","decl":{"start":{"line":5,"column":7},"end":{"line":49,"column":1}},"loc":{"start":{"line":5,"column":7},"end":{"line":49,"column":1}},"line":5},"1":{"name":"NpmAPI","decl":{"start":{"line":8,"column":4},"end":{"line":11,"column":5}},"loc":{"start":{"line":8,"column":4},"end":{"line":11,"column":5}},"line":8},"2":{"name":"fetchData","decl":{"start":{"line":13,"column":4},"end":{"line":48,"column":5}},"loc":{"start":{"line":13,"column":4},"end":{"line":48,"column":5}},"line":13}},"f":{"0":4,"1":4,"2":2}}
,"C:\\Users\\ahmed\\Documents\\git\\NPM-packages-Evaluator\\src\\RampUpMetric.ts": {"path":"C:\\Users\\ahmed\\Documents\\git\\NPM-packages-Evaluator\\src\\RampUpMetric.ts","all":true,"statementMap":{"0":{"start":{"line":1,"column":0},"end":{"line":1,"column":18}},"1":{"start":{"line":2,"column":0},"end":{"line":2,"column":39}},"5":{"start":{"line":6,"column":0},"end":{"line":6,"column":43}},"6":{"start":{"line":7,"column":0},"end":{"line":7,"column":57}},"7":{"start":{"line":8,"column":0},"end":{"line":8,"column":31}},"8":{"start":{"line":9,"column":0},"end":{"line":9,"column":3}},"10":{"start":{"line":11,"column":0},"end":{"line":11,"column":48}},"11":{"start":{"line":12,"column":0},"end":{"line":12,"column":47}},"13":{"start":{"line":14,"column":0},"end":{"line":14,"column":58}},"14":{"start":{"line":15,"column":0},"end":{"line":15,"column":60}},"16":{"start":{"line":17,"column":0},"end":{"line":17,"column":65}},"17":{"start":{"line":18,"column":0},"end":{"line":18,"column":72}},"19":{"start":{"line":20,"column":0},"end":{"line":20,"column":63}},"20":{"start":{"line":21,"column":0},"end":{"line":21,"column":76}},"22":{"start":{"line":23,"column":0},"end":{"line":23,"column":63}},"23":{"start":{"line":24,"column":0},"end":{"line":24,"column":68}},"25":{"start":{"line":26,"column":0},"end":{"line":26,"column":59}},"26":{"start":{"line":27,"column":0},"end":{"line":27,"column":60}},"28":{"start":{"line":29,"column":0},"end":{"line":29,"column":33}},"29":{"start":{"line":30,"column":0},"end":{"line":30,"column":76}},"30":{"start":{"line":31,"column":0},"end":{"line":31,"column":49}},"32":{"start":{"line":33,"column":0},"end":{"line":33,"column":18}},"33":{"start":{"line":34,"column":0},"end":{"line":34,"column":3}},"35":{"start":{"line":36,"column":0},"end":{"line":36,"column":80}},"36":{"start":{"line":37,"column":0},"end":{"line":37,"column":62}},"38":{"start":{"line":39,"column":0},"end":{"line":39,"column":36}},"39":{"start":{"line":40,"column":0},"end":{"line":40,"column":45}},"40":{"start":{"line":41,"column":0},"end":{"line":41,"column":34}},"42":{"start":{"line":43,"column":0},"end":{"line":43,"column":32}},"43":{"start":{"line":44,"column":0},"end":{"line":44,"column":60}},"45":{"start":{"line":46,"column":0},"end":{"line":46,"column":34}},"46":{"start":{"line":47,"column":0},"end":{"line":47,"column":3}},"48":{"start":{"line":49,"column":0},"end":{"line":49,"column":50}},"49":{"start":{"line":50,"column":0},"end":{"line":50,"column":53}},"50":{"start":{"line":51,"column":0},"end":{"line":51,"column":53}},"51":{"start":{"line":52,"column":0},"end":{"line":52,"column":42}},"53":{"start":{"line":54,"column":0},"end":{"line":54,"column":40}},"54":{"start":{"line":55,"column":0},"end":{"line":55,"column":71}},"56":{"start":{"line":57,"column":0},"end":{"line":57,"column":18}},"57":{"start":{"line":58,"column":0},"end":{"line":58,"column":34}},"58":{"start":{"line":59,"column":0},"end":{"line":59,"column":18}},"59":{"start":{"line":60,"column":0},"end":{"line":60,"column":12}},"60":{"start":{"line":61,"column":0},"end":{"line":61,"column":45}},"61":{"start":{"line":62,"column":0},"end":{"line":62,"column":5}},"63":{"start":{"line":64,"column":0},"end":{"line":64,"column":62}},"64":{"start":{"line":65,"column":0},"end":{"line":65,"column":17}},"65":{"start":{"line":66,"column":0},"end":{"line":66,"column":3}},"67":{"start":{"line":68,"column":0},"end":{"line":68,"column":47}},"68":{"start":{"line":69,"column":0},"end":{"line":69,"column":47}},"69":{"start":{"line":70,"column":0},"end":{"line":70,"column":57}},"71":{"start":{"line":72,"column":0},"end":{"line":72,"column":80}},"73":{"start":{"line":74,"column":0},"end":{"line":74,"column":38}},"74":{"start":{"line":75,"column":0},"end":{"line":75,"column":17}},"75":{"start":{"line":76,"column":0},"end":{"line":76,"column":45}},"76":{"start":{"line":77,"column":0},"end":{"line":77,"column":17}},"77":{"start":{"line":78,"column":0},"end":{"line":78,"column":5}},"78":{"start":{"line":79,"column":0},"end":{"line":79,"column":13}},"79":{"start":{"line":80,"column":0},"end":{"line":80,"column":3}},"81":{"start":{"line":82,"column":0},"end":{"line":82,"column":44}},"82":{"start":{"line":83,"column":0},"end":{"line":83,"column":58}},"83":{"start":{"line":84,"column":0},"end":{"line":84,"column":55}},"85":{"start":{"line":86,"column":0},"end":{"line":86,"column":44}},"86":{"start":{"line":87,"column":0},"end":{"line":87,"column":3}},"88":{"start":{"line":89,"column":0},"end":{"line":89,"column":45}},"90":{"start":{"line":91,"column":0},"end":{"line":91,"column":36}},"91":{"start":{"line":92,"column":0},"end":{"line":92,"column":3}},"93":{"start":{"line":94,"column":0},"end":{"line":94,"column":52}},"94":{"start":{"line":95,"column":0},"end":{"line":95,"column":63}},"95":{"start":{"line":96,"column":0},"end":{"line":96,"column":68}},"97":{"start":{"line":98,"column":0},"end":{"line":98,"column":78}},"99":{"start":{"line":100,"column":0},"end":{"line":100,"column":36}},"100":{"start":{"line":101,"column":0},"end":{"line":101,"column":17}},"101":{"start":{"line":102,"column":0},"end":{"line":102,"column":5}},"103":{"start":{"line":104,"column":0},"end":{"line":104,"column":86}},"104":{"start":{"line":105,"column":0},"end":{"line":105,"column":67}},"106":{"start":{"line":107,"column":0},"end":{"line":107,"column":22}},"107":{"start":{"line":108,"column":0},"end":{"line":108,"column":3}},"109":{"start":{"line":110,"column":0},"end":{"line":110,"column":42}},"110":{"start":{"line":111,"column":0},"end":{"line":111,"column":68}},"111":{"start":{"line":112,"column":0},"end":{"line":112,"column":58}},"114":{"start":{"line":115,"column":0},"end":{"line":115,"column":83}},"115":{"start":{"line":116,"column":0},"end":{"line":116,"column":47}},"116":{"start":{"line":117,"column":0},"end":{"line":117,"column":80}},"119":{"start":{"line":120,"column":0},"end":{"line":120,"column":81}},"120":{"start":{"line":121,"column":0},"end":{"line":121,"column":48}},"122":{"start":{"line":123,"column":0},"end":{"line":123,"column":17}},"123":{"start":{"line":124,"column":0},"end":{"line":124,"column":3}},"125":{"start":{"line":126,"column":0},"end":{"line":126,"column":67}},"127":{"start":{"line":128,"column":0},"end":{"line":128,"column":56}},"128":{"start":{"line":129,"column":0},"end":{"line":129,"column":3}},"129":{"start":{"line":130,"column":0},"end":{"line":130,"column":1}}},"s":{"0":0,"1":0,"5":0,"6":0,"7":0,"8":0,"10":0,"11":0,"13":0,"14":0,"16":0,"17":0,"19":0,"20":0,"22":0,"23":0,"25":0,"26":0,"28":0,"29":0,"30":0,"32":0,"33":0,"35":0,"36":0,"38":0,"39":0,"40":0,"42":0,"43":0,"45":0,"46":0,"48":0,"49":0,"50":0,"51":0,"53":0,"54":0,"56":0,"57":0,"58":0,"59":0,"60":0,"61":0,"63":0,"64":0,"65":0,"67":0,"68":0,"69":0,"71":0,"73":0,"74":0,"75":0,"76":0,"77":0,"78":0,"79":0,"81":0,"82":0,"83":0,"85":0,"86":0,"88":0,"90":0,"91":0,"93":0,"94":0,"95":0,"97":0,"99":0,"100":0,"101":0,"103":0,"104":0,"106":0,"107":0,"109":0,"110":0,"111":0,"114":0,"115":0,"116":0,"119":0,"120":0,"122":0,"123":0,"125":0,"127":0,"128":0,"129":0},"branchMap":{"0":{"type":"branch","line":1,"loc":{"start":{"line":1,"column":4467},"end":{"line":130,"column":1}},"locations":[{"start":{"line":1,"column":4467},"end":{"line":130,"column":1}}]}},"b":{"0":[0]},"fnMap":{"0":{"name":"(empty-report)","decl":{"start":{"line":1,"column":4467},"end":{"line":130,"column":1}},"loc":{"start":{"line":1,"column":4467},"end":{"line":130,"column":1}},"line":1}},"f":{"0":0}}
,"C:\\Users\\ahmed\\Documents\\git\\NPM-packages-Evaluator\\src\\ResponsivenessMetric.ts": {"path":"C:\\Users\\ahmed\\Documents\\git\\NPM-packages-Evaluator\\src\\ResponsivenessMetric.ts","all":true,"statementMap":{"0":{"start":{"line":1,"column":0},"end":{"line":1,"column":39}},"6":{"start":{"line":7,"column":0},"end":{"line":7,"column":51}},"8":{"start":{"line":9,"column":0},"end":{"line":9,"column":38}},"10":{"start":{"line":11,"column":0},"end":{"line":11,"column":57}},"11":{"start":{"line":12,"column":0},"end":{"line":12,"column":31}},"12":{"start":{"line":13,"column":0},"end":{"line":13,"column":3}},"14":{"start":{"line":15,"column":0},"end":{"line":15,"column":48}},"15":{"start":{"line":16,"column":0},"end":{"line":16,"column":62}},"17":{"start":{"line":18,"column":0},"end":{"line":18,"column":43}},"19":{"start":{"line":20,"column":0},"end":{"line":20,"column":18}},"20":{"start":{"line":21,"column":0},"end":{"line":21,"column":5}},"24":{"start":{"line":25,"column":0},"end":{"line":25,"column":34}},"25":{"start":{"line":26,"column":0},"end":{"line":26,"column":85}},"27":{"start":{"line":28,"column":0},"end":{"line":28,"column":74}},"28":{"start":{"line":29,"column":0},"end":{"line":29,"column":34}},"29":{"start":{"line":30,"column":0},"end":{"line":30,"column":39}},"30":{"start":{"line":31,"column":0},"end":{"line":31,"column":33}},"31":{"start":{"line":32,"column":0},"end":{"line":32,"column":10}},"32":{"start":{"line":33,"column":0},"end":{"line":33,"column":33}},"33":{"start":{"line":34,"column":0},"end":{"line":34,"column":5}},"36":{"start":{"line":37,"column":0},"end":{"line":37,"column":61}},"37":{"start":{"line":38,"column":0},"end":{"line":38,"column":15}},"38":{"start":{"line":39,"column":0},"end":{"line":39,"column":5}},"39":{"start":{"line":40,"column":0},"end":{"line":40,"column":82}},"40":{"start":{"line":41,"column":0},"end":{"line":41,"column":17}},"41":{"start":{"line":42,"column":0},"end":{"line":42,"column":3}},"43":{"start":{"line":44,"column":0},"end":{"line":44,"column":80}},"44":{"start":{"line":45,"column":0},"end":{"line":45,"column":38}},"45":{"start":{"line":46,"column":0},"end":{"line":46,"column":46}},"46":{"start":{"line":47,"column":0},"end":{"line":47,"column":36}},"47":{"start":{"line":48,"column":0},"end":{"line":48,"column":40}},"48":{"start":{"line":49,"column":0},"end":{"line":49,"column":3}},"51":{"start":{"line":52,"column":0},"end":{"line":52,"column":1}}},"s":{"0":0,"6":0,"8":0,"10":0,"11":0,"12":0,"14":0,"15":0,"17":0,"19":0,"20":0,"24":0,"25":0,"27":0,"28":0,"29":0,"30":0,"31":0,"32":0,"33":0,"36":0,"37":0,"38":0,"39":0,"40":0,"41":0,"43":0,"44":0,"45":0,"46":0,"47":0,"48":0,"51":0},"branchMap":{"0":{"type":"branch","line":1,"loc":{"start":{"line":1,"column":1415},"end":{"line":52,"column":1}},"locations":[{"start":{"line":1,"column":1415},"end":{"line":52,"column":1}}]}},"b":{"0":[0]},"fnMap":{"0":{"name":"(empty-report)","decl":{"start":{"line":1,"column":1415},"end":{"line":52,"column":1}},"loc":{"start":{"line":1,"column":1415},"end":{"line":52,"column":1}},"line":1}},"f":{"0":0}}
,"C:\\Users\\ahmed\\Documents\\git\\NPM-packages-Evaluator\\src\\index.ts": {"path":"C:\\Users\\ahmed\\Documents\\git\\NPM-packages-Evaluator\\src\\index.ts","all":true,"statementMap":{"0":{"start":{"line":1,"column":0},"end":{"line":1,"column":29}},"1":{"start":{"line":2,"column":0},"end":{"line":2,"column":35}},"5":{"start":{"line":6,"column":0},"end":{"line":6,"column":26}},"6":{"start":{"line":7,"column":0},"end":{"line":7,"column":33}},"7":{"start":{"line":8,"column":0},"end":{"line":8,"column":19}},"8":{"start":{"line":9,"column":0},"end":{"line":9,"column":20}},"9":{"start":{"line":10,"column":0},"end":{"line":10,"column":73}},"13":{"start":{"line":14,"column":0},"end":{"line":14,"column":13}},"14":{"start":{"line":15,"column":0},"end":{"line":15,"column":16}},"15":{"start":{"line":16,"column":0},"end":{"line":16,"column":53}},"16":{"start":{"line":17,"column":0},"end":{"line":17,"column":25}},"17":{"start":{"line":18,"column":0},"end":{"line":18,"column":14}},"19":{"start":{"line":20,"column":0},"end":{"line":20,"column":13}},"20":{"start":{"line":21,"column":0},"end":{"line":21,"column":40}},"22":{"start":{"line":23,"column":0},"end":{"line":23,"column":61}},"23":{"start":{"line":24,"column":0},"end":{"line":24,"column":72}},"24":{"start":{"line":25,"column":0},"end":{"line":25,"column":30}},"25":{"start":{"line":26,"column":0},"end":{"line":26,"column":38}},"26":{"start":{"line":27,"column":0},"end":{"line":27,"column":64}},"27":{"start":{"line":28,"column":0},"end":{"line":28,"column":5}},"28":{"start":{"line":29,"column":0},"end":{"line":29,"column":14}},"30":{"start":{"line":31,"column":0},"end":{"line":31,"column":2}}},"s":{"0":0,"1":0,"5":0,"6":0,"7":0,"8":0,"9":0,"13":0,"14":0,"15":0,"16":0,"17":0,"19":0,"20":0,"22":0,"23":0,"24":0,"25":0,"26":0,"27":0,"28":0,"30":0},"branchMap":{"0":{"type":"branch","line":1,"loc":{"start":{"line":1,"column":0},"end":{"line":31,"column":-107}},"locations":[{"start":{"line":1,"column":0},"end":{"line":31,"column":-107}}]}},"b":{"0":[0]},"fnMap":{"0":{"name":"(empty-report)","decl":{"start":{"line":1,"column":0},"end":{"line":31,"column":-107}},"loc":{"start":{"line":1,"column":0},"end":{"line":31,"column":-107}},"line":1}},"f":{"0":0}}
,"C:\\Users\\ahmed\\Documents\\git\\NPM-packages-Evaluator\\src\\logger.ts": {"path":"C:\\Users\\ahmed\\Documents\\git\\NPM-packages-Evaluator\\src\\logger.ts","all":false,"statementMap":{"0":{"start":{"line":1,"column":0},"end":{"line":1,"column":20}},"1":{"start":{"line":2,"column":0},"end":{"line":2,"column":24}},"2":{"start":{"line":3,"column":0},"end":{"line":3,"column":28}},"4":{"start":{"line":5,"column":0},"end":{"line":5,"column":16}},"6":{"start":{"line":7,"column":0},"end":{"line":7,"column":21}},"7":{"start":{"line":8,"column":0},"end":{"line":8,"column":30}},"8":{"start":{"line":9,"column":0},"end":{"line":9,"column":27}},"10":{"start":{"line":11,"column":0},"end":{"line":11,"column":17}},"11":{"start":{"line":12,"column":0},"end":{"line":12,"column":54}},"12":{"start":{"line":13,"column":0},"end":{"line":13,"column":39}},"13":{"start":{"line":14,"column":0},"end":{"line":14,"column":31}},"14":{"start":{"line":15,"column":0},"end":{"line":15,"column":3}},"16":{"start":{"line":17,"column":0},"end":{"line":17,"column":33}},"17":{"start":{"line":18,"column":0},"end":{"line":18,"column":60}},"19":{"start":{"line":20,"column":0},"end":{"line":20,"column":17}},"20":{"start":{"line":21,"column":0},"end":{"line":21,"column":3}},"22":{"start":{"line":23,"column":0},"end":{"line":23,"column":38}},"23":{"start":{"line":24,"column":0},"end":{"line":24,"column":47}},"24":{"start":{"line":25,"column":0},"end":{"line":25,"column":30}},"25":{"start":{"line":26,"column":0},"end":{"line":26,"column":45}},"26":{"start":{"line":27,"column":0},"end":{"line":27,"column":5}},"27":{"start":{"line":28,"column":0},"end":{"line":28,"column":43}},"28":{"start":{"line":29,"column":0},"end":{"line":29,"column":54}},"29":{"start":{"line":30,"column":0},"end":{"line":30,"column":5}},"30":{"start":{"line":31,"column":0},"end":{"line":31,"column":3}},"32":{"start":{"line":33,"column":0},"end":{"line":33,"column":65}},"33":{"start":{"line":34,"column":0},"end":{"line":34,"column":47}},"34":{"start":{"line":35,"column":0},"end":{"line":35,"column":51}},"35":{"start":{"line":36,"column":0},"end":{"line":36,"column":3}},"37":{"start":{"line":38,"column":0},"end":{"line":38,"column":51}},"38":{"start":{"line":39,"column":0},"end":{"line":39,"column":33}},"39":{"start":{"line":40,"column":0},"end":{"line":40,"column":53}},"40":{"start":{"line":41,"column":0},"end":{"line":41,"column":72}},"41":{"start":{"line":42,"column":0},"end":{"line":42,"column":69}},"42":{"start":{"line":43,"column":0},"end":{"line":43,"column":5}},"43":{"start":{"line":44,"column":0},"end":{"line":44,"column":3}},"45":{"start":{"line":46,"column":0},"end":{"line":46,"column":49}},"46":{"start":{"line":47,"column":0},"end":{"line":47,"column":20}},"47":{"start":{"line":48,"column":0},"end":{"line":48,"column":13}},"48":{"start":{"line":49,"column":0},"end":{"line":49,"column":22}},"49":{"start":{"line":50,"column":0},"end":{"line":50,"column":13}},"50":{"start":{"line":51,"column":0},"end":{"line":51,"column":23}},"51":{"start":{"line":52,"column":0},"end":{"line":52,"column":14}},"52":{"start":{"line":53,"column":0},"end":{"line":53,"column":24}},"53":{"start":{"line":54,"column":0},"end":{"line":54,"column":5}},"54":{"start":{"line":55,"column":0},"end":{"line":55,"column":3}},"55":{"start":{"line":56,"column":0},"end":{"line":56,"column":1}}},"s":{"0":1,"1":1,"2":1,"4":1,"6":1,"7":12,"8":12,"10":12,"11":12,"12":12,"13":12,"14":12,"16":12,"17":12,"19":12,"20":12,"22":12,"23":12,"24":12,"25":0,"26":0,"27":12,"28":0,"29":0,"30":12,"32":12,"33":34,"34":34,"35":34,"37":12,"38":55,"39":34,"40":34,"41":34,"42":34,"43":55,"45":12,"46":34,"47":34,"48":0,"49":34,"50":34,"51":34,"52":0,"53":34,"54":34,"55":12},"branchMap":{"0":{"type":"branch","line":7,"loc":{"start":{"line":7,"column":7},"end":{"line":56,"column":1}},"locations":[{"start":{"line":7,"column":7},"end":{"line":56,"column":1}}]},"1":{"type":"branch","line":11,"loc":{"start":{"line":11,"column":2},"end":{"line":15,"column":3}},"locations":[{"start":{"line":11,"column":2},"end":{"line":15,"column":3}}]},"2":{"type":"branch","line":17,"loc":{"start":{"line":17,"column":10},"end":{"line":21,"column":3}},"locations":[{"start":{"line":17,"column":10},"end":{"line":21,"column":3}}]},"3":{"type":"branch","line":23,"loc":{"start":{"line":23,"column":10},"end":{"line":31,"column":3}},"locations":[{"start":{"line":23,"column":10},"end":{"line":31,"column":3}}]},"4":{"type":"branch","line":25,"loc":{"start":{"line":25,"column":29},"end":{"line":27,"column":5}},"locations":[{"start":{"line":25,"column":29},"end":{"line":27,"column":5}}]},"5":{"type":"branch","line":28,"loc":{"start":{"line":28,"column":42},"end":{"line":30,"column":5}},"locations":[{"start":{"line":28,"column":42},"end":{"line":30,"column":5}}]},"6":{"type":"branch","line":33,"loc":{"start":{"line":33,"column":10},"end":{"line":36,"column":3}},"locations":[{"start":{"line":33,"column":10},"end":{"line":36,"column":3}}]},"7":{"type":"branch","line":38,"loc":{"start":{"line":38,"column":9},"end":{"line":44,"column":3}},"locations":[{"start":{"line":38,"column":9},"end":{"line":44,"column":3}}]},"8":{"type":"branch","line":39,"loc":{"start":{"line":39,"column":32},"end":{"line":43,"column":5}},"locations":[{"start":{"line":39,"column":32},"end":{"line":43,"column":5}}]},"9":{"type":"branch","line":46,"loc":{"start":{"line":46,"column":10},"end":{"line":55,"column":3}},"locations":[{"start":{"line":46,"column":10},"end":{"line":55,"column":3}}]},"10":{"type":"branch","line":48,"loc":{"start":{"line":48,"column":6},"end":{"line":49,"column":22}},"locations":[{"start":{"line":48,"column":6},"end":{"line":49,"column":22}}]},"11":{"type":"branch","line":52,"loc":{"start":{"line":52,"column":6},"end":{"line":53,"column":24}},"locations":[{"start":{"line":52,"column":6},"end":{"line":53,"column":24}}]}},"b":{"0":[12],"1":[12],"2":[12],"3":[12],"4":[0],"5":[0],"6":[34],"7":[55],"8":[34],"9":[34],"10":[0],"11":[0]},"fnMap":{"0":{"name":"<instance_members_initializer>","decl":{"start":{"line":7,"column":7},"end":{"line":56,"column":1}},"loc":{"start":{"line":7,"column":7},"end":{"line":56,"column":1}},"line":7},"1":{"name":"Logger","decl":{"start":{"line":11,"column":2},"end":{"line":15,"column":3}},"loc":{"start":{"line":11,"column":2},"end":{"line":15,"column":3}},"line":11},"2":{"name":"getLogLevel","decl":{"start":{"line":17,"column":10},"end":{"line":21,"column":3}},"loc":{"start":{"line":17,"column":10},"end":{"line":21,"column":3}},"line":17},"3":{"name":"ensureLogFileExists","decl":{"start":{"line":23,"column":10},"end":{"line":31,"column":3}},"loc":{"start":{"line":23,"column":10},"end":{"line":31,"column":3}},"line":23},"4":{"name":"formatMessage","decl":{"start":{"line":33,"column":10},"end":{"line":36,"column":3}},"loc":{"start":{"line":33,"column":10},"end":{"line":36,"column":3}},"line":33},"5":{"name":"log","decl":{"start":{"line":38,"column":9},"end":{"line":44,"column":3}},"loc":{"start":{"line":38,"column":9},"end":{"line":44,"column":3}},"line":38},"6":{"name":"getLevelString","decl":{"start":{"line":46,"column":10},"end":{"line":55,"column":3}},"loc":{"start":{"line":46,"column":10},"end":{"line":55,"column":3}},"line":46}},"f":{"0":12,"1":12,"2":12,"3":12,"4":34,"5":55,"6":34}}
}
