TN:
SF:src\API.ts
FN:3,<instance_members_initializer>
FN:6,API
FNF:2
FNH:2
FNDA:8,<instance_members_initializer>
FNDA:8,API
DA:1,1
DA:3,1
DA:4,8
DA:6,8
DA:7,8
DA:8,8
DA:13,8
LF:7
LH:7
BRDA:3,0,0,8
BRDA:6,1,0,8
BRF:2
BRH:2
end_of_record
TN:
SF:src\BusFactorMetric.ts
FN:10,BusFactorMetric
FN:15,calculateScore
FN:35,totalCommits
FN:46,HHI
FN:58,calculateLatency
FNF:5
FNH:5
FNDA:8,BusFactorMetric
FNDA:5,calculateScore
FNDA:9,totalCommits
FNDA:5,HHI
FNDA:2,calculateLatency
DA:1,1
DA:2,1
DA:5,1
DA:7,1
DA:9,1
DA:10,1
DA:11,8
DA:12,8
DA:13,8
DA:15,1
DA:16,5
DA:17,5
DA:19,5
DA:20,3
DA:21,3
DA:22,3
DA:24,2
DA:26,2
DA:27,2
DA:29,2
DA:30,2
DA:32,2
DA:33,5
DA:35,1
DA:36,9
DA:37,9
DA:38,6
DA:39,60
DA:40,60
DA:41,6
DA:42,9
DA:43,9
DA:44,9
DA:46,1
DA:47,5
DA:48,5
DA:49,5
DA:50,50
DA:51,50
DA:52,50
DA:53,5
DA:54,5
DA:55,5
DA:56,5
DA:58,1
DA:59,2
DA:60,2
DA:61,2
DA:62,2
DA:63,2
DA:65,2
DA:66,2
DA:67,2
DA:68,1
LF:54
LH:54
BRDA:10,0,0,8
BRDA:15,1,0,5
BRDA:19,2,0,3
BRDA:22,3,0,2
BRDA:35,4,0,9
BRDA:37,5,0,6
BRDA:38,6,0,60
BRDA:46,7,0,5
BRDA:49,8,0,50
BRDA:58,9,0,2
BRF:10
BRH:10
end_of_record
TN:
SF:src\CLI.ts
FN:1,(empty-report)
FNF:1
FNH:0
FNDA:0,(empty-report)
DA:1,0
DA:3,0
DA:4,0
DA:5,0
DA:6,0
DA:7,0
DA:8,0
DA:9,0
DA:10,0
DA:12,0
DA:14,0
DA:15,0
DA:16,0
DA:18,0
DA:21,0
DA:23,0
DA:24,0
DA:27,0
DA:30,0
DA:31,0
DA:34,0
DA:35,0
DA:38,0
DA:41,0
DA:43,0
DA:44,0
DA:49,0
DA:50,0
DA:51,0
DA:52,0
DA:53,0
DA:54,0
DA:56,0
DA:57,0
DA:59,0
DA:60,0
DA:61,0
DA:62,0
DA:63,0
DA:64,0
DA:65,0
DA:66,0
DA:67,0
DA:69,0
DA:70,0
DA:73,0
DA:74,0
DA:75,0
DA:77,0
DA:79,0
DA:80,0
DA:81,0
DA:82,0
DA:84,0
DA:85,0
DA:86,0
DA:87,0
DA:88,0
DA:89,0
DA:91,0
DA:93,0
DA:94,0
DA:95,0
DA:96,0
DA:97,0
DA:98,0
DA:100,0
DA:102,0
DA:103,0
DA:104,0
DA:105,0
DA:106,0
DA:107,0
DA:108,0
DA:109,0
DA:110,0
DA:111,0
DA:112,0
DA:113,0
DA:114,0
DA:115,0
DA:116,0
DA:117,0
DA:118,0
DA:119,0
DA:120,0
DA:121,0
DA:122,0
DA:123,0
DA:124,0
DA:125,0
DA:126,0
DA:127,0
DA:128,0
DA:129,0
DA:130,0
DA:131,0
DA:132,0
DA:133,0
DA:134,0
DA:135,0
DA:136,0
DA:137,0
DA:138,0
DA:139,0
DA:141,0
DA:142,0
DA:143,0
DA:144,0
DA:146,0
DA:147,0
DA:148,0
DA:149,0
DA:150,0
DA:151,0
DA:152,0
DA:153,0
DA:154,0
DA:155,0
DA:156,0
DA:157,0
DA:158,0
DA:159,0
DA:160,0
DA:162,0
DA:163,0
DA:164,0
DA:165,0
DA:166,0
DA:167,0
DA:168,0
DA:171,0
DA:172,0
DA:173,0
DA:174,0
DA:177,0
DA:178,0
DA:179,0
DA:180,0
DA:181,0
DA:182,0
DA:183,0
DA:184,0
DA:186,0
DA:187,0
DA:188,0
DA:189,0
DA:191,0
DA:192,0
DA:193,0
DA:195,0
DA:196,0
DA:197,0
DA:198,0
DA:199,0
DA:201,0
DA:202,0
DA:203,0
DA:204,0
DA:205,0
DA:207,0
DA:208,0
DA:209,0
DA:210,0
DA:211,0
DA:212,0
DA:213,0
DA:215,0
DA:216,0
DA:217,0
DA:218,0
DA:219,0
DA:220,0
DA:221,0
DA:222,0
DA:224,0
DA:225,0
DA:226,0
DA:227,0
DA:228,0
DA:229,0
DA:230,0
DA:231,0
DA:233,0
DA:234,0
DA:235,0
DA:236,0
DA:237,0
DA:238,0
DA:239,0
DA:240,0
DA:241,0
DA:242,0
DA:243,0
DA:244,0
DA:246,0
DA:247,0
DA:248,0
DA:249,0
DA:251,0
DA:252,0
DA:253,0
DA:254,0
DA:255,0
DA:257,0
DA:258,0
DA:259,0
DA:260,0
DA:262,0
DA:263,0
DA:265,0
DA:266,0
DA:268,0
DA:269,0
DA:270,0
DA:271,0
DA:273,0
DA:274,0
DA:276,0
DA:277,0
DA:278,0
DA:279,0
DA:280,0
DA:281,0
DA:282,0
DA:283,0
DA:285,0
DA:286,0
DA:287,0
DA:288,0
DA:289,0
DA:290,0
DA:291,0
DA:292,0
DA:293,0
DA:294,0
DA:295,0
DA:296,0
DA:297,0
DA:298,0
DA:300,0
DA:301,0
DA:302,0
DA:305,0
DA:307,0
DA:309,0
DA:310,0
DA:311,0
DA:312,0
DA:314,0
DA:315,0
DA:316,0
DA:317,0
DA:319,0
DA:320,0
DA:321,0
DA:324,0
DA:327,0
DA:328,0
DA:329,0
DA:330,0
DA:331,0
DA:332,0
DA:333,0
DA:334,0
DA:335,0
DA:336,0
LF:267
LH:0
BRDA:1,0,0,0
BRF:1
BRH:0
end_of_record
TN:
SF:src\CleanTestResult.ts
FN:1,(empty-report)
FNF:1
FNH:0
FNDA:0,(empty-report)
DA:1,0
DA:4,0
DA:7,0
DA:9,0
DA:10,0
DA:13,0
LF:6
LH:0
BRDA:1,0,0,0
BRF:1
BRH:0
end_of_record
TN:
SF:src\ContributorInterface.ts
FN:1,(empty-report)
FNF:1
FNH:1
FNDA:1,(empty-report)
LF:0
LH:0
BRDA:1,0,0,1
BRF:1
BRH:1
end_of_record
TN:
SF:src\CorrectnessMetric.ts
FN:14,CorrectnessMetric
FN:19,countLinesInFile
FN:28,countTotalLinesFilesAndTests
FN:94,cloneRepo
FN:118,calculateScore
FN:256,getLatestCommit
FN:263,getCommit20Ago
FN:270,analyze
FN:275,calculateLatency
FN:290,checkoutCommit
FNF:10
FNH:8
FNDA:2,CorrectnessMetric
FNDA:0,countLinesInFile
FNDA:0,countTotalLinesFilesAndTests
FNDA:1,cloneRepo
FNDA:1,calculateScore
FNDA:1,getLatestCommit
FNDA:1,getCommit20Ago
FNDA:1,analyze
FNDA:2,calculateLatency
FNDA:1,checkoutCommit
DA:1,1
DA:2,1
DA:5,1
DA:6,1
DA:7,1
DA:8,1
DA:9,1
DA:11,1
DA:13,1
DA:14,1
DA:15,2
DA:16,2
DA:17,2
DA:19,1
DA:21,0
DA:22,0
DA:24,0
DA:25,0
DA:26,0
DA:28,1
DA:29,0
DA:35,0
DA:37,0
DA:39,0
DA:41,0
DA:42,0
DA:43,0
DA:44,0
DA:45,0
DA:46,0
DA:47,0
DA:49,0
DA:50,0
DA:51,0
DA:54,0
DA:57,0
DA:58,0
DA:61,0
DA:62,0
DA:63,0
DA:64,0
DA:65,0
DA:68,0
DA:69,0
DA:70,0
DA:71,0
DA:72,0
DA:73,0
DA:74,0
DA:75,0
DA:76,0
DA:79,0
DA:80,0
DA:81,0
DA:82,0
DA:86,0
DA:87,0
DA:88,0
DA:89,0
DA:90,0
DA:91,0
DA:92,0
DA:94,1
DA:95,1
DA:96,1
DA:97,1
DA:98,1
DA:99,1
DA:101,1
DA:102,1
DA:103,1
DA:104,1
DA:105,1
DA:106,1
DA:107,1
DA:108,1
DA:109,1
DA:110,1
DA:111,1
DA:112,1
DA:113,1
DA:114,0
DA:115,1
DA:116,1
DA:118,1
DA:119,1
DA:120,1
DA:121,1
DA:122,0
DA:123,0
DA:124,0
DA:126,1
DA:132,1
DA:139,1
DA:140,1
DA:141,1
DA:142,1
DA:143,1
DA:144,1
DA:145,1
DA:146,1
DA:147,1
DA:148,1
DA:149,1
DA:150,1
DA:151,1
DA:152,1
DA:153,1
DA:154,1
DA:155,1
DA:156,1
DA:157,1
DA:158,1
DA:159,1
DA:160,1
DA:161,1
DA:162,1
DA:163,1
DA:164,1
DA:165,1
DA:166,1
DA:167,1
DA:168,1
DA:169,1
DA:171,1
DA:172,1
DA:173,1
DA:174,1
DA:175,1
DA:176,1
DA:177,1
DA:178,1
DA:181,1
DA:182,1
DA:184,1
DA:185,1
DA:186,1
DA:187,1
DA:189,1
DA:190,1
DA:192,1
DA:193,1
DA:194,1
DA:195,1
DA:196,1
DA:197,1
DA:198,1
DA:199,1
DA:202,1
DA:203,1
DA:205,1
DA:206,1
DA:208,1
DA:209,1
DA:210,1
DA:211,1
DA:212,1
DA:213,1
DA:214,1
DA:215,1
DA:216,1
DA:217,1
DA:218,1
DA:219,1
DA:220,1
DA:221,1
DA:222,1
DA:223,1
DA:226,1
DA:227,1
DA:229,1
DA:230,1
DA:233,1
DA:234,1
DA:235,1
DA:236,1
DA:237,1
DA:238,1
DA:239,1
DA:241,1
DA:242,1
DA:243,1
DA:244,1
DA:245,1
DA:246,1
DA:247,1
DA:248,1
DA:249,1
DA:250,1
DA:251,0
DA:252,0
DA:253,1
DA:254,1
DA:256,1
DA:257,1
DA:258,1
DA:259,1
DA:260,1
DA:261,1
DA:263,1
DA:264,1
DA:265,1
DA:266,1
DA:267,1
DA:268,1
DA:270,1
DA:271,1
DA:272,1
DA:273,1
DA:275,1
DA:276,2
DA:277,1
DA:278,1
DA:279,1
DA:280,1
DA:282,1
DA:283,1
DA:284,1
DA:286,1
DA:287,1
DA:288,2
DA:290,1
DA:291,1
DA:292,1
DA:293,1
DA:294,1
DA:295,1
DA:296,1
DA:297,1
DA:298,1
DA:299,1
DA:300,1
DA:301,1
DA:302,0
DA:303,1
DA:304,1
DA:305,1
LF:237
LH:183
BRDA:14,0,0,2
BRDA:94,1,0,1
BRDA:110,2,0,1
BRDA:118,3,0,1
BRDA:121,4,0,0
BRDA:140,5,0,1
BRDA:144,6,0,1
BRDA:153,7,0,1
BRDA:154,8,0,1
BRDA:158,9,0,1
BRDA:159,10,0,1
BRDA:244,11,0,1
BRDA:245,12,0,1
BRDA:256,13,0,1
BRDA:263,14,0,1
BRDA:270,15,0,1
BRDA:275,16,0,2
BRDA:276,17,0,1
BRDA:290,18,0,1
BRDA:298,19,0,1
BRF:20
BRH:19
end_of_record
TN:
SF:src\GitHubAPI.ts
FN:8,<instance_members_initializer>
FN:12,GitHubAPI
FN:19,fetchData
FN:116,fetchIssues
FN:187,fetchContributors
FN:219,generateRepoUrl
FNF:6
FNH:6
FNDA:4,<instance_members_initializer>
FNDA:4,GitHubAPI
FNDA:2,fetchData
FNDA:2,fetchIssues
FNDA:2,fetchContributors
FNDA:1,generateRepoUrl
DA:1,1
DA:2,1
DA:3,1
DA:4,1
DA:8,1
DA:9,4
DA:10,4
DA:12,4
DA:13,4
DA:14,4
DA:15,4
DA:16,4
DA:17,4
DA:19,4
DA:20,2
DA:21,2
DA:22,2
DA:24,2
DA:25,2
DA:26,2
DA:29,2
DA:30,2
DA:31,2
DA:32,2
DA:33,2
DA:34,2
DA:35,2
DA:36,2
DA:38,2
DA:39,2
DA:40,2
DA:41,2
DA:42,2
DA:43,2
DA:44,2
DA:47,2
DA:48,2
DA:50,2
DA:51,2
DA:52,2
DA:53,2
DA:54,2
DA:55,2
DA:56,2
DA:58,2
DA:60,2
DA:61,2
DA:62,2
DA:63,2
DA:64,2
DA:65,2
DA:66,2
DA:68,1
DA:69,1
DA:70,1
DA:73,1
DA:74,2
DA:76,2
DA:77,1
DA:78,1
DA:80,1
DA:81,1
DA:82,1
DA:84,2
DA:85,2
DA:87,2
DA:88,2
DA:89,2
DA:90,2
DA:92,2
DA:93,2
DA:94,2
DA:95,2
DA:96,2
DA:97,2
DA:98,2
DA:99,2
DA:100,2
DA:101,2
DA:102,2
DA:103,2
DA:104,2
DA:105,2
DA:106,2
DA:107,2
DA:108,2
DA:109,2
DA:110,1
DA:111,1
DA:112,1
DA:113,2
DA:116,4
DA:117,2
DA:118,2
DA:119,2
DA:120,2
DA:121,2
DA:123,2
DA:124,2
DA:125,2
DA:127,2
DA:129,2
DA:130,3
DA:131,3
DA:132,3
DA:133,3
DA:134,3
DA:135,3
DA:136,3
DA:137,3
DA:138,3
DA:139,3
DA:140,3
DA:142,2
DA:143,2
DA:144,3
DA:145,1
DA:146,1
DA:147,1
DA:148,1
DA:149,1
DA:150,3
DA:151,1
DA:154,1
DA:155,1
DA:156,1
DA:157,2
DA:158,2
DA:159,2
DA:160,2
DA:161,2
DA:162,2
DA:163,2
DA:164,2
DA:165,2
DA:166,2
DA:167,2
DA:168,2
DA:170,2
DA:171,2
DA:172,2
DA:173,1
DA:174,1
DA:175,1
DA:176,1
DA:177,1
DA:178,2
DA:179,1
DA:182,1
DA:183,1
DA:184,2
DA:187,4
DA:188,2
DA:189,2
DA:190,2
DA:191,2
DA:193,2
DA:194,2
DA:195,3
DA:196,3
DA:197,3
DA:198,3
DA:199,3
DA:200,3
DA:201,3
DA:202,3
DA:203,3
DA:205,2
DA:206,2
DA:207,3
DA:208,1
DA:209,1
DA:210,1
DA:211,1
DA:212,1
DA:213,3
DA:214,1
DA:215,1
DA:216,1
DA:217,2
DA:219,4
DA:220,1
DA:222,1
DA:223,0
DA:224,0
DA:225,0
DA:227,1
DA:228,1
DA:229,1
DA:230,1
DA:231,4
LF:191
LH:188
BRDA:8,0,0,4
BRDA:12,1,0,4
BRDA:19,2,0,2
BRDA:66,3,0,1
BRDA:84,4,0,0
BRDA:109,5,0,1
BRDA:65,6,0,1
BRDA:73,7,0,2
BRDA:116,8,0,2
BRDA:129,9,0,3
BRDA:140,10,0,2
BRDA:144,11,0,1
BRDA:150,12,0,1
BRDA:172,13,0,1
BRDA:178,14,0,1
BRDA:187,15,0,2
BRDA:194,16,0,3
BRDA:203,17,0,2
BRDA:207,18,0,1
BRDA:213,19,0,1
BRDA:219,20,0,1
BRDA:222,21,0,0
BRF:22
BRH:20
end_of_record
TN:
SF:src\GitHubData.ts
FN:3,<instance_members_initializer>
FN:24,GitHubData
FN:58,printMyData
FNF:3
FNH:3
FNDA:18,<instance_members_initializer>
FNDA:18,GitHubData
FNDA:2,printMyData
DA:1,1
DA:2,1
DA:3,1
DA:6,18
DA:7,18
DA:8,18
DA:9,18
DA:10,18
DA:11,18
DA:12,18
DA:13,18
DA:14,18
DA:15,18
DA:16,18
DA:17,18
DA:18,18
DA:19,18
DA:20,18
DA:24,18
DA:25,18
DA:26,18
DA:27,18
DA:28,18
DA:29,18
DA:30,18
DA:31,18
DA:32,18
DA:33,18
DA:34,18
DA:35,18
DA:36,18
DA:37,18
DA:38,18
DA:39,18
DA:42,18
DA:43,18
DA:44,18
DA:45,18
DA:46,18
DA:47,18
DA:48,18
DA:49,18
DA:50,18
DA:51,18
DA:52,18
DA:53,18
DA:54,18
DA:55,18
DA:56,18
DA:57,18
DA:58,18
DA:59,2
DA:60,2
DA:61,2
DA:62,2
DA:63,2
DA:64,2
DA:65,2
DA:66,2
DA:67,2
DA:68,2
DA:69,2
DA:70,2
DA:71,2
DA:72,2
DA:73,2
DA:74,2
DA:75,2
DA:76,2
DA:77,2
DA:79,18
LF:71
LH:71
BRDA:3,0,0,18
BRDA:24,1,0,18
BRDA:58,2,0,2
BRDA:60,3,0,1
BRDA:60,4,0,1
BRDA:61,5,0,1
BRDA:61,6,0,1
BRDA:62,7,0,1
BRDA:63,8,0,1
BRDA:64,9,0,1
BRDA:65,10,0,1
BRDA:68,11,0,1
BRDA:69,12,0,1
BRDA:71,13,0,1
BRDA:72,14,0,1
BRDA:73,15,0,1
BRDA:73,16,0,1
BRDA:74,17,0,1
BRDA:74,18,0,1
BRDA:75,19,0,1
BRDA:76,20,0,1
BRF:21
BRH:21
end_of_record
TN:
SF:src\IssueInterface.ts
FN:1,(empty-report)
FNF:1
FNH:1
FNDA:1,(empty-report)
LF:0
LH:0
BRDA:1,0,0,1
BRF:1
BRH:1
end_of_record
TN:
SF:src\LicenseMetric.ts
FN:9,<instance_members_initializer>
FN:98,LicenseMetric
FN:103,calculateScore
FN:135,calculateLatency
FNF:4
FNH:4
FNDA:6,<instance_members_initializer>
FNDA:6,LicenseMetric
FNDA:6,calculateScore
FNDA:5,calculateLatency
DA:1,1
DA:2,1
DA:5,1
DA:7,1
DA:9,1
DA:10,6
DA:12,6
DA:13,6
DA:14,6
DA:15,6
DA:16,6
DA:17,6
DA:20,6
DA:21,6
DA:22,6
DA:23,6
DA:24,6
DA:25,6
DA:28,6
DA:29,6
DA:30,6
DA:33,6
DA:34,6
DA:35,6
DA:36,6
DA:37,6
DA:40,6
DA:41,6
DA:42,6
DA:43,6
DA:44,6
DA:47,6
DA:48,6
DA:49,6
DA:52,6
DA:53,6
DA:54,6
DA:57,6
DA:58,6
DA:59,6
DA:60,6
DA:63,6
DA:64,6
DA:65,6
DA:66,6
DA:68,6
DA:70,6
DA:71,6
DA:72,6
DA:75,6
DA:76,6
DA:77,6
DA:78,6
DA:79,6
DA:80,6
DA:81,6
DA:84,6
DA:85,6
DA:86,6
DA:87,6
DA:90,6
DA:91,6
DA:92,6
DA:93,6
DA:94,6
DA:95,6
DA:96,6
DA:98,6
DA:99,6
DA:100,6
DA:101,6
DA:103,6
DA:104,6
DA:106,6
DA:107,6
DA:111,6
DA:112,6
DA:113,3
DA:114,6
DA:115,2
DA:116,2
DA:117,2
DA:120,6
DA:121,4
DA:122,4
DA:123,4
DA:126,6
DA:127,1
DA:128,1
DA:129,1
DA:131,1
DA:132,1
DA:133,6
DA:135,6
DA:136,5
DA:137,5
DA:138,5
DA:139,5
DA:140,5
DA:142,5
DA:143,5
DA:144,5
DA:145,6
LF:103
LH:103
BRDA:9,0,0,6
BRDA:98,1,0,6
BRDA:103,2,0,6
BRDA:106,3,0,0
BRDA:112,4,0,3
BRDA:114,5,0,2
BRDA:115,6,0,0
BRDA:120,7,0,4
BRDA:123,8,0,2
BRDA:126,9,0,1
BRDA:135,10,0,5
BRF:11
BRH:9
end_of_record
TN:
SF:src\Metrics.ts
FN:4,<instance_members_initializer>
FN:11,Metrics
FN:18,calculateLatency
FN:25,calculateScore
FNF:4
FNH:2
FNDA:26,<instance_members_initializer>
FNDA:26,Metrics
FNDA:0,calculateLatency
FNDA:0,calculateScore
DA:4,1
DA:6,26
DA:7,26
DA:11,26
DA:13,26
DA:14,26
DA:16,26
DA:18,26
DA:19,0
DA:20,0
DA:21,0
DA:22,0
DA:25,26
DA:26,0
DA:27,0
DA:31,26
LF:16
LH:10
BRDA:4,0,0,26
BRDA:11,1,0,26
BRF:2
BRH:2
end_of_record
TN:
SF:src\NPMData.ts
FN:4,<instance_members_initializer>
FN:11,NPMData
FN:18,printMyData
FNF:3
FNH:3
FNDA:18,<instance_members_initializer>
FNDA:18,NPMData
FNDA:2,printMyData
DA:1,1
DA:2,1
DA:4,1
DA:6,18
DA:7,18
DA:8,18
DA:11,18
DA:13,18
DA:14,18
DA:15,18
DA:17,18
DA:18,18
DA:20,2
DA:22,2
DA:23,2
DA:24,2
DA:27,2
DA:30,18
LF:18
LH:18
BRDA:4,0,0,18
BRDA:11,1,0,18
BRDA:18,2,0,2
BRF:3
BRH:3
end_of_record
TN:
SF:src\NetScore.ts
FN:13,<instance_members_initializer>
FN:29,NetScore
FN:40,calculateScore
FN:73,getMetricResults
FN:84,calculateLatency
FNF:5
FNH:3
FNDA:1,<instance_members_initializer>
FNDA:1,NetScore
FNDA:1,calculateScore
FNDA:0,getMetricResults
FNDA:0,calculateLatency
DA:1,1
DA:2,1
DA:3,1
DA:4,1
DA:5,1
DA:6,1
DA:8,1
DA:9,1
DA:11,1
DA:13,1
DA:14,1
DA:15,1
DA:16,1
DA:17,1
DA:18,1
DA:21,1
DA:27,1
DA:29,1
DA:30,1
DA:31,1
DA:32,1
DA:33,1
DA:34,1
DA:35,1
DA:36,1
DA:37,1
DA:40,1
DA:41,1
DA:43,1
DA:44,1
DA:45,1
DA:46,1
DA:47,1
DA:48,1
DA:49,1
DA:51,1
DA:52,1
DA:53,1
DA:54,1
DA:55,1
DA:56,1
DA:59,1
DA:62,1
DA:63,1
DA:64,1
DA:65,1
DA:66,1
DA:67,1
DA:69,1
DA:70,1
DA:71,1
DA:73,1
DA:79,0
DA:80,0
DA:81,0
DA:82,0
DA:84,1
DA:85,0
DA:86,0
DA:87,0
DA:88,0
DA:89,0
DA:90,0
DA:91,0
DA:92,0
DA:93,1
LF:66
LH:54
BRDA:13,0,0,1
BRDA:29,1,0,1
BRDA:40,2,0,1
BRF:3
BRH:3
end_of_record
TN:
SF:src\NpmAPI.ts
FN:4,<instance_members_initializer>
FN:7,NpmAPI
FN:13,fetchData
FNF:3
FNH:3
FNDA:4,<instance_members_initializer>
FNDA:4,NpmAPI
FNDA:2,fetchData
DA:1,1
DA:2,1
DA:4,1
DA:5,4
DA:7,4
DA:8,4
DA:9,4
DA:10,4
DA:11,4
DA:13,4
DA:14,2
DA:15,2
DA:17,2
DA:18,2
DA:19,2
DA:21,2
DA:22,2
DA:24,2
DA:25,2
DA:26,2
DA:28,2
DA:29,2
DA:30,2
DA:32,2
DA:33,2
DA:34,2
DA:35,2
DA:37,2
DA:38,2
DA:39,0
DA:40,0
DA:41,0
DA:42,2
DA:43,1
DA:44,1
DA:45,1
DA:47,2
DA:48,1
DA:49,1
DA:50,1
DA:51,2
DA:52,4
LF:42
LH:39
BRDA:4,0,0,4
BRDA:7,1,0,4
BRDA:13,2,0,2
BRDA:32,3,0,1
BRDA:33,4,0,1
BRDA:34,5,0,1
BRDA:38,6,0,0
BRDA:38,7,0,0
BRDA:42,8,0,1
BRDA:47,9,0,1
BRF:10
BRH:8
end_of_record
TN:
SF:src\ProcessTestResult.ts
FN:1,(empty-report)
FNF:1
FNH:0
FNDA:0,(empty-report)
DA:1,0
DA:4,0
DA:5,0
DA:8,0
DA:9,0
DA:12,0
DA:15,0
DA:18,0
DA:19,0
DA:20,0
DA:21,0
DA:22,0
LF:12
LH:0
BRDA:1,0,0,0
BRF:1
BRH:0
end_of_record
TN:
SF:src\RampUpMetric.ts
FN:9,RampUpMetric
FN:13,calculateScore
FN:42,calculateLatency
FN:55,calculateForksStarsPercentage
FN:74,calculateReadmeDescription
FN:88,calculateSizeProportion
FN:95,continuousScore
FN:100,calculateOpentoClosedIssueRatio
FN:116,calculateContributors
FN:132,contributorScalingNormalized
FNF:10
FNH:10
FNDA:3,RampUpMetric
FNDA:4,calculateScore
FNDA:2,calculateLatency
FNDA:5,calculateForksStarsPercentage
FNDA:5,calculateReadmeDescription
FNDA:5,calculateSizeProportion
FNDA:5,continuousScore
FNDA:4,calculateOpentoClosedIssueRatio
FNDA:5,calculateContributors
FNDA:5,contributorScalingNormalized
DA:1,1
DA:4,1
DA:6,1
DA:8,1
DA:9,1
DA:10,3
DA:11,3
DA:13,1
DA:14,4
DA:16,4
DA:17,4
DA:19,4
DA:20,4
DA:22,4
DA:23,4
DA:25,4
DA:26,4
DA:28,4
DA:29,4
DA:31,4
DA:32,4
DA:33,4
DA:34,4
DA:35,4
DA:37,4
DA:39,4
DA:40,4
DA:42,1
DA:43,2
DA:45,2
DA:46,2
DA:47,2
DA:49,2
DA:50,2
DA:52,2
DA:53,2
DA:55,1
DA:56,5
DA:57,5
DA:58,5
DA:61,5
DA:63,5
DA:64,5
DA:65,0
DA:66,5
DA:67,5
DA:68,5
DA:70,5
DA:71,5
DA:72,5
DA:74,1
DA:75,5
DA:76,5
DA:78,5
DA:80,5
DA:81,5
DA:82,5
DA:83,0
DA:84,0
DA:85,0
DA:86,5
DA:88,1
DA:89,5
DA:90,5
DA:92,5
DA:93,5
DA:95,1
DA:97,5
DA:98,5
DA:100,1
DA:101,4
DA:102,4
DA:104,4
DA:106,4
DA:107,2
DA:108,2
DA:110,2
DA:111,2
DA:113,2
DA:114,4
DA:116,1
DA:117,5
DA:118,5
DA:121,5
DA:123,5
DA:126,5
DA:127,5
DA:129,5
DA:130,5
DA:132,1
DA:134,5
DA:135,5
DA:136,1
LF:93
LH:89
BRDA:9,0,0,3
BRDA:13,1,0,4
BRDA:42,2,0,2
BRDA:55,3,0,5
BRDA:56,4,0,0
BRDA:57,5,0,0
BRDA:64,6,0,0
BRDA:74,7,0,5
BRDA:82,8,0,0
BRDA:88,9,0,5
BRDA:89,10,0,0
BRDA:95,11,0,5
BRDA:100,12,0,4
BRDA:101,13,0,2
BRDA:101,14,0,2
BRDA:102,15,0,2
BRDA:102,16,0,2
BRDA:106,17,0,2
BRDA:116,18,0,5
BRDA:117,19,0,2
BRDA:117,20,0,3
BRDA:118,21,0,0
BRDA:132,22,0,5
BRF:23
BRH:17
end_of_record
TN:
SF:src\ResponsivenessMetric.ts
FN:9,<instance_members_initializer>
FN:12,ResponsivenessMetric
FN:17,calculateScore
FN:51,calculateLatency
FNF:4
FNH:4
FNDA:6,<instance_members_initializer>
FNDA:6,ResponsivenessMetric
FNDA:6,calculateScore
FNDA:2,calculateLatency
DA:1,1
DA:5,1
DA:7,1
DA:9,1
DA:10,6
DA:12,6
DA:13,6
DA:14,6
DA:15,6
DA:17,6
DA:18,6
DA:19,6
DA:21,6
DA:22,1
DA:23,1
DA:24,1
DA:26,5
DA:27,6
DA:28,6
DA:30,6
DA:31,1
DA:32,1
DA:33,6
DA:34,3
DA:35,3
DA:36,3
DA:37,1
DA:38,1
DA:39,1
DA:41,6
DA:42,3
DA:43,3
DA:44,3
DA:46,2
DA:47,2
DA:48,2
DA:49,6
DA:51,6
DA:52,2
DA:53,2
DA:55,2
DA:56,2
DA:58,2
DA:59,2
DA:61,2
DA:62,2
DA:63,6
LF:47
LH:47
BRDA:9,0,0,6
BRDA:12,1,0,6
BRDA:17,2,0,6
BRDA:18,3,0,0
BRDA:21,4,0,1
BRDA:24,5,0,5
BRDA:27,6,0,0
BRDA:30,7,0,1
BRDA:33,8,0,4
BRDA:33,9,0,3
BRDA:36,10,0,1
BRDA:39,11,0,5
BRDA:41,12,0,3
BRDA:44,13,0,2
BRDA:51,14,0,2
BRF:15
BRH:13
end_of_record
TN:
SF:src\index.ts
FN:1,(empty-report)
FNF:1
FNH:0
FNDA:0,(empty-report)
DA:1,0
DA:2,0
DA:4,0
DA:5,0
DA:6,0
DA:7,0
DA:9,0
DA:10,0
DA:12,0
DA:13,0
DA:14,0
DA:15,0
DA:16,0
DA:17,0
DA:19,0
DA:20,0
DA:21,0
DA:22,0
DA:23,0
DA:24,0
DA:26,0
DA:28,0
DA:29,0
DA:30,0
DA:31,0
DA:32,0
DA:33,0
DA:35,0
DA:36,0
LF:29
LH:0
BRDA:1,0,0,0
BRF:1
BRH:0
end_of_record
TN:
SF:src\logger.ts
FN:7,<instance_members_initializer>
FN:11,Logger
FN:17,getLogLevel
FN:23,ensureLogFileExists
FN:33,formatMessage
FN:38,log
FN:46,getLevelString
FNF:7
FNH:7
FNDA:23,<instance_members_initializer>
FNDA:23,Logger
FNDA:23,getLogLevel
FNDA:23,ensureLogFileExists
FNDA:287,formatMessage
FNDA:287,log
FNDA:287,getLevelString
DA:1,1
DA:2,1
DA:3,1
DA:5,1
DA:7,1
DA:8,23
DA:9,23
DA:11,23
DA:12,23
DA:13,23
DA:14,23
DA:15,23
DA:17,23
DA:18,23
DA:20,23
DA:21,23
DA:23,23
DA:24,23
DA:25,23
DA:26,0
DA:27,0
DA:28,23
DA:29,0
DA:30,0
DA:31,23
DA:33,23
DA:34,287
DA:35,287
DA:36,287
DA:38,23
DA:39,287
DA:40,287
DA:41,287
DA:42,287
DA:43,287
DA:44,287
DA:46,23
DA:47,287
DA:48,287
DA:49,141
DA:50,287
DA:51,146
DA:52,287
DA:53,0
DA:54,287
DA:55,287
DA:56,23
LF:47
LH:42
BRDA:7,0,0,23
BRDA:11,1,0,23
BRDA:17,2,0,23
BRDA:23,3,0,23
BRDA:25,4,0,0
BRDA:28,5,0,0
BRDA:33,6,0,287
BRDA:38,7,0,287
BRDA:46,8,0,287
BRDA:48,9,0,141
BRDA:50,10,0,146
BRDA:52,11,0,0
BRF:12
BRH:9
end_of_record
